<?xml version="1.0" encoding="UTF-8"?>
<testsuites name="Product Order" time="366.501" tests="6" failures="1" errors="0">
   <testsuite name="Product Order" tests="6" failures="1" errors="0" time="366.501" skipped="0" timestamp="2026-03-06T09:58:40.672Z" hostname="x1 carbon - DESKTOP-72PBSPN" id="Test Suites/Product Order">
      <properties>
         <property name="deviceName" value=""/>
         <property name="devicePlatform"/>
         <property name="logFolder" value="D:\\VocaGame\\VocaGame\\Reports\\20260306_165831\\Product Order\\20260306_165831"/>
         <property name="logFiles" value="D:\\VocaGame\\VocaGame\\Reports\\20260306_165831\\Product Order\\20260306_165831\\console0.log, D:\\VocaGame\\VocaGame\\Reports\\20260306_165831\\Product Order\\20260306_165831\\execution0.log"/>
         <property name="attachments" value="D:\\VocaGame\\VocaGame\\Reports\\20260306_165831\\Product Order\\20260306_165831\\1772791486767.png"/>
         <property name="executionBindingVariables" value="[]"/>
         <property name="hostName" value="x1 carbon - DESKTOP-72PBSPN"/>
         <property name="os" value="Windows 11 64bit"/>
         <property name="katalonVersion" value="11.0.1.0"/>
         <property name="browser" value="Edge Chromium 145.0.3800.82"/>
         <property name="userFullName" value="Devanz"/>
         <property name="hostAddress" value="172.16.100.143"/>
         <property name="sessionId" value="df1ef4ac992262a35a2253d747150b25"/>
         <property name="projectName" value="VocaGame"/>
         <property name="seleniumVersion" value="4.39.0"/>
         <property name="proxyInformation" value="ProxyInformation { proxyOption=NO_PROXY, proxyServerType=HTTP, username=, password=********, proxyServerAddress=, proxyServerPort=0, executionList=&quot;&quot;, isApplyToDesiredCapabilities=true }"/>
         <property name="platform" value="Windows 11"/>
      </properties>
      <testcase name="Test Cases/Product Order/TC_PO_01" time="88.154" classname="Test Cases/Product Order/TC_PO_01" status="PASSED">
         <system-out><![CDATA[06-03-2026T16:58:41 - [TEST_CASE][PASSED] - Test Cases/Product Order/TC_PO_01: Test Cases/Product Order/TC_PO_01

06-03-2026T16:58:42 - [TEST_STEP][PASSED] - callTestCase(findTestCase("Login/TC_LOG_01"), [:], STOP_ON_FAILURE): Call Test Case 'Test Cases/Login/TC_LOG_01' successfully

06-03-2026T16:58:42 - [TEST_CASE][PASSED] - Test Cases/Login/TC_LOG_01: Test Cases/Login/TC_LOG_01

06-03-2026T16:58:42 - [TEST_STEP][PASSED] - openBrowser(url): Browser is opened with url: 'https://vocagame.com/'

06-03-2026T16:58:43 - [MESSAGE][INFO] - Starting 'Edge Chromium' driver

06-03-2026T16:58:43 - [MESSAGE][INFO] - Action delay is set to 0 milliseconds

06-03-2026T16:58:47 - [MESSAGE][PASSED] - Browser is opened with url: 'https://vocagame.com/'

06-03-2026T16:58:47 - [TEST_STEP][PASSED] - maximizeWindow(): Current window maximized

06-03-2026T16:58:48 - [MESSAGE][PASSED] - Current window maximized

06-03-2026T16:58:48 - [TEST_STEP][PASSED] - delay(3): Delayed 3 second(s)

06-03-2026T16:58:51 - [MESSAGE][PASSED] - Delayed 3 second(s)

06-03-2026T16:58:51 - [TEST_STEP][PASSED] - click(findTestObject("Register/button_Masuk")): Object: 'Object Repository/Register/button_Masuk' is clicked on

06-03-2026T16:58:52 - [MESSAGE][PASSED] - Object: 'Object Repository/Register/button_Masuk' is clicked on

06-03-2026T16:58:52 - [TEST_STEP][PASSED] - setText(findTestObject("Login/input_Nomor HP atau email"), "very.earthworm.sgnq@hidingmail.com"): Text 'very.earthworm.sgnq@hidingmail.com' is set on object 'Object Repository/Login/input_Nomor HP atau email'

06-03-2026T16:58:55 - [MESSAGE][PASSED] - Text 'very.earthworm.sgnq@hidingmail.com' is set on object 'Object Repository/Login/input_Nomor HP atau email'

06-03-2026T16:58:55 - [TEST_STEP][PASSED] - click(findTestObject("Login/button_Masuk Akun")): Object: 'Object Repository/Login/button_Masuk Akun' is clicked on

06-03-2026T16:58:55 - [MESSAGE][PASSED] - Object: 'Object Repository/Login/button_Masuk Akun' is clicked on

06-03-2026T16:58:55 - [TEST_STEP][PASSED] - setText(findTestObject("Login/input_Show password"), password): Text 'Password@1' is set on object 'Object Repository/Login/input_Show password'

06-03-2026T16:58:56 - [MESSAGE][PASSED] - Text 'Password@1' is set on object 'Object Repository/Login/input_Show password'

06-03-2026T16:58:56 - [TEST_STEP][PASSED] - delay(5): Delayed 5 second(s)

06-03-2026T16:59:01 - [MESSAGE][PASSED] - Delayed 5 second(s)

06-03-2026T16:59:01 - [TEST_STEP][PASSED] - click(findTestObject("Login/button_Masuk Akun")): Object: 'Object Repository/Login/button_Masuk Akun' is clicked on

06-03-2026T16:59:02 - [MESSAGE][PASSED] - Object: 'Object Repository/Login/button_Masuk Akun' is clicked on

06-03-2026T16:59:02 - [TEST_STEP][WARNING] - if (verifyElementClickable(findTestObject("Login/button_Masuk Akun"), OPTIONAL)): Web element with id: 'Object Repository/Login/button_Masuk Akun' located by 'By.xpath: //button[@type='submit']' not found (Root cause: com.kms.katalon.core.exception.StepFailedException: Web element with id: 'Object Repository/Login/button_Masuk Akun' located by 'By.xpath: //button[@type='submit']' not found
	at com.kms.katalon.core.webui.keyword.internal.WebUIKeywordMain.stepFailed(WebUIKeywordMain.groovy:177)
	at com.kms.katalon.core.webui.keyword.builtin.VerifyElementClickableKeyword$_verifyElementClickable_closure1.doCall(VerifyElementClickableKeyword.groovy:69)
	at java.base/jdk.internal.reflect.DirectMethodHandleAccessor.invoke(DirectMethodHandleAccessor.java:103)
	at jdk.proxy2/jdk.proxy2.$Proxy55.execute(Unknown Source)
	at com.kms.katalon.core.webui.model.SeleniumActionRetryController.performAction(SeleniumActionRetryController.java:96)
	at com.kms.katalon.core.webui.model.SeleniumActionRetryController.performAction(SeleniumActionRetryController.java:83)
	at com.kms.katalon.core.webui.keyword.internal.WebUIKeywordMain$_runKeywordUntilTimeout_closure1.doCall(WebUIKeywordMain.groovy:135)
	at com.kms.katalon.core.webui.keyword.internal.WebUIKeywordMain$_runKeywordUntilTimeout_closure1.call(WebUIKeywordMain.groovy)
	at com.kms.katalon.core.webui.keyword.internal.WebUIKeywordMain.runKeyword(WebUIKeywordMain.groovy:41)
	at com.kms.katalon.core.webui.keyword.internal.WebUIKeywordMain.runKeywordUntilTimeout(WebUIKeywordMain.groovy:133)
	at com.kms.katalon.core.webui.keyword.builtin.VerifyElementClickableKeyword.verifyElementClickable(VerifyElementClickableKeyword.groovy:77)
	at com.kms.katalon.core.webui.keyword.builtin.VerifyElementClickableKeyword.execute(VerifyElementClickableKeyword.groovy:40)
	at com.kms.katalon.core.keyword.internal.KeywordExecutor.executeKeywordForPlatform(KeywordExecutor.groovy:95)
	at com.kms.katalon.core.webui.keyword.WebUiBuiltInKeywords.verifyElementClickable(WebUiBuiltInKeywords.groovy:628)
	at TC_LOG_01.run(TC_LOG_01:38)
	at com.kms.katalon.core.main.ScriptEngine.run(ScriptEngine.java:194)
	at com.kms.katalon.core.main.ScriptEngine.runScriptAsRawText(ScriptEngine.java:119)
	at com.kms.katalon.core.main.TestCaseExecutor.runScript(TestCaseExecutor.java:502)
	at com.kms.katalon.core.main.TestCaseExecutor.doExecute(TestCaseExecutor.java:493)
	at com.kms.katalon.core.main.TestCaseExecutor.processExecutionPhase(TestCaseExecutor.java:472)
	at com.kms.katalon.core.main.TestCaseExecutor.accessMainPhase(TestCaseExecutor.java:464)
	at com.kms.katalon.core.main.TestCaseExecutor.execute(TestCaseExecutor.java:334)
	at com.kms.katalon.core.main.TestCaseMain.runTestCase(TestCaseMain.java:151)
	at com.kms.katalon.core.keyword.builtin.CallTestCaseKeyword$_callTestCase_closure1.doCall(CallTestCaseKeyword.groovy:59)
	at com.kms.katalon.core.keyword.builtin.CallTestCaseKeyword$_callTestCase_closure1.call(CallTestCaseKeyword.groovy)
	at com.kms.katalon.core.keyword.internal.KeywordMain.runKeyword(KeywordMain.groovy:75)
	at com.kms.katalon.core.keyword.builtin.CallTestCaseKeyword.callTestCase(CallTestCaseKeyword.groovy:81)
	at com.kms.katalon.core.keyword.builtin.CallTestCaseKeyword.execute(CallTestCaseKeyword.groovy:44)
	at com.kms.katalon.core.keyword.internal.KeywordExecutor.executeKeywordForPlatform(KeywordExecutor.groovy:95)
	at com.kms.katalon.core.keyword.BuiltinKeywords.callTestCase(BuiltinKeywords.groovy:294)
	at java.base/jdk.internal.reflect.DirectMethodHandleAccessor.invoke(DirectMethodHandleAccessor.java:103)
	at TC_PO_01.run(TC_PO_01:21)
	at com.kms.katalon.core.main.ScriptEngine.run(ScriptEngine.java:194)
	at com.kms.katalon.core.main.ScriptEngine.runScriptAsRawText(ScriptEngine.java:119)
	at com.kms.katalon.core.main.TestCaseExecutor.runScript(TestCaseExecutor.java:502)
	at com.kms.katalon.core.main.TestCaseExecutor.doExecute(TestCaseExecutor.java:493)
	at com.kms.katalon.core.main.TestCaseExecutor.processExecutionPhase(TestCaseExecutor.java:472)
	at com.kms.katalon.core.main.TestCaseExecutor.accessMainPhase(TestCaseExecutor.java:464)
	at com.kms.katalon.core.main.TestCaseExecutor.execute(TestCaseExecutor.java:334)
	at com.kms.katalon.core.common.CommonExecutor.accessTestCaseMainPhase(CommonExecutor.java:71)
	at com.kms.katalon.core.main.TestSuiteExecutor.accessTestSuiteMainPhase(TestSuiteExecutor.java:163)
	at com.kms.katalon.core.main.TestSuiteExecutor.execute(TestSuiteExecutor.java:120)
	at com.kms.katalon.core.main.TestCaseMain.startTestSuite(TestCaseMain.java:205)
	at S0.run(S0.groovy:40)
	at java.base/jdk.internal.reflect.DirectMethodHandleAccessor.invoke(DirectMethodHandleAccessor.java:103)
)

06-03-2026T16:59:12 - [MESSAGE][WARNING] - Web element with id: 'Object Repository/Login/button_Masuk Akun' located by 'By.xpath: //button[@type='submit']' not found (Root cause: com.kms.katalon.core.exception.StepFailedException: Web element with id: 'Object Repository/Login/button_Masuk Akun' located by 'By.xpath: //button[@type='submit']' not found
	at com.kms.katalon.core.webui.keyword.internal.WebUIKeywordMain.stepFailed(WebUIKeywordMain.groovy:177)
	at com.kms.katalon.core.webui.keyword.builtin.VerifyElementClickableKeyword$_verifyElementClickable_closure1.doCall(VerifyElementClickableKeyword.groovy:69)
	at java.base/jdk.internal.reflect.DirectMethodHandleAccessor.invoke(DirectMethodHandleAccessor.java:103)
	at jdk.proxy2/jdk.proxy2.$Proxy55.execute(Unknown Source)
	at com.kms.katalon.core.webui.model.SeleniumActionRetryController.performAction(SeleniumActionRetryController.java:96)
	at com.kms.katalon.core.webui.model.SeleniumActionRetryController.performAction(SeleniumActionRetryController.java:83)
	at com.kms.katalon.core.webui.keyword.internal.WebUIKeywordMain$_runKeywordUntilTimeout_closure1.doCall(WebUIKeywordMain.groovy:135)
	at com.kms.katalon.core.webui.keyword.internal.WebUIKeywordMain$_runKeywordUntilTimeout_closure1.call(WebUIKeywordMain.groovy)
	at com.kms.katalon.core.webui.keyword.internal.WebUIKeywordMain.runKeyword(WebUIKeywordMain.groovy:41)
	at com.kms.katalon.core.webui.keyword.internal.WebUIKeywordMain.runKeywordUntilTimeout(WebUIKeywordMain.groovy:133)
	at com.kms.katalon.core.webui.keyword.builtin.VerifyElementClickableKeyword.verifyElementClickable(VerifyElementClickableKeyword.groovy:77)
	at com.kms.katalon.core.webui.keyword.builtin.VerifyElementClickableKeyword.execute(VerifyElementClickableKeyword.groovy:40)
	at com.kms.katalon.core.keyword.internal.KeywordExecutor.executeKeywordForPlatform(KeywordExecutor.groovy:95)
	at com.kms.katalon.core.webui.keyword.WebUiBuiltInKeywords.verifyElementClickable(WebUiBuiltInKeywords.groovy:628)
	at TC_LOG_01.run(TC_LOG_01:38)
	at com.kms.katalon.core.main.ScriptEngine.run(ScriptEngine.java:194)
	at com.kms.katalon.core.main.ScriptEngine.runScriptAsRawText(ScriptEngine.java:119)
	at com.kms.katalon.core.main.TestCaseExecutor.runScript(TestCaseExecutor.java:502)
	at com.kms.katalon.core.main.TestCaseExecutor.doExecute(TestCaseExecutor.java:493)
	at com.kms.katalon.core.main.TestCaseExecutor.processExecutionPhase(TestCaseExecutor.java:472)
	at com.kms.katalon.core.main.TestCaseExecutor.accessMainPhase(TestCaseExecutor.java:464)
	at com.kms.katalon.core.main.TestCaseExecutor.execute(TestCaseExecutor.java:334)
	at com.kms.katalon.core.main.TestCaseMain.runTestCase(TestCaseMain.java:151)
	at com.kms.katalon.core.keyword.builtin.CallTestCaseKeyword$_callTestCase_closure1.doCall(CallTestCaseKeyword.groovy:59)
	at com.kms.katalon.core.keyword.builtin.CallTestCaseKeyword$_callTestCase_closure1.call(CallTestCaseKeyword.groovy)
	at com.kms.katalon.core.keyword.internal.KeywordMain.runKeyword(KeywordMain.groovy:75)
	at com.kms.katalon.core.keyword.builtin.CallTestCaseKeyword.callTestCase(CallTestCaseKeyword.groovy:81)
	at com.kms.katalon.core.keyword.builtin.CallTestCaseKeyword.execute(CallTestCaseKeyword.groovy:44)
	at com.kms.katalon.core.keyword.internal.KeywordExecutor.executeKeywordForPlatform(KeywordExecutor.groovy:95)
	at com.kms.katalon.core.keyword.BuiltinKeywords.callTestCase(BuiltinKeywords.groovy:294)
	at java.base/jdk.internal.reflect.DirectMethodHandleAccessor.invoke(DirectMethodHandleAccessor.java:103)
	at TC_PO_01.run(TC_PO_01:21)
	at com.kms.katalon.core.main.ScriptEngine.run(ScriptEngine.java:194)
	at com.kms.katalon.core.main.ScriptEngine.runScriptAsRawText(ScriptEngine.java:119)
	at com.kms.katalon.core.main.TestCaseExecutor.runScript(TestCaseExecutor.java:502)
	at com.kms.katalon.core.main.TestCaseExecutor.doExecute(TestCaseExecutor.java:493)
	at com.kms.katalon.core.main.TestCaseExecutor.processExecutionPhase(TestCaseExecutor.java:472)
	at com.kms.katalon.core.main.TestCaseExecutor.accessMainPhase(TestCaseExecutor.java:464)
	at com.kms.katalon.core.main.TestCaseExecutor.execute(TestCaseExecutor.java:334)
	at com.kms.katalon.core.common.CommonExecutor.accessTestCaseMainPhase(CommonExecutor.java:71)
	at com.kms.katalon.core.main.TestSuiteExecutor.accessTestSuiteMainPhase(TestSuiteExecutor.java:163)
	at com.kms.katalon.core.main.TestSuiteExecutor.execute(TestSuiteExecutor.java:120)
	at com.kms.katalon.core.main.TestCaseMain.startTestSuite(TestCaseMain.java:205)
	at S0.run(S0.groovy:40)
	at java.base/jdk.internal.reflect.DirectMethodHandleAccessor.invoke(DirectMethodHandleAccessor.java:103)
)

06-03-2026T16:59:12 - [TEST_STEP][PASSED] - delay(3): Delayed 3 second(s)

06-03-2026T16:59:15 - [MESSAGE][PASSED] - Delayed 3 second(s)

06-03-2026T16:59:15 - [MESSAGE][PASSED] - Call Test Case 'Test Cases/Login/TC_LOG_01' successfully

06-03-2026T16:59:15 - [TEST_STEP][PASSED] - setText(findTestObject("Product Order/input_Indonesia_cy-search-product"), "Mobile Legend"): Text 'Mobile Legend' is set on object 'Object Repository/Product Order/input_Indonesia_cy-search-product'

06-03-2026T16:59:16 - [MESSAGE][PASSED] - Text 'Mobile Legend' is set on object 'Object Repository/Product Order/input_Indonesia_cy-search-product'

06-03-2026T16:59:16 - [TEST_STEP][PASSED] - delay(5): Delayed 5 second(s)

06-03-2026T16:59:21 - [MESSAGE][PASSED] - Delayed 5 second(s)

06-03-2026T16:59:21 - [TEST_STEP][PASSED] - click(findTestObject("Product Order/img_Indonesia_h-12 w-12 rounded-lg object-cover object-top")): Object: 'Object Repository/Product Order/img_Indonesia_h-12 w-12 rounded-lg object-cover object-top' is clicked on

06-03-2026T16:59:22 - [MESSAGE][PASSED] - Object: 'Object Repository/Product Order/img_Indonesia_h-12 w-12 rounded-lg object-cover object-top' is clicked on

06-03-2026T16:59:22 - [TEST_STEP][PASSED] - delay(1): Delayed 1 second(s)

06-03-2026T16:59:23 - [MESSAGE][PASSED] - Delayed 1 second(s)

06-03-2026T16:59:23 - [TEST_STEP][PASSED] - scrollToElement(findTestObject("Product Order/input__User ID"), 5): Scroll to object 'Object Repository/Product Order/input__User ID' successfully

06-03-2026T16:59:26 - [MESSAGE][PASSED] - Scroll to object 'Object Repository/Product Order/input__User ID' successfully

06-03-2026T16:59:26 - [TEST_STEP][PASSED] - setText(findTestObject("Product Order/input__User ID"), user_id): Text '74907682' is set on object 'Object Repository/Product Order/input__User ID'

06-03-2026T16:59:36 - [MESSAGE][WARNING] - Waiting for element timed out

06-03-2026T16:59:37 - [MESSAGE][WARNING] - Waiting for element timed out

06-03-2026T16:59:37 - [MESSAGE][PASSED] - Text '74907682' is set on object 'Object Repository/Product Order/input__User ID'

06-03-2026T16:59:37 - [TEST_STEP][PASSED] - setText(findTestObject("Product Order/input__Zone ID"), zone_id): Text '2136' is set on object 'Object Repository/Product Order/input__Zone ID'

06-03-2026T16:59:47 - [MESSAGE][WARNING] - Waiting for element timed out

06-03-2026T16:59:48 - [MESSAGE][WARNING] - Waiting for element timed out

06-03-2026T16:59:48 - [MESSAGE][PASSED] - Text '2136' is set on object 'Object Repository/Product Order/input__Zone ID'

06-03-2026T16:59:48 - [TEST_STEP][PASSED] - delay(3): Delayed 3 second(s)

06-03-2026T16:59:51 - [MESSAGE][PASSED] - Delayed 3 second(s)

06-03-2026T16:59:51 - [TEST_STEP][PASSED] - scrollToElement(findTestObject("Product Order/input__Email"), 5): Scroll to object 'Object Repository/Product Order/input__Email' successfully

06-03-2026T16:59:51 - [MESSAGE][PASSED] - Scroll to object 'Object Repository/Product Order/input__Email' successfully

06-03-2026T16:59:51 - [TEST_STEP][PASSED] - setText(findTestObject("Product Order/input__Email"), valid_email): Text 'deyantraa@gmail.com' is set on object 'Object Repository/Product Order/input__Email'

06-03-2026T16:59:53 - [MESSAGE][PASSED] - Text 'deyantraa@gmail.com' is set on object 'Object Repository/Product Order/input__Email'

06-03-2026T16:59:53 - [TEST_STEP][PASSED] - click(findTestObject("Product Order/button_Weekly Diamond Pass")): Object: 'Object Repository/Product Order/button_Weekly Diamond Pass' is clicked on

06-03-2026T16:59:53 - [MESSAGE][PASSED] - Object: 'Object Repository/Product Order/button_Weekly Diamond Pass' is clicked on

06-03-2026T16:59:53 - [TEST_STEP][PASSED] - delay(3): Delayed 3 second(s)

06-03-2026T16:59:56 - [MESSAGE][PASSED] - Delayed 3 second(s)

06-03-2026T16:59:56 - [TEST_STEP][PASSED] - click(findTestObject("Product Order/button_Rp 27,819")): Object: 'Object Repository/Product Order/button_Rp 27,819' is clicked on

06-03-2026T16:59:57 - [MESSAGE][PASSED] - Object: 'Object Repository/Product Order/button_Rp 27,819' is clicked on

06-03-2026T16:59:57 - [TEST_STEP][PASSED] - delay(2): Delayed 2 second(s)

06-03-2026T16:59:59 - [MESSAGE][PASSED] - Delayed 2 second(s)

06-03-2026T16:59:59 - [TEST_STEP][PASSED] - click(findTestObject("Product Order/svg_Buy_lucide lucide-chevron-down h-4 w-4 shrink-0 transition-transform duration-200")): Object: 'Object Repository/Product Order/svg_Buy_lucide lucide-chevron-down h-4 w-4 shrink-0 transition-transform duration-200' is clicked on

06-03-2026T17:00:00 - [MESSAGE][PASSED] - Object: 'Object Repository/Product Order/svg_Buy_lucide lucide-chevron-down h-4 w-4 shrink-0 transition-transform duration-200' is clicked on

06-03-2026T17:00:00 - [TEST_STEP][PASSED] - click(findTestObject("Product Order/p_QRIS")): Object: 'Object Repository/Product Order/p_QRIS' is clicked on

06-03-2026T17:00:01 - [MESSAGE][PASSED] - Object: 'Object Repository/Product Order/p_QRIS' is clicked on

06-03-2026T17:00:01 - [TEST_STEP][PASSED] - delay(3): Delayed 3 second(s)

06-03-2026T17:00:04 - [MESSAGE][PASSED] - Delayed 3 second(s)

06-03-2026T17:00:04 - [TEST_STEP][PASSED] - buyButton = findTestObject("Object Repository/Product Order/button_Buy"): null

06-03-2026T17:00:04 - [TEST_STEP][PASSED] - executeJavaScript("arguments[0].click();", Arrays.asList(findWebElement(buyButton))): Execute JavaScript 'arguments[0].click();' successfully

06-03-2026T17:00:04 - [MESSAGE][PASSED] - Found web element by test object Object Repository/Product Order/button_Buy

06-03-2026T17:00:04 - [MESSAGE][PASSED] - Execute JavaScript 'arguments[0].click();' successfully

06-03-2026T17:00:04 - [TEST_STEP][PASSED] - delay(3): Delayed 3 second(s)

06-03-2026T17:00:07 - [MESSAGE][PASSED] - Delayed 3 second(s)

06-03-2026T17:00:07 - [TEST_STEP][PASSED] - verifyElementVisible(findTestObject("Product Order/span_nomor pesanan")): Object 'Object Repository/Product Order/span_nomor pesanan' is visible

06-03-2026T17:00:08 - [MESSAGE][PASSED] - Object 'Object Repository/Product Order/span_nomor pesanan' is visible

06-03-2026T17:00:08 - [TEST_STEP][PASSED] - delay(1): Delayed 1 second(s)

06-03-2026T17:00:09 - [MESSAGE][PASSED] - Delayed 1 second(s)]]></system-out>
         <system-err><![CDATA[]]></system-err>
      </testcase>
      <testcase name="Test Cases/Product Order/TC_PO_02" time="62.32" classname="Test Cases/Product Order/TC_PO_02" status="PASSED">
         <system-out><![CDATA[06-03-2026T17:00:09 - [TEST_CASE][PASSED] - Test Cases/Product Order/TC_PO_02: Test Cases/Product Order/TC_PO_02

06-03-2026T17:00:09 - [TEST_STEP][PASSED] - callTestCase(findTestCase("Login/TC_LOG_01"), [:], STOP_ON_FAILURE): Call Test Case 'Test Cases/Login/TC_LOG_01' successfully

06-03-2026T17:00:09 - [TEST_CASE][PASSED] - Test Cases/Login/TC_LOG_01: Test Cases/Login/TC_LOG_01

06-03-2026T17:00:09 - [TEST_STEP][PASSED] - openBrowser(url): Browser is opened with url: 'https://vocagame.com/'

06-03-2026T17:00:09 - [MESSAGE][WARNING] - A browser is already opened. Closing browser and opening a new one

06-03-2026T17:00:10 - [MESSAGE][INFO] - Starting 'Edge Chromium' driver

06-03-2026T17:00:10 - [MESSAGE][INFO] - Action delay is set to 0 milliseconds

06-03-2026T17:00:12 - [MESSAGE][PASSED] - Browser is opened with url: 'https://vocagame.com/'

06-03-2026T17:00:12 - [TEST_STEP][PASSED] - maximizeWindow(): Current window maximized

06-03-2026T17:00:13 - [MESSAGE][PASSED] - Current window maximized

06-03-2026T17:00:13 - [TEST_STEP][PASSED] - delay(3): Delayed 3 second(s)

06-03-2026T17:00:16 - [MESSAGE][PASSED] - Delayed 3 second(s)

06-03-2026T17:00:16 - [TEST_STEP][PASSED] - click(findTestObject("Register/button_Masuk")): Object: 'Object Repository/Register/button_Masuk' is clicked on

06-03-2026T17:00:16 - [MESSAGE][PASSED] - Object: 'Object Repository/Register/button_Masuk' is clicked on

06-03-2026T17:00:16 - [TEST_STEP][PASSED] - setText(findTestObject("Login/input_Nomor HP atau email"), "very.earthworm.sgnq@hidingmail.com"): Text 'very.earthworm.sgnq@hidingmail.com' is set on object 'Object Repository/Login/input_Nomor HP atau email'

06-03-2026T17:00:19 - [MESSAGE][PASSED] - Text 'very.earthworm.sgnq@hidingmail.com' is set on object 'Object Repository/Login/input_Nomor HP atau email'

06-03-2026T17:00:19 - [TEST_STEP][PASSED] - click(findTestObject("Login/button_Masuk Akun")): Object: 'Object Repository/Login/button_Masuk Akun' is clicked on

06-03-2026T17:00:19 - [MESSAGE][PASSED] - Object: 'Object Repository/Login/button_Masuk Akun' is clicked on

06-03-2026T17:00:19 - [TEST_STEP][PASSED] - setText(findTestObject("Login/input_Show password"), password): Text 'Password@1' is set on object 'Object Repository/Login/input_Show password'

06-03-2026T17:00:20 - [MESSAGE][PASSED] - Text 'Password@1' is set on object 'Object Repository/Login/input_Show password'

06-03-2026T17:00:20 - [TEST_STEP][PASSED] - delay(5): Delayed 5 second(s)

06-03-2026T17:00:25 - [MESSAGE][PASSED] - Delayed 5 second(s)

06-03-2026T17:00:25 - [TEST_STEP][PASSED] - click(findTestObject("Login/button_Masuk Akun")): Object: 'Object Repository/Login/button_Masuk Akun' is clicked on

06-03-2026T17:00:26 - [MESSAGE][PASSED] - Object: 'Object Repository/Login/button_Masuk Akun' is clicked on

06-03-2026T17:00:26 - [TEST_STEP][WARNING] - if (verifyElementClickable(findTestObject("Login/button_Masuk Akun"), OPTIONAL)): Web element with id: 'Object Repository/Login/button_Masuk Akun' located by 'By.xpath: //button[@type='submit']' not found (Root cause: com.kms.katalon.core.exception.StepFailedException: Web element with id: 'Object Repository/Login/button_Masuk Akun' located by 'By.xpath: //button[@type='submit']' not found
	at com.kms.katalon.core.webui.keyword.internal.WebUIKeywordMain.stepFailed(WebUIKeywordMain.groovy:177)
	at com.kms.katalon.core.webui.keyword.builtin.VerifyElementClickableKeyword$_verifyElementClickable_closure1.doCall(VerifyElementClickableKeyword.groovy:69)
	at java.base/jdk.internal.reflect.DirectMethodHandleAccessor.invoke(DirectMethodHandleAccessor.java:103)
	at jdk.proxy2/jdk.proxy2.$Proxy55.execute(Unknown Source)
	at com.kms.katalon.core.webui.model.SeleniumActionRetryController.performAction(SeleniumActionRetryController.java:96)
	at com.kms.katalon.core.webui.model.SeleniumActionRetryController.performAction(SeleniumActionRetryController.java:83)
	at com.kms.katalon.core.webui.keyword.internal.WebUIKeywordMain$_runKeywordUntilTimeout_closure1.doCall(WebUIKeywordMain.groovy:135)
	at com.kms.katalon.core.webui.keyword.internal.WebUIKeywordMain$_runKeywordUntilTimeout_closure1.call(WebUIKeywordMain.groovy)
	at com.kms.katalon.core.webui.keyword.internal.WebUIKeywordMain.runKeyword(WebUIKeywordMain.groovy:41)
	at com.kms.katalon.core.webui.keyword.internal.WebUIKeywordMain.runKeywordUntilTimeout(WebUIKeywordMain.groovy:133)
	at com.kms.katalon.core.webui.keyword.builtin.VerifyElementClickableKeyword.verifyElementClickable(VerifyElementClickableKeyword.groovy:77)
	at com.kms.katalon.core.webui.keyword.builtin.VerifyElementClickableKeyword.execute(VerifyElementClickableKeyword.groovy:40)
	at com.kms.katalon.core.keyword.internal.KeywordExecutor.executeKeywordForPlatform(KeywordExecutor.groovy:95)
	at com.kms.katalon.core.webui.keyword.WebUiBuiltInKeywords.verifyElementClickable(WebUiBuiltInKeywords.groovy:628)
	at TC_LOG_01.run(TC_LOG_01:38)
	at com.kms.katalon.core.main.ScriptEngine.run(ScriptEngine.java:194)
	at com.kms.katalon.core.main.ScriptEngine.runScriptAsRawText(ScriptEngine.java:119)
	at com.kms.katalon.core.main.TestCaseExecutor.runScript(TestCaseExecutor.java:502)
	at com.kms.katalon.core.main.TestCaseExecutor.doExecute(TestCaseExecutor.java:493)
	at com.kms.katalon.core.main.TestCaseExecutor.processExecutionPhase(TestCaseExecutor.java:472)
	at com.kms.katalon.core.main.TestCaseExecutor.accessMainPhase(TestCaseExecutor.java:464)
	at com.kms.katalon.core.main.TestCaseExecutor.execute(TestCaseExecutor.java:334)
	at com.kms.katalon.core.main.TestCaseMain.runTestCase(TestCaseMain.java:151)
	at com.kms.katalon.core.keyword.builtin.CallTestCaseKeyword$_callTestCase_closure1.doCall(CallTestCaseKeyword.groovy:59)
	at com.kms.katalon.core.keyword.builtin.CallTestCaseKeyword$_callTestCase_closure1.call(CallTestCaseKeyword.groovy)
	at com.kms.katalon.core.keyword.internal.KeywordMain.runKeyword(KeywordMain.groovy:75)
	at com.kms.katalon.core.keyword.builtin.CallTestCaseKeyword.callTestCase(CallTestCaseKeyword.groovy:81)
	at com.kms.katalon.core.keyword.builtin.CallTestCaseKeyword.execute(CallTestCaseKeyword.groovy:44)
	at com.kms.katalon.core.keyword.internal.KeywordExecutor.executeKeywordForPlatform(KeywordExecutor.groovy:95)
	at com.kms.katalon.core.keyword.BuiltinKeywords.callTestCase(BuiltinKeywords.groovy:294)
	at java.base/jdk.internal.reflect.DirectMethodHandleAccessor.invoke(DirectMethodHandleAccessor.java:103)
	at TC_PO_02.run(TC_PO_02:20)
	at com.kms.katalon.core.main.ScriptEngine.run(ScriptEngine.java:194)
	at com.kms.katalon.core.main.ScriptEngine.runScriptAsRawText(ScriptEngine.java:119)
	at com.kms.katalon.core.main.TestCaseExecutor.runScript(TestCaseExecutor.java:502)
	at com.kms.katalon.core.main.TestCaseExecutor.doExecute(TestCaseExecutor.java:493)
	at com.kms.katalon.core.main.TestCaseExecutor.processExecutionPhase(TestCaseExecutor.java:472)
	at com.kms.katalon.core.main.TestCaseExecutor.accessMainPhase(TestCaseExecutor.java:464)
	at com.kms.katalon.core.main.TestCaseExecutor.execute(TestCaseExecutor.java:334)
	at com.kms.katalon.core.common.CommonExecutor.accessTestCaseMainPhase(CommonExecutor.java:71)
	at com.kms.katalon.core.main.TestSuiteExecutor.accessTestSuiteMainPhase(TestSuiteExecutor.java:163)
	at com.kms.katalon.core.main.TestSuiteExecutor.execute(TestSuiteExecutor.java:120)
	at com.kms.katalon.core.main.TestCaseMain.startTestSuite(TestCaseMain.java:205)
	at S0.run(S0.groovy:40)
	at java.base/jdk.internal.reflect.DirectMethodHandleAccessor.invoke(DirectMethodHandleAccessor.java:103)
)

06-03-2026T17:00:36 - [MESSAGE][WARNING] - Web element with id: 'Object Repository/Login/button_Masuk Akun' located by 'By.xpath: //button[@type='submit']' not found (Root cause: com.kms.katalon.core.exception.StepFailedException: Web element with id: 'Object Repository/Login/button_Masuk Akun' located by 'By.xpath: //button[@type='submit']' not found
	at com.kms.katalon.core.webui.keyword.internal.WebUIKeywordMain.stepFailed(WebUIKeywordMain.groovy:177)
	at com.kms.katalon.core.webui.keyword.builtin.VerifyElementClickableKeyword$_verifyElementClickable_closure1.doCall(VerifyElementClickableKeyword.groovy:69)
	at java.base/jdk.internal.reflect.DirectMethodHandleAccessor.invoke(DirectMethodHandleAccessor.java:103)
	at jdk.proxy2/jdk.proxy2.$Proxy55.execute(Unknown Source)
	at com.kms.katalon.core.webui.model.SeleniumActionRetryController.performAction(SeleniumActionRetryController.java:96)
	at com.kms.katalon.core.webui.model.SeleniumActionRetryController.performAction(SeleniumActionRetryController.java:83)
	at com.kms.katalon.core.webui.keyword.internal.WebUIKeywordMain$_runKeywordUntilTimeout_closure1.doCall(WebUIKeywordMain.groovy:135)
	at com.kms.katalon.core.webui.keyword.internal.WebUIKeywordMain$_runKeywordUntilTimeout_closure1.call(WebUIKeywordMain.groovy)
	at com.kms.katalon.core.webui.keyword.internal.WebUIKeywordMain.runKeyword(WebUIKeywordMain.groovy:41)
	at com.kms.katalon.core.webui.keyword.internal.WebUIKeywordMain.runKeywordUntilTimeout(WebUIKeywordMain.groovy:133)
	at com.kms.katalon.core.webui.keyword.builtin.VerifyElementClickableKeyword.verifyElementClickable(VerifyElementClickableKeyword.groovy:77)
	at com.kms.katalon.core.webui.keyword.builtin.VerifyElementClickableKeyword.execute(VerifyElementClickableKeyword.groovy:40)
	at com.kms.katalon.core.keyword.internal.KeywordExecutor.executeKeywordForPlatform(KeywordExecutor.groovy:95)
	at com.kms.katalon.core.webui.keyword.WebUiBuiltInKeywords.verifyElementClickable(WebUiBuiltInKeywords.groovy:628)
	at TC_LOG_01.run(TC_LOG_01:38)
	at com.kms.katalon.core.main.ScriptEngine.run(ScriptEngine.java:194)
	at com.kms.katalon.core.main.ScriptEngine.runScriptAsRawText(ScriptEngine.java:119)
	at com.kms.katalon.core.main.TestCaseExecutor.runScript(TestCaseExecutor.java:502)
	at com.kms.katalon.core.main.TestCaseExecutor.doExecute(TestCaseExecutor.java:493)
	at com.kms.katalon.core.main.TestCaseExecutor.processExecutionPhase(TestCaseExecutor.java:472)
	at com.kms.katalon.core.main.TestCaseExecutor.accessMainPhase(TestCaseExecutor.java:464)
	at com.kms.katalon.core.main.TestCaseExecutor.execute(TestCaseExecutor.java:334)
	at com.kms.katalon.core.main.TestCaseMain.runTestCase(TestCaseMain.java:151)
	at com.kms.katalon.core.keyword.builtin.CallTestCaseKeyword$_callTestCase_closure1.doCall(CallTestCaseKeyword.groovy:59)
	at com.kms.katalon.core.keyword.builtin.CallTestCaseKeyword$_callTestCase_closure1.call(CallTestCaseKeyword.groovy)
	at com.kms.katalon.core.keyword.internal.KeywordMain.runKeyword(KeywordMain.groovy:75)
	at com.kms.katalon.core.keyword.builtin.CallTestCaseKeyword.callTestCase(CallTestCaseKeyword.groovy:81)
	at com.kms.katalon.core.keyword.builtin.CallTestCaseKeyword.execute(CallTestCaseKeyword.groovy:44)
	at com.kms.katalon.core.keyword.internal.KeywordExecutor.executeKeywordForPlatform(KeywordExecutor.groovy:95)
	at com.kms.katalon.core.keyword.BuiltinKeywords.callTestCase(BuiltinKeywords.groovy:294)
	at java.base/jdk.internal.reflect.DirectMethodHandleAccessor.invoke(DirectMethodHandleAccessor.java:103)
	at TC_PO_02.run(TC_PO_02:20)
	at com.kms.katalon.core.main.ScriptEngine.run(ScriptEngine.java:194)
	at com.kms.katalon.core.main.ScriptEngine.runScriptAsRawText(ScriptEngine.java:119)
	at com.kms.katalon.core.main.TestCaseExecutor.runScript(TestCaseExecutor.java:502)
	at com.kms.katalon.core.main.TestCaseExecutor.doExecute(TestCaseExecutor.java:493)
	at com.kms.katalon.core.main.TestCaseExecutor.processExecutionPhase(TestCaseExecutor.java:472)
	at com.kms.katalon.core.main.TestCaseExecutor.accessMainPhase(TestCaseExecutor.java:464)
	at com.kms.katalon.core.main.TestCaseExecutor.execute(TestCaseExecutor.java:334)
	at com.kms.katalon.core.common.CommonExecutor.accessTestCaseMainPhase(CommonExecutor.java:71)
	at com.kms.katalon.core.main.TestSuiteExecutor.accessTestSuiteMainPhase(TestSuiteExecutor.java:163)
	at com.kms.katalon.core.main.TestSuiteExecutor.execute(TestSuiteExecutor.java:120)
	at com.kms.katalon.core.main.TestCaseMain.startTestSuite(TestCaseMain.java:205)
	at S0.run(S0.groovy:40)
	at java.base/jdk.internal.reflect.DirectMethodHandleAccessor.invoke(DirectMethodHandleAccessor.java:103)
)

06-03-2026T17:00:36 - [TEST_STEP][PASSED] - delay(3): Delayed 3 second(s)

06-03-2026T17:00:39 - [MESSAGE][PASSED] - Delayed 3 second(s)

06-03-2026T17:00:39 - [MESSAGE][PASSED] - Call Test Case 'Test Cases/Login/TC_LOG_01' successfully

06-03-2026T17:00:39 - [TEST_STEP][PASSED] - setText(findTestObject("Product Order/input_Indonesia_cy-search-product"), "Mobile Legend"): Text 'Mobile Legend' is set on object 'Object Repository/Product Order/input_Indonesia_cy-search-product'

06-03-2026T17:00:40 - [MESSAGE][PASSED] - Text 'Mobile Legend' is set on object 'Object Repository/Product Order/input_Indonesia_cy-search-product'

06-03-2026T17:00:40 - [TEST_STEP][PASSED] - delay(5): Delayed 5 second(s)

06-03-2026T17:00:45 - [MESSAGE][PASSED] - Delayed 5 second(s)

06-03-2026T17:00:45 - [TEST_STEP][PASSED] - click(findTestObject("Product Order/img_Indonesia_h-12 w-12 rounded-lg object-cover object-top")): Object: 'Object Repository/Product Order/img_Indonesia_h-12 w-12 rounded-lg object-cover object-top' is clicked on

06-03-2026T17:00:46 - [MESSAGE][PASSED] - Object: 'Object Repository/Product Order/img_Indonesia_h-12 w-12 rounded-lg object-cover object-top' is clicked on

06-03-2026T17:00:46 - [TEST_STEP][PASSED] - delay(1): Delayed 1 second(s)

06-03-2026T17:00:47 - [MESSAGE][PASSED] - Delayed 1 second(s)

06-03-2026T17:00:47 - [TEST_STEP][PASSED] - scrollToElement(findTestObject("Product Order/input__User ID"), 5): Scroll to object 'Object Repository/Product Order/input__User ID' successfully

06-03-2026T17:00:52 - [MESSAGE][PASSED] - Scroll to object 'Object Repository/Product Order/input__User ID' successfully

06-03-2026T17:00:52 - [TEST_STEP][PASSED] - setText(findTestObject("Product Order/input__Zone ID"), zone_id): Text '2136' is set on object 'Object Repository/Product Order/input__Zone ID'

06-03-2026T17:01:02 - [MESSAGE][WARNING] - Waiting for element timed out

06-03-2026T17:01:02 - [MESSAGE][WARNING] - Waiting for element timed out

06-03-2026T17:01:02 - [MESSAGE][PASSED] - Text '2136' is set on object 'Object Repository/Product Order/input__Zone ID'

06-03-2026T17:01:02 - [TEST_STEP][PASSED] - delay(3): Delayed 3 second(s)

06-03-2026T17:01:05 - [MESSAGE][PASSED] - Delayed 3 second(s)

06-03-2026T17:01:05 - [TEST_STEP][PASSED] - scrollToElement(findTestObject("Product Order/input__Email"), 5): Scroll to object 'Object Repository/Product Order/input__Email' successfully

06-03-2026T17:01:05 - [MESSAGE][PASSED] - Scroll to object 'Object Repository/Product Order/input__Email' successfully

06-03-2026T17:01:05 - [TEST_STEP][PASSED] - setText(findTestObject("Product Order/input__Email"), valid_email): Text 'deyantraa@gmail.com' is set on object 'Object Repository/Product Order/input__Email'

06-03-2026T17:01:07 - [MESSAGE][PASSED] - Text 'deyantraa@gmail.com' is set on object 'Object Repository/Product Order/input__Email'

06-03-2026T17:01:07 - [TEST_STEP][PASSED] - click(findTestObject("Product Order/button_Weekly Diamond Pass")): Object: 'Object Repository/Product Order/button_Weekly Diamond Pass' is clicked on

06-03-2026T17:01:08 - [MESSAGE][PASSED] - Object: 'Object Repository/Product Order/button_Weekly Diamond Pass' is clicked on

06-03-2026T17:01:08 - [TEST_STEP][PASSED] - delay(1): Delayed 1 second(s)

06-03-2026T17:01:09 - [MESSAGE][PASSED] - Delayed 1 second(s)

06-03-2026T17:01:09 - [TEST_STEP][PASSED] - click(findTestObject("Product Order/button_Rp 27,819")): Object: 'Object Repository/Product Order/button_Rp 27,819' is clicked on

06-03-2026T17:01:09 - [MESSAGE][PASSED] - Object: 'Object Repository/Product Order/button_Rp 27,819' is clicked on

06-03-2026T17:01:10 - [TEST_STEP][PASSED] - verifyTextPresent("Input ini wajib diisi", false): Text 'Input ini wajib diisi' is present on page 

06-03-2026T17:01:10 - [MESSAGE][PASSED] - Text 'Input ini wajib diisi' is present on page 

06-03-2026T17:01:10 - [TEST_STEP][PASSED] - delay(1): Delayed 1 second(s)

06-03-2026T17:01:11 - [MESSAGE][PASSED] - Delayed 1 second(s)]]></system-out>
         <system-err><![CDATA[]]></system-err>
      </testcase>
      <testcase name="Test Cases/Product Order/TC_PO_03" time="55.058" classname="Test Cases/Product Order/TC_PO_03" status="PASSED">
         <system-out><![CDATA[06-03-2026T17:01:11 - [TEST_CASE][PASSED] - Test Cases/Product Order/TC_PO_03: Test Cases/Product Order/TC_PO_03

06-03-2026T17:01:11 - [TEST_STEP][PASSED] - callTestCase(findTestCase("Login/TC_LOG_01"), [:], STOP_ON_FAILURE): Call Test Case 'Test Cases/Login/TC_LOG_01' successfully

06-03-2026T17:01:11 - [TEST_CASE][PASSED] - Test Cases/Login/TC_LOG_01: Test Cases/Login/TC_LOG_01

06-03-2026T17:01:11 - [TEST_STEP][PASSED] - openBrowser(url): Browser is opened with url: 'https://vocagame.com/'

06-03-2026T17:01:11 - [MESSAGE][WARNING] - A browser is already opened. Closing browser and opening a new one

06-03-2026T17:01:12 - [MESSAGE][INFO] - Starting 'Edge Chromium' driver

06-03-2026T17:01:12 - [MESSAGE][INFO] - Action delay is set to 0 milliseconds

06-03-2026T17:01:15 - [MESSAGE][PASSED] - Browser is opened with url: 'https://vocagame.com/'

06-03-2026T17:01:15 - [TEST_STEP][PASSED] - maximizeWindow(): Current window maximized

06-03-2026T17:01:15 - [MESSAGE][PASSED] - Current window maximized

06-03-2026T17:01:15 - [TEST_STEP][PASSED] - delay(3): Delayed 3 second(s)

06-03-2026T17:01:18 - [MESSAGE][PASSED] - Delayed 3 second(s)

06-03-2026T17:01:18 - [TEST_STEP][PASSED] - click(findTestObject("Register/button_Masuk")): Object: 'Object Repository/Register/button_Masuk' is clicked on

06-03-2026T17:01:19 - [MESSAGE][PASSED] - Object: 'Object Repository/Register/button_Masuk' is clicked on

06-03-2026T17:01:19 - [TEST_STEP][PASSED] - setText(findTestObject("Login/input_Nomor HP atau email"), "very.earthworm.sgnq@hidingmail.com"): Text 'very.earthworm.sgnq@hidingmail.com' is set on object 'Object Repository/Login/input_Nomor HP atau email'

06-03-2026T17:01:21 - [MESSAGE][PASSED] - Text 'very.earthworm.sgnq@hidingmail.com' is set on object 'Object Repository/Login/input_Nomor HP atau email'

06-03-2026T17:01:21 - [TEST_STEP][PASSED] - click(findTestObject("Login/button_Masuk Akun")): Object: 'Object Repository/Login/button_Masuk Akun' is clicked on

06-03-2026T17:01:22 - [MESSAGE][PASSED] - Object: 'Object Repository/Login/button_Masuk Akun' is clicked on

06-03-2026T17:01:22 - [TEST_STEP][PASSED] - setText(findTestObject("Login/input_Show password"), password): Text 'Password@1' is set on object 'Object Repository/Login/input_Show password'

06-03-2026T17:01:23 - [MESSAGE][PASSED] - Text 'Password@1' is set on object 'Object Repository/Login/input_Show password'

06-03-2026T17:01:23 - [TEST_STEP][PASSED] - delay(5): Delayed 5 second(s)

06-03-2026T17:01:28 - [MESSAGE][PASSED] - Delayed 5 second(s)

06-03-2026T17:01:28 - [TEST_STEP][PASSED] - click(findTestObject("Login/button_Masuk Akun")): Object: 'Object Repository/Login/button_Masuk Akun' is clicked on

06-03-2026T17:01:28 - [MESSAGE][PASSED] - Object: 'Object Repository/Login/button_Masuk Akun' is clicked on

06-03-2026T17:01:28 - [TEST_STEP][WARNING] - if (verifyElementClickable(findTestObject("Login/button_Masuk Akun"), OPTIONAL)): Object 'Object Repository/Login/button_Masuk Akun' is NOT clickable (Root cause: com.kms.katalon.core.exception.StepFailedException: Object 'Object Repository/Login/button_Masuk Akun' is NOT clickable
	at com.kms.katalon.core.webui.keyword.internal.WebUIKeywordMain.stepFailed(WebUIKeywordMain.groovy:177)
	at com.kms.katalon.core.webui.keyword.builtin.VerifyElementClickableKeyword$_verifyElementClickable_closure1.doCall(VerifyElementClickableKeyword.groovy:65)
	at java.base/jdk.internal.reflect.DirectMethodHandleAccessor.invoke(DirectMethodHandleAccessor.java:103)
	at jdk.proxy2/jdk.proxy2.$Proxy55.execute(Unknown Source)
	at com.kms.katalon.core.webui.model.SeleniumActionRetryController.performAction(SeleniumActionRetryController.java:96)
	at com.kms.katalon.core.webui.model.SeleniumActionRetryController.performAction(SeleniumActionRetryController.java:83)
	at com.kms.katalon.core.webui.keyword.internal.WebUIKeywordMain$_runKeywordUntilTimeout_closure1.doCall(WebUIKeywordMain.groovy:135)
	at com.kms.katalon.core.webui.keyword.internal.WebUIKeywordMain$_runKeywordUntilTimeout_closure1.call(WebUIKeywordMain.groovy)
	at com.kms.katalon.core.webui.keyword.internal.WebUIKeywordMain.runKeyword(WebUIKeywordMain.groovy:41)
	at com.kms.katalon.core.webui.keyword.internal.WebUIKeywordMain.runKeywordUntilTimeout(WebUIKeywordMain.groovy:133)
	at com.kms.katalon.core.webui.keyword.builtin.VerifyElementClickableKeyword.verifyElementClickable(VerifyElementClickableKeyword.groovy:77)
	at com.kms.katalon.core.webui.keyword.builtin.VerifyElementClickableKeyword.execute(VerifyElementClickableKeyword.groovy:40)
	at com.kms.katalon.core.keyword.internal.KeywordExecutor.executeKeywordForPlatform(KeywordExecutor.groovy:95)
	at com.kms.katalon.core.webui.keyword.WebUiBuiltInKeywords.verifyElementClickable(WebUiBuiltInKeywords.groovy:628)
	at TC_LOG_01.run(TC_LOG_01:38)
	at com.kms.katalon.core.main.ScriptEngine.run(ScriptEngine.java:194)
	at com.kms.katalon.core.main.ScriptEngine.runScriptAsRawText(ScriptEngine.java:119)
	at com.kms.katalon.core.main.TestCaseExecutor.runScript(TestCaseExecutor.java:502)
	at com.kms.katalon.core.main.TestCaseExecutor.doExecute(TestCaseExecutor.java:493)
	at com.kms.katalon.core.main.TestCaseExecutor.processExecutionPhase(TestCaseExecutor.java:472)
	at com.kms.katalon.core.main.TestCaseExecutor.accessMainPhase(TestCaseExecutor.java:464)
	at com.kms.katalon.core.main.TestCaseExecutor.execute(TestCaseExecutor.java:334)
	at com.kms.katalon.core.main.TestCaseMain.runTestCase(TestCaseMain.java:151)
	at com.kms.katalon.core.keyword.builtin.CallTestCaseKeyword$_callTestCase_closure1.doCall(CallTestCaseKeyword.groovy:59)
	at com.kms.katalon.core.keyword.builtin.CallTestCaseKeyword$_callTestCase_closure1.call(CallTestCaseKeyword.groovy)
	at com.kms.katalon.core.keyword.internal.KeywordMain.runKeyword(KeywordMain.groovy:75)
	at com.kms.katalon.core.keyword.builtin.CallTestCaseKeyword.callTestCase(CallTestCaseKeyword.groovy:81)
	at com.kms.katalon.core.keyword.builtin.CallTestCaseKeyword.execute(CallTestCaseKeyword.groovy:44)
	at com.kms.katalon.core.keyword.internal.KeywordExecutor.executeKeywordForPlatform(KeywordExecutor.groovy:95)
	at com.kms.katalon.core.keyword.BuiltinKeywords.callTestCase(BuiltinKeywords.groovy:294)
	at java.base/jdk.internal.reflect.DirectMethodHandleAccessor.invoke(DirectMethodHandleAccessor.java:103)
	at TC_PO_03.run(TC_PO_03:20)
	at com.kms.katalon.core.main.ScriptEngine.run(ScriptEngine.java:194)
	at com.kms.katalon.core.main.ScriptEngine.runScriptAsRawText(ScriptEngine.java:119)
	at com.kms.katalon.core.main.TestCaseExecutor.runScript(TestCaseExecutor.java:502)
	at com.kms.katalon.core.main.TestCaseExecutor.doExecute(TestCaseExecutor.java:493)
	at com.kms.katalon.core.main.TestCaseExecutor.processExecutionPhase(TestCaseExecutor.java:472)
	at com.kms.katalon.core.main.TestCaseExecutor.accessMainPhase(TestCaseExecutor.java:464)
	at com.kms.katalon.core.main.TestCaseExecutor.execute(TestCaseExecutor.java:334)
	at com.kms.katalon.core.common.CommonExecutor.accessTestCaseMainPhase(CommonExecutor.java:71)
	at com.kms.katalon.core.main.TestSuiteExecutor.accessTestSuiteMainPhase(TestSuiteExecutor.java:163)
	at com.kms.katalon.core.main.TestSuiteExecutor.execute(TestSuiteExecutor.java:120)
	at com.kms.katalon.core.main.TestCaseMain.startTestSuite(TestCaseMain.java:205)
	at S0.run(S0.groovy:40)
	at java.base/jdk.internal.reflect.DirectMethodHandleAccessor.invoke(DirectMethodHandleAccessor.java:103)
)

06-03-2026T17:01:30 - [MESSAGE][WARNING] - Element is detached from the DOM while waiting interactable

06-03-2026T17:01:30 - [MESSAGE][WARNING] - Object 'Object Repository/Login/button_Masuk Akun' is NOT clickable (Root cause: com.kms.katalon.core.exception.StepFailedException: Object 'Object Repository/Login/button_Masuk Akun' is NOT clickable
	at com.kms.katalon.core.webui.keyword.internal.WebUIKeywordMain.stepFailed(WebUIKeywordMain.groovy:177)
	at com.kms.katalon.core.webui.keyword.builtin.VerifyElementClickableKeyword$_verifyElementClickable_closure1.doCall(VerifyElementClickableKeyword.groovy:65)
	at java.base/jdk.internal.reflect.DirectMethodHandleAccessor.invoke(DirectMethodHandleAccessor.java:103)
	at jdk.proxy2/jdk.proxy2.$Proxy55.execute(Unknown Source)
	at com.kms.katalon.core.webui.model.SeleniumActionRetryController.performAction(SeleniumActionRetryController.java:96)
	at com.kms.katalon.core.webui.model.SeleniumActionRetryController.performAction(SeleniumActionRetryController.java:83)
	at com.kms.katalon.core.webui.keyword.internal.WebUIKeywordMain$_runKeywordUntilTimeout_closure1.doCall(WebUIKeywordMain.groovy:135)
	at com.kms.katalon.core.webui.keyword.internal.WebUIKeywordMain$_runKeywordUntilTimeout_closure1.call(WebUIKeywordMain.groovy)
	at com.kms.katalon.core.webui.keyword.internal.WebUIKeywordMain.runKeyword(WebUIKeywordMain.groovy:41)
	at com.kms.katalon.core.webui.keyword.internal.WebUIKeywordMain.runKeywordUntilTimeout(WebUIKeywordMain.groovy:133)
	at com.kms.katalon.core.webui.keyword.builtin.VerifyElementClickableKeyword.verifyElementClickable(VerifyElementClickableKeyword.groovy:77)
	at com.kms.katalon.core.webui.keyword.builtin.VerifyElementClickableKeyword.execute(VerifyElementClickableKeyword.groovy:40)
	at com.kms.katalon.core.keyword.internal.KeywordExecutor.executeKeywordForPlatform(KeywordExecutor.groovy:95)
	at com.kms.katalon.core.webui.keyword.WebUiBuiltInKeywords.verifyElementClickable(WebUiBuiltInKeywords.groovy:628)
	at TC_LOG_01.run(TC_LOG_01:38)
	at com.kms.katalon.core.main.ScriptEngine.run(ScriptEngine.java:194)
	at com.kms.katalon.core.main.ScriptEngine.runScriptAsRawText(ScriptEngine.java:119)
	at com.kms.katalon.core.main.TestCaseExecutor.runScript(TestCaseExecutor.java:502)
	at com.kms.katalon.core.main.TestCaseExecutor.doExecute(TestCaseExecutor.java:493)
	at com.kms.katalon.core.main.TestCaseExecutor.processExecutionPhase(TestCaseExecutor.java:472)
	at com.kms.katalon.core.main.TestCaseExecutor.accessMainPhase(TestCaseExecutor.java:464)
	at com.kms.katalon.core.main.TestCaseExecutor.execute(TestCaseExecutor.java:334)
	at com.kms.katalon.core.main.TestCaseMain.runTestCase(TestCaseMain.java:151)
	at com.kms.katalon.core.keyword.builtin.CallTestCaseKeyword$_callTestCase_closure1.doCall(CallTestCaseKeyword.groovy:59)
	at com.kms.katalon.core.keyword.builtin.CallTestCaseKeyword$_callTestCase_closure1.call(CallTestCaseKeyword.groovy)
	at com.kms.katalon.core.keyword.internal.KeywordMain.runKeyword(KeywordMain.groovy:75)
	at com.kms.katalon.core.keyword.builtin.CallTestCaseKeyword.callTestCase(CallTestCaseKeyword.groovy:81)
	at com.kms.katalon.core.keyword.builtin.CallTestCaseKeyword.execute(CallTestCaseKeyword.groovy:44)
	at com.kms.katalon.core.keyword.internal.KeywordExecutor.executeKeywordForPlatform(KeywordExecutor.groovy:95)
	at com.kms.katalon.core.keyword.BuiltinKeywords.callTestCase(BuiltinKeywords.groovy:294)
	at java.base/jdk.internal.reflect.DirectMethodHandleAccessor.invoke(DirectMethodHandleAccessor.java:103)
	at TC_PO_03.run(TC_PO_03:20)
	at com.kms.katalon.core.main.ScriptEngine.run(ScriptEngine.java:194)
	at com.kms.katalon.core.main.ScriptEngine.runScriptAsRawText(ScriptEngine.java:119)
	at com.kms.katalon.core.main.TestCaseExecutor.runScript(TestCaseExecutor.java:502)
	at com.kms.katalon.core.main.TestCaseExecutor.doExecute(TestCaseExecutor.java:493)
	at com.kms.katalon.core.main.TestCaseExecutor.processExecutionPhase(TestCaseExecutor.java:472)
	at com.kms.katalon.core.main.TestCaseExecutor.accessMainPhase(TestCaseExecutor.java:464)
	at com.kms.katalon.core.main.TestCaseExecutor.execute(TestCaseExecutor.java:334)
	at com.kms.katalon.core.common.CommonExecutor.accessTestCaseMainPhase(CommonExecutor.java:71)
	at com.kms.katalon.core.main.TestSuiteExecutor.accessTestSuiteMainPhase(TestSuiteExecutor.java:163)
	at com.kms.katalon.core.main.TestSuiteExecutor.execute(TestSuiteExecutor.java:120)
	at com.kms.katalon.core.main.TestCaseMain.startTestSuite(TestCaseMain.java:205)
	at S0.run(S0.groovy:40)
	at java.base/jdk.internal.reflect.DirectMethodHandleAccessor.invoke(DirectMethodHandleAccessor.java:103)
)

06-03-2026T17:01:30 - [TEST_STEP][PASSED] - delay(3): Delayed 3 second(s)

06-03-2026T17:01:33 - [MESSAGE][PASSED] - Delayed 3 second(s)

06-03-2026T17:01:33 - [MESSAGE][PASSED] - Call Test Case 'Test Cases/Login/TC_LOG_01' successfully

06-03-2026T17:01:33 - [TEST_STEP][PASSED] - setText(findTestObject("Product Order/input_Indonesia_cy-search-product"), "Mobile Legend"): Text 'Mobile Legend' is set on object 'Object Repository/Product Order/input_Indonesia_cy-search-product'

06-03-2026T17:01:34 - [MESSAGE][PASSED] - Text 'Mobile Legend' is set on object 'Object Repository/Product Order/input_Indonesia_cy-search-product'

06-03-2026T17:01:34 - [TEST_STEP][PASSED] - delay(5): Delayed 5 second(s)

06-03-2026T17:01:39 - [MESSAGE][PASSED] - Delayed 5 second(s)

06-03-2026T17:01:39 - [TEST_STEP][PASSED] - click(findTestObject("Product Order/img_Indonesia_h-12 w-12 rounded-lg object-cover object-top")): Object: 'Object Repository/Product Order/img_Indonesia_h-12 w-12 rounded-lg object-cover object-top' is clicked on

06-03-2026T17:01:40 - [MESSAGE][PASSED] - Object: 'Object Repository/Product Order/img_Indonesia_h-12 w-12 rounded-lg object-cover object-top' is clicked on

06-03-2026T17:01:40 - [TEST_STEP][PASSED] - delay(1): Delayed 1 second(s)

06-03-2026T17:01:41 - [MESSAGE][PASSED] - Delayed 1 second(s)

06-03-2026T17:01:41 - [TEST_STEP][PASSED] - scrollToElement(findTestObject("Product Order/input__User ID"), 5): Scroll to object 'Object Repository/Product Order/input__User ID' successfully

06-03-2026T17:01:47 - [MESSAGE][PASSED] - Scroll to object 'Object Repository/Product Order/input__User ID' successfully

06-03-2026T17:01:47 - [TEST_STEP][PASSED] - setText(findTestObject("Product Order/input__User ID"), user_id): Text '74907682' is set on object 'Object Repository/Product Order/input__User ID'

06-03-2026T17:01:57 - [MESSAGE][WARNING] - Waiting for element timed out

06-03-2026T17:01:57 - [MESSAGE][WARNING] - Waiting for element timed out

06-03-2026T17:01:57 - [MESSAGE][PASSED] - Text '74907682' is set on object 'Object Repository/Product Order/input__User ID'

06-03-2026T17:01:57 - [TEST_STEP][PASSED] - delay(3): Delayed 3 second(s)

06-03-2026T17:02:00 - [MESSAGE][PASSED] - Delayed 3 second(s)

06-03-2026T17:02:00 - [TEST_STEP][PASSED] - scrollToElement(findTestObject("Product Order/input__Email"), 5): Scroll to object 'Object Repository/Product Order/input__Email' successfully

06-03-2026T17:02:01 - [MESSAGE][PASSED] - Scroll to object 'Object Repository/Product Order/input__Email' successfully

06-03-2026T17:02:01 - [TEST_STEP][PASSED] - setText(findTestObject("Product Order/input__Email"), valid_email): Text 'deyantraa@gmail.com' is set on object 'Object Repository/Product Order/input__Email'

06-03-2026T17:02:02 - [MESSAGE][PASSED] - Text 'deyantraa@gmail.com' is set on object 'Object Repository/Product Order/input__Email'

06-03-2026T17:02:02 - [TEST_STEP][PASSED] - click(findTestObject("Product Order/button_Weekly Diamond Pass")): Object: 'Object Repository/Product Order/button_Weekly Diamond Pass' is clicked on

06-03-2026T17:02:03 - [MESSAGE][PASSED] - Object: 'Object Repository/Product Order/button_Weekly Diamond Pass' is clicked on

06-03-2026T17:02:03 - [TEST_STEP][PASSED] - delay(1): Delayed 1 second(s)

06-03-2026T17:02:04 - [MESSAGE][PASSED] - Delayed 1 second(s)

06-03-2026T17:02:04 - [TEST_STEP][PASSED] - click(findTestObject("Product Order/button_Rp 27,819")): Object: 'Object Repository/Product Order/button_Rp 27,819' is clicked on

06-03-2026T17:02:05 - [MESSAGE][PASSED] - Object: 'Object Repository/Product Order/button_Rp 27,819' is clicked on

06-03-2026T17:02:05 - [TEST_STEP][PASSED] - verifyTextPresent("Input ini wajib diisi", false): Text 'Input ini wajib diisi' is present on page 

06-03-2026T17:02:05 - [MESSAGE][PASSED] - Text 'Input ini wajib diisi' is present on page 

06-03-2026T17:02:05 - [TEST_STEP][PASSED] - delay(1): Delayed 1 second(s)

06-03-2026T17:02:06 - [MESSAGE][PASSED] - Delayed 1 second(s)]]></system-out>
         <system-err><![CDATA[]]></system-err>
      </testcase>
      <testcase name="Test Cases/Product Order/TC_PO_04" time="64.908" classname="Test Cases/Product Order/TC_PO_04" status="PASSED">
         <system-out><![CDATA[06-03-2026T17:02:06 - [TEST_CASE][PASSED] - Test Cases/Product Order/TC_PO_04: Test Cases/Product Order/TC_PO_04

06-03-2026T17:02:06 - [TEST_STEP][PASSED] - callTestCase(findTestCase("Login/TC_LOG_01"), [:], STOP_ON_FAILURE): Call Test Case 'Test Cases/Login/TC_LOG_01' successfully

06-03-2026T17:02:06 - [TEST_CASE][PASSED] - Test Cases/Login/TC_LOG_01: Test Cases/Login/TC_LOG_01

06-03-2026T17:02:06 - [TEST_STEP][PASSED] - openBrowser(url): Browser is opened with url: 'https://vocagame.com/'

06-03-2026T17:02:06 - [MESSAGE][WARNING] - A browser is already opened. Closing browser and opening a new one

06-03-2026T17:02:07 - [MESSAGE][INFO] - Starting 'Edge Chromium' driver

06-03-2026T17:02:07 - [MESSAGE][INFO] - Action delay is set to 0 milliseconds

06-03-2026T17:02:10 - [MESSAGE][PASSED] - Browser is opened with url: 'https://vocagame.com/'

06-03-2026T17:02:10 - [TEST_STEP][PASSED] - maximizeWindow(): Current window maximized

06-03-2026T17:02:10 - [MESSAGE][PASSED] - Current window maximized

06-03-2026T17:02:10 - [TEST_STEP][PASSED] - delay(3): Delayed 3 second(s)

06-03-2026T17:02:13 - [MESSAGE][PASSED] - Delayed 3 second(s)

06-03-2026T17:02:13 - [TEST_STEP][PASSED] - click(findTestObject("Register/button_Masuk")): Object: 'Object Repository/Register/button_Masuk' is clicked on

06-03-2026T17:02:14 - [MESSAGE][PASSED] - Object: 'Object Repository/Register/button_Masuk' is clicked on

06-03-2026T17:02:14 - [TEST_STEP][PASSED] - setText(findTestObject("Login/input_Nomor HP atau email"), "very.earthworm.sgnq@hidingmail.com"): Text 'very.earthworm.sgnq@hidingmail.com' is set on object 'Object Repository/Login/input_Nomor HP atau email'

06-03-2026T17:02:16 - [MESSAGE][PASSED] - Text 'very.earthworm.sgnq@hidingmail.com' is set on object 'Object Repository/Login/input_Nomor HP atau email'

06-03-2026T17:02:16 - [TEST_STEP][PASSED] - click(findTestObject("Login/button_Masuk Akun")): Object: 'Object Repository/Login/button_Masuk Akun' is clicked on

06-03-2026T17:02:17 - [MESSAGE][PASSED] - Object: 'Object Repository/Login/button_Masuk Akun' is clicked on

06-03-2026T17:02:17 - [TEST_STEP][PASSED] - setText(findTestObject("Login/input_Show password"), password): Text 'Password@1' is set on object 'Object Repository/Login/input_Show password'

06-03-2026T17:02:18 - [MESSAGE][PASSED] - Text 'Password@1' is set on object 'Object Repository/Login/input_Show password'

06-03-2026T17:02:18 - [TEST_STEP][PASSED] - delay(5): Delayed 5 second(s)

06-03-2026T17:02:23 - [MESSAGE][PASSED] - Delayed 5 second(s)

06-03-2026T17:02:23 - [TEST_STEP][PASSED] - click(findTestObject("Login/button_Masuk Akun")): Object: 'Object Repository/Login/button_Masuk Akun' is clicked on

06-03-2026T17:02:24 - [MESSAGE][PASSED] - Object: 'Object Repository/Login/button_Masuk Akun' is clicked on

06-03-2026T17:02:24 - [TEST_STEP][PASSED] - if (verifyElementClickable(findTestObject("Login/button_Masuk Akun"), OPTIONAL)): null

06-03-2026T17:02:24 - [MESSAGE][PASSED] - Object 'Object Repository/Login/button_Masuk Akun' is clickable

06-03-2026T17:02:24 - [TEST_STEP][PASSED] - click(findTestObject("Login/button_Masuk Akun")): Object: 'Object Repository/Login/button_Masuk Akun' is clicked on

06-03-2026T17:02:25 - [MESSAGE][PASSED] - Object: 'Object Repository/Login/button_Masuk Akun' is clicked on

06-03-2026T17:02:25 - [TEST_STEP][PASSED] - delay(3): Delayed 3 second(s)

06-03-2026T17:02:28 - [MESSAGE][PASSED] - Delayed 3 second(s)

06-03-2026T17:02:28 - [MESSAGE][PASSED] - Call Test Case 'Test Cases/Login/TC_LOG_01' successfully

06-03-2026T17:02:28 - [TEST_STEP][PASSED] - setText(findTestObject("Product Order/input_Indonesia_cy-search-product"), "Mobile Legend"): Text 'Mobile Legend' is set on object 'Object Repository/Product Order/input_Indonesia_cy-search-product'

06-03-2026T17:02:29 - [MESSAGE][PASSED] - Text 'Mobile Legend' is set on object 'Object Repository/Product Order/input_Indonesia_cy-search-product'

06-03-2026T17:02:29 - [TEST_STEP][PASSED] - delay(5): Delayed 5 second(s)

06-03-2026T17:02:35 - [MESSAGE][PASSED] - Delayed 5 second(s)

06-03-2026T17:02:35 - [TEST_STEP][PASSED] - click(findTestObject("Product Order/img_Indonesia_h-12 w-12 rounded-lg object-cover object-top")): Object: 'Object Repository/Product Order/img_Indonesia_h-12 w-12 rounded-lg object-cover object-top' is clicked on

06-03-2026T17:02:35 - [MESSAGE][PASSED] - Object: 'Object Repository/Product Order/img_Indonesia_h-12 w-12 rounded-lg object-cover object-top' is clicked on

06-03-2026T17:02:35 - [TEST_STEP][PASSED] - delay(1): Delayed 1 second(s)

06-03-2026T17:02:36 - [MESSAGE][PASSED] - Delayed 1 second(s)

06-03-2026T17:02:36 - [TEST_STEP][PASSED] - scrollToElement(findTestObject("Product Order/input__User ID"), 5): Scroll to object 'Object Repository/Product Order/input__User ID' successfully

06-03-2026T17:02:41 - [MESSAGE][PASSED] - Scroll to object 'Object Repository/Product Order/input__User ID' successfully

06-03-2026T17:02:41 - [TEST_STEP][PASSED] - setText(findTestObject("Product Order/input__User ID"), "222222"): Text '222222' is set on object 'Object Repository/Product Order/input__User ID'

06-03-2026T17:02:51 - [MESSAGE][WARNING] - Waiting for element timed out

06-03-2026T17:02:51 - [MESSAGE][WARNING] - Waiting for element timed out

06-03-2026T17:02:52 - [MESSAGE][PASSED] - Text '222222' is set on object 'Object Repository/Product Order/input__User ID'

06-03-2026T17:02:52 - [TEST_STEP][PASSED] - setText(findTestObject("Product Order/input__Zone ID"), "11111"): Text '11111' is set on object 'Object Repository/Product Order/input__Zone ID'

06-03-2026T17:03:02 - [MESSAGE][WARNING] - Waiting for element timed out

06-03-2026T17:03:02 - [MESSAGE][WARNING] - Waiting for element timed out

06-03-2026T17:03:02 - [MESSAGE][PASSED] - Text '11111' is set on object 'Object Repository/Product Order/input__Zone ID'

06-03-2026T17:03:02 - [TEST_STEP][PASSED] - scrollToElement(findTestObject("Product Order/input__Email"), 5): Scroll to object 'Object Repository/Product Order/input__Email' successfully

06-03-2026T17:03:03 - [MESSAGE][PASSED] - Scroll to object 'Object Repository/Product Order/input__Email' successfully

06-03-2026T17:03:03 - [TEST_STEP][PASSED] - setText(findTestObject("Product Order/input__Email"), valid_email): Text 'deyantraa@gmail.com' is set on object 'Object Repository/Product Order/input__Email'

06-03-2026T17:03:05 - [MESSAGE][PASSED] - Text 'deyantraa@gmail.com' is set on object 'Object Repository/Product Order/input__Email'

06-03-2026T17:03:05 - [TEST_STEP][PASSED] - click(findTestObject("Product Order/button_Weekly Diamond Pass")): Object: 'Object Repository/Product Order/button_Weekly Diamond Pass' is clicked on

06-03-2026T17:03:06 - [MESSAGE][PASSED] - Object: 'Object Repository/Product Order/button_Weekly Diamond Pass' is clicked on

06-03-2026T17:03:06 - [TEST_STEP][PASSED] - delay(1): Delayed 1 second(s)

06-03-2026T17:03:07 - [MESSAGE][PASSED] - Delayed 1 second(s)

06-03-2026T17:03:07 - [TEST_STEP][PASSED] - click(findTestObject("Product Order/button_Rp 27,819")): Object: 'Object Repository/Product Order/button_Rp 27,819' is clicked on

06-03-2026T17:03:08 - [MESSAGE][PASSED] - Object: 'Object Repository/Product Order/button_Rp 27,819' is clicked on

06-03-2026T17:03:08 - [TEST_STEP][PASSED] - delay(2): Delayed 2 second(s)

06-03-2026T17:03:10 - [MESSAGE][PASSED] - Delayed 2 second(s)

06-03-2026T17:03:10 - [TEST_STEP][PASSED] - verifyTextPresent("Akun yang anda masukkan tidak terdaftar", false): Text 'Akun yang anda masukkan tidak terdaftar' is present on page 

06-03-2026T17:03:10 - [MESSAGE][PASSED] - Text 'Akun yang anda masukkan tidak terdaftar' is present on page 

06-03-2026T17:03:10 - [TEST_STEP][PASSED] - delay(1): Delayed 1 second(s)

06-03-2026T17:03:11 - [MESSAGE][PASSED] - Delayed 1 second(s)]]></system-out>
         <system-err><![CDATA[]]></system-err>
      </testcase>
      <testcase name="Test Cases/Product Order/TC_PO_06" time="63.669" classname="Test Cases/Product Order/TC_PO_06" status="PASSED">
         <system-out><![CDATA[06-03-2026T17:03:11 - [TEST_CASE][PASSED] - Test Cases/Product Order/TC_PO_06: Test Cases/Product Order/TC_PO_06

06-03-2026T17:03:11 - [TEST_STEP][PASSED] - callTestCase(findTestCase("Login/TC_LOG_01"), [:], STOP_ON_FAILURE): Call Test Case 'Test Cases/Login/TC_LOG_01' successfully

06-03-2026T17:03:11 - [TEST_CASE][PASSED] - Test Cases/Login/TC_LOG_01: Test Cases/Login/TC_LOG_01

06-03-2026T17:03:11 - [TEST_STEP][PASSED] - openBrowser(url): Browser is opened with url: 'https://vocagame.com/'

06-03-2026T17:03:11 - [MESSAGE][WARNING] - A browser is already opened. Closing browser and opening a new one

06-03-2026T17:03:12 - [MESSAGE][INFO] - Starting 'Edge Chromium' driver

06-03-2026T17:03:12 - [MESSAGE][INFO] - Action delay is set to 0 milliseconds

06-03-2026T17:03:15 - [MESSAGE][PASSED] - Browser is opened with url: 'https://vocagame.com/'

06-03-2026T17:03:15 - [TEST_STEP][PASSED] - maximizeWindow(): Current window maximized

06-03-2026T17:03:15 - [MESSAGE][PASSED] - Current window maximized

06-03-2026T17:03:15 - [TEST_STEP][PASSED] - delay(3): Delayed 3 second(s)

06-03-2026T17:03:18 - [MESSAGE][PASSED] - Delayed 3 second(s)

06-03-2026T17:03:18 - [TEST_STEP][PASSED] - click(findTestObject("Register/button_Masuk")): Object: 'Object Repository/Register/button_Masuk' is clicked on

06-03-2026T17:03:18 - [MESSAGE][PASSED] - Object: 'Object Repository/Register/button_Masuk' is clicked on

06-03-2026T17:03:18 - [TEST_STEP][PASSED] - setText(findTestObject("Login/input_Nomor HP atau email"), "very.earthworm.sgnq@hidingmail.com"): Text 'very.earthworm.sgnq@hidingmail.com' is set on object 'Object Repository/Login/input_Nomor HP atau email'

06-03-2026T17:03:21 - [MESSAGE][PASSED] - Text 'very.earthworm.sgnq@hidingmail.com' is set on object 'Object Repository/Login/input_Nomor HP atau email'

06-03-2026T17:03:21 - [TEST_STEP][PASSED] - click(findTestObject("Login/button_Masuk Akun")): Object: 'Object Repository/Login/button_Masuk Akun' is clicked on

06-03-2026T17:03:22 - [MESSAGE][PASSED] - Object: 'Object Repository/Login/button_Masuk Akun' is clicked on

06-03-2026T17:03:22 - [TEST_STEP][PASSED] - setText(findTestObject("Login/input_Show password"), password): Text 'Password@1' is set on object 'Object Repository/Login/input_Show password'

06-03-2026T17:03:23 - [MESSAGE][PASSED] - Text 'Password@1' is set on object 'Object Repository/Login/input_Show password'

06-03-2026T17:03:23 - [TEST_STEP][PASSED] - delay(5): Delayed 5 second(s)

06-03-2026T17:03:28 - [MESSAGE][PASSED] - Delayed 5 second(s)

06-03-2026T17:03:28 - [TEST_STEP][PASSED] - click(findTestObject("Login/button_Masuk Akun")): Object: 'Object Repository/Login/button_Masuk Akun' is clicked on

06-03-2026T17:03:28 - [MESSAGE][PASSED] - Object: 'Object Repository/Login/button_Masuk Akun' is clicked on

06-03-2026T17:03:28 - [TEST_STEP][WARNING] - if (verifyElementClickable(findTestObject("Login/button_Masuk Akun"), OPTIONAL)): Object 'Object Repository/Login/button_Masuk Akun' is NOT clickable (Root cause: com.kms.katalon.core.exception.StepFailedException: Object 'Object Repository/Login/button_Masuk Akun' is NOT clickable
	at com.kms.katalon.core.webui.keyword.internal.WebUIKeywordMain.stepFailed(WebUIKeywordMain.groovy:177)
	at com.kms.katalon.core.webui.keyword.builtin.VerifyElementClickableKeyword$_verifyElementClickable_closure1.doCall(VerifyElementClickableKeyword.groovy:65)
	at java.base/jdk.internal.reflect.DirectMethodHandleAccessor.invoke(DirectMethodHandleAccessor.java:103)
	at jdk.proxy2/jdk.proxy2.$Proxy55.execute(Unknown Source)
	at com.kms.katalon.core.webui.model.SeleniumActionRetryController.performAction(SeleniumActionRetryController.java:96)
	at com.kms.katalon.core.webui.model.SeleniumActionRetryController.performAction(SeleniumActionRetryController.java:83)
	at com.kms.katalon.core.webui.keyword.internal.WebUIKeywordMain$_runKeywordUntilTimeout_closure1.doCall(WebUIKeywordMain.groovy:135)
	at com.kms.katalon.core.webui.keyword.internal.WebUIKeywordMain$_runKeywordUntilTimeout_closure1.call(WebUIKeywordMain.groovy)
	at com.kms.katalon.core.webui.keyword.internal.WebUIKeywordMain.runKeyword(WebUIKeywordMain.groovy:41)
	at com.kms.katalon.core.webui.keyword.internal.WebUIKeywordMain.runKeywordUntilTimeout(WebUIKeywordMain.groovy:133)
	at com.kms.katalon.core.webui.keyword.builtin.VerifyElementClickableKeyword.verifyElementClickable(VerifyElementClickableKeyword.groovy:77)
	at com.kms.katalon.core.webui.keyword.builtin.VerifyElementClickableKeyword.execute(VerifyElementClickableKeyword.groovy:40)
	at com.kms.katalon.core.keyword.internal.KeywordExecutor.executeKeywordForPlatform(KeywordExecutor.groovy:95)
	at com.kms.katalon.core.webui.keyword.WebUiBuiltInKeywords.verifyElementClickable(WebUiBuiltInKeywords.groovy:628)
	at TC_LOG_01.run(TC_LOG_01:38)
	at com.kms.katalon.core.main.ScriptEngine.run(ScriptEngine.java:194)
	at com.kms.katalon.core.main.ScriptEngine.runScriptAsRawText(ScriptEngine.java:119)
	at com.kms.katalon.core.main.TestCaseExecutor.runScript(TestCaseExecutor.java:502)
	at com.kms.katalon.core.main.TestCaseExecutor.doExecute(TestCaseExecutor.java:493)
	at com.kms.katalon.core.main.TestCaseExecutor.processExecutionPhase(TestCaseExecutor.java:472)
	at com.kms.katalon.core.main.TestCaseExecutor.accessMainPhase(TestCaseExecutor.java:464)
	at com.kms.katalon.core.main.TestCaseExecutor.execute(TestCaseExecutor.java:334)
	at com.kms.katalon.core.main.TestCaseMain.runTestCase(TestCaseMain.java:151)
	at com.kms.katalon.core.keyword.builtin.CallTestCaseKeyword$_callTestCase_closure1.doCall(CallTestCaseKeyword.groovy:59)
	at com.kms.katalon.core.keyword.builtin.CallTestCaseKeyword$_callTestCase_closure1.call(CallTestCaseKeyword.groovy)
	at com.kms.katalon.core.keyword.internal.KeywordMain.runKeyword(KeywordMain.groovy:75)
	at com.kms.katalon.core.keyword.builtin.CallTestCaseKeyword.callTestCase(CallTestCaseKeyword.groovy:81)
	at com.kms.katalon.core.keyword.builtin.CallTestCaseKeyword.execute(CallTestCaseKeyword.groovy:44)
	at com.kms.katalon.core.keyword.internal.KeywordExecutor.executeKeywordForPlatform(KeywordExecutor.groovy:95)
	at com.kms.katalon.core.keyword.BuiltinKeywords.callTestCase(BuiltinKeywords.groovy:294)
	at java.base/jdk.internal.reflect.DirectMethodHandleAccessor.invoke(DirectMethodHandleAccessor.java:103)
	at TC_PO_06.run(TC_PO_06:20)
	at com.kms.katalon.core.main.ScriptEngine.run(ScriptEngine.java:194)
	at com.kms.katalon.core.main.ScriptEngine.runScriptAsRawText(ScriptEngine.java:119)
	at com.kms.katalon.core.main.TestCaseExecutor.runScript(TestCaseExecutor.java:502)
	at com.kms.katalon.core.main.TestCaseExecutor.doExecute(TestCaseExecutor.java:493)
	at com.kms.katalon.core.main.TestCaseExecutor.processExecutionPhase(TestCaseExecutor.java:472)
	at com.kms.katalon.core.main.TestCaseExecutor.accessMainPhase(TestCaseExecutor.java:464)
	at com.kms.katalon.core.main.TestCaseExecutor.execute(TestCaseExecutor.java:334)
	at com.kms.katalon.core.common.CommonExecutor.accessTestCaseMainPhase(CommonExecutor.java:71)
	at com.kms.katalon.core.main.TestSuiteExecutor.accessTestSuiteMainPhase(TestSuiteExecutor.java:163)
	at com.kms.katalon.core.main.TestSuiteExecutor.execute(TestSuiteExecutor.java:120)
	at com.kms.katalon.core.main.TestCaseMain.startTestSuite(TestCaseMain.java:205)
	at S0.run(S0.groovy:40)
	at java.base/jdk.internal.reflect.DirectMethodHandleAccessor.invoke(DirectMethodHandleAccessor.java:103)
)

06-03-2026T17:03:30 - [MESSAGE][WARNING] - Element is detached from the DOM while waiting interactable

06-03-2026T17:03:30 - [MESSAGE][WARNING] - Object 'Object Repository/Login/button_Masuk Akun' is NOT clickable (Root cause: com.kms.katalon.core.exception.StepFailedException: Object 'Object Repository/Login/button_Masuk Akun' is NOT clickable
	at com.kms.katalon.core.webui.keyword.internal.WebUIKeywordMain.stepFailed(WebUIKeywordMain.groovy:177)
	at com.kms.katalon.core.webui.keyword.builtin.VerifyElementClickableKeyword$_verifyElementClickable_closure1.doCall(VerifyElementClickableKeyword.groovy:65)
	at java.base/jdk.internal.reflect.DirectMethodHandleAccessor.invoke(DirectMethodHandleAccessor.java:103)
	at jdk.proxy2/jdk.proxy2.$Proxy55.execute(Unknown Source)
	at com.kms.katalon.core.webui.model.SeleniumActionRetryController.performAction(SeleniumActionRetryController.java:96)
	at com.kms.katalon.core.webui.model.SeleniumActionRetryController.performAction(SeleniumActionRetryController.java:83)
	at com.kms.katalon.core.webui.keyword.internal.WebUIKeywordMain$_runKeywordUntilTimeout_closure1.doCall(WebUIKeywordMain.groovy:135)
	at com.kms.katalon.core.webui.keyword.internal.WebUIKeywordMain$_runKeywordUntilTimeout_closure1.call(WebUIKeywordMain.groovy)
	at com.kms.katalon.core.webui.keyword.internal.WebUIKeywordMain.runKeyword(WebUIKeywordMain.groovy:41)
	at com.kms.katalon.core.webui.keyword.internal.WebUIKeywordMain.runKeywordUntilTimeout(WebUIKeywordMain.groovy:133)
	at com.kms.katalon.core.webui.keyword.builtin.VerifyElementClickableKeyword.verifyElementClickable(VerifyElementClickableKeyword.groovy:77)
	at com.kms.katalon.core.webui.keyword.builtin.VerifyElementClickableKeyword.execute(VerifyElementClickableKeyword.groovy:40)
	at com.kms.katalon.core.keyword.internal.KeywordExecutor.executeKeywordForPlatform(KeywordExecutor.groovy:95)
	at com.kms.katalon.core.webui.keyword.WebUiBuiltInKeywords.verifyElementClickable(WebUiBuiltInKeywords.groovy:628)
	at TC_LOG_01.run(TC_LOG_01:38)
	at com.kms.katalon.core.main.ScriptEngine.run(ScriptEngine.java:194)
	at com.kms.katalon.core.main.ScriptEngine.runScriptAsRawText(ScriptEngine.java:119)
	at com.kms.katalon.core.main.TestCaseExecutor.runScript(TestCaseExecutor.java:502)
	at com.kms.katalon.core.main.TestCaseExecutor.doExecute(TestCaseExecutor.java:493)
	at com.kms.katalon.core.main.TestCaseExecutor.processExecutionPhase(TestCaseExecutor.java:472)
	at com.kms.katalon.core.main.TestCaseExecutor.accessMainPhase(TestCaseExecutor.java:464)
	at com.kms.katalon.core.main.TestCaseExecutor.execute(TestCaseExecutor.java:334)
	at com.kms.katalon.core.main.TestCaseMain.runTestCase(TestCaseMain.java:151)
	at com.kms.katalon.core.keyword.builtin.CallTestCaseKeyword$_callTestCase_closure1.doCall(CallTestCaseKeyword.groovy:59)
	at com.kms.katalon.core.keyword.builtin.CallTestCaseKeyword$_callTestCase_closure1.call(CallTestCaseKeyword.groovy)
	at com.kms.katalon.core.keyword.internal.KeywordMain.runKeyword(KeywordMain.groovy:75)
	at com.kms.katalon.core.keyword.builtin.CallTestCaseKeyword.callTestCase(CallTestCaseKeyword.groovy:81)
	at com.kms.katalon.core.keyword.builtin.CallTestCaseKeyword.execute(CallTestCaseKeyword.groovy:44)
	at com.kms.katalon.core.keyword.internal.KeywordExecutor.executeKeywordForPlatform(KeywordExecutor.groovy:95)
	at com.kms.katalon.core.keyword.BuiltinKeywords.callTestCase(BuiltinKeywords.groovy:294)
	at java.base/jdk.internal.reflect.DirectMethodHandleAccessor.invoke(DirectMethodHandleAccessor.java:103)
	at TC_PO_06.run(TC_PO_06:20)
	at com.kms.katalon.core.main.ScriptEngine.run(ScriptEngine.java:194)
	at com.kms.katalon.core.main.ScriptEngine.runScriptAsRawText(ScriptEngine.java:119)
	at com.kms.katalon.core.main.TestCaseExecutor.runScript(TestCaseExecutor.java:502)
	at com.kms.katalon.core.main.TestCaseExecutor.doExecute(TestCaseExecutor.java:493)
	at com.kms.katalon.core.main.TestCaseExecutor.processExecutionPhase(TestCaseExecutor.java:472)
	at com.kms.katalon.core.main.TestCaseExecutor.accessMainPhase(TestCaseExecutor.java:464)
	at com.kms.katalon.core.main.TestCaseExecutor.execute(TestCaseExecutor.java:334)
	at com.kms.katalon.core.common.CommonExecutor.accessTestCaseMainPhase(CommonExecutor.java:71)
	at com.kms.katalon.core.main.TestSuiteExecutor.accessTestSuiteMainPhase(TestSuiteExecutor.java:163)
	at com.kms.katalon.core.main.TestSuiteExecutor.execute(TestSuiteExecutor.java:120)
	at com.kms.katalon.core.main.TestCaseMain.startTestSuite(TestCaseMain.java:205)
	at S0.run(S0.groovy:40)
	at java.base/jdk.internal.reflect.DirectMethodHandleAccessor.invoke(DirectMethodHandleAccessor.java:103)
)

06-03-2026T17:03:30 - [TEST_STEP][PASSED] - delay(3): Delayed 3 second(s)

06-03-2026T17:03:33 - [MESSAGE][PASSED] - Delayed 3 second(s)

06-03-2026T17:03:33 - [MESSAGE][PASSED] - Call Test Case 'Test Cases/Login/TC_LOG_01' successfully

06-03-2026T17:03:33 - [TEST_STEP][PASSED] - setText(findTestObject("Product Order/input_Indonesia_cy-search-product"), "Mobile Legend"): Text 'Mobile Legend' is set on object 'Object Repository/Product Order/input_Indonesia_cy-search-product'

06-03-2026T17:03:35 - [MESSAGE][PASSED] - Text 'Mobile Legend' is set on object 'Object Repository/Product Order/input_Indonesia_cy-search-product'

06-03-2026T17:03:35 - [TEST_STEP][PASSED] - delay(5): Delayed 5 second(s)

06-03-2026T17:03:40 - [MESSAGE][PASSED] - Delayed 5 second(s)

06-03-2026T17:03:40 - [TEST_STEP][PASSED] - click(findTestObject("Product Order/img_Indonesia_h-12 w-12 rounded-lg object-cover object-top")): Object: 'Object Repository/Product Order/img_Indonesia_h-12 w-12 rounded-lg object-cover object-top' is clicked on

06-03-2026T17:03:40 - [MESSAGE][PASSED] - Object: 'Object Repository/Product Order/img_Indonesia_h-12 w-12 rounded-lg object-cover object-top' is clicked on

06-03-2026T17:03:40 - [TEST_STEP][PASSED] - delay(1): Delayed 1 second(s)

06-03-2026T17:03:41 - [MESSAGE][PASSED] - Delayed 1 second(s)

06-03-2026T17:03:41 - [TEST_STEP][PASSED] - scrollToElement(findTestObject("Product Order/input__User ID"), 5): Scroll to object 'Object Repository/Product Order/input__User ID' successfully

06-03-2026T17:03:46 - [MESSAGE][PASSED] - Scroll to object 'Object Repository/Product Order/input__User ID' successfully

06-03-2026T17:03:46 - [TEST_STEP][PASSED] - setText(findTestObject("Product Order/input__User ID"), user_id): Text '74907682' is set on object 'Object Repository/Product Order/input__User ID'

06-03-2026T17:03:56 - [MESSAGE][WARNING] - Waiting for element timed out

06-03-2026T17:03:57 - [MESSAGE][WARNING] - Waiting for element timed out

06-03-2026T17:03:57 - [MESSAGE][PASSED] - Text '74907682' is set on object 'Object Repository/Product Order/input__User ID'

06-03-2026T17:03:57 - [TEST_STEP][PASSED] - setText(findTestObject("Product Order/input__Zone ID"), zone_id): Text '2136' is set on object 'Object Repository/Product Order/input__Zone ID'

06-03-2026T17:04:07 - [MESSAGE][WARNING] - Waiting for element timed out

06-03-2026T17:04:07 - [MESSAGE][WARNING] - Waiting for element timed out

06-03-2026T17:04:08 - [MESSAGE][PASSED] - Text '2136' is set on object 'Object Repository/Product Order/input__Zone ID'

06-03-2026T17:04:08 - [TEST_STEP][PASSED] - delay(3): Delayed 3 second(s)

06-03-2026T17:04:11 - [MESSAGE][PASSED] - Delayed 3 second(s)

06-03-2026T17:04:11 - [TEST_STEP][PASSED] - scrollToElement(findTestObject("Product Order/input__Email"), 5): Scroll to object 'Object Repository/Product Order/input__Email' successfully

06-03-2026T17:04:11 - [MESSAGE][PASSED] - Scroll to object 'Object Repository/Product Order/input__Email' successfully

06-03-2026T17:04:11 - [TEST_STEP][PASSED] - click(findTestObject("Product Order/button_Weekly Diamond Pass")): Object: 'Object Repository/Product Order/button_Weekly Diamond Pass' is clicked on

06-03-2026T17:04:12 - [MESSAGE][PASSED] - Object: 'Object Repository/Product Order/button_Weekly Diamond Pass' is clicked on

06-03-2026T17:04:12 - [TEST_STEP][PASSED] - delay(1): Delayed 1 second(s)

06-03-2026T17:04:13 - [MESSAGE][PASSED] - Delayed 1 second(s)

06-03-2026T17:04:13 - [TEST_STEP][PASSED] - click(findTestObject("Product Order/button_Rp 27,819")): Object: 'Object Repository/Product Order/button_Rp 27,819' is clicked on

06-03-2026T17:04:13 - [MESSAGE][PASSED] - Object: 'Object Repository/Product Order/button_Rp 27,819' is clicked on

06-03-2026T17:04:13 - [TEST_STEP][PASSED] - verifyTextPresent("Input ini wajib diisi", false): Text 'Input ini wajib diisi' is present on page 

06-03-2026T17:04:14 - [MESSAGE][PASSED] - Text 'Input ini wajib diisi' is present on page 

06-03-2026T17:04:14 - [TEST_STEP][PASSED] - delay(1): Delayed 1 second(s)

06-03-2026T17:04:15 - [MESSAGE][PASSED] - Delayed 1 second(s)]]></system-out>
         <system-err><![CDATA[]]></system-err>
      </testcase>
      <testcase name="Test Cases/Product Order/TC_PO_05" time="31.948" classname="Test Cases/Product Order/TC_PO_05" status="FAILED">
[...]

06-03-2026T17:04:36 - [TEST_STEP][FAILED] - setText(findTestObject("Product Order/input_Indonesia_cy-search-product"), "Mobile Legend"): Unable to set text 'Mobile Legend' of object 'Object Repository/Product Order/input_Indonesia_cy-search-product' (Root cause: com.kms.katalon.core.exception.StepFailedException: Unable to set text 'Mobile Legend' of object 'Object Repository/Product Order/input_Indonesia_cy-search-product'
	at com.kms.katalon.core.webui.keyword.internal.WebUIKeywordMain.stepFailed(WebUIKeywordMain.groovy:177)
	at com.kms.katalon.core.webui.keyword.internal.WebUIKeywordMain.runKeyword(WebUIKeywordMain.groovy:49)
	at com.kms.katalon.core.webui.keyword.internal.WebUIKeywordMain.runKeywordUntilTimeout(WebUIKeywordMain.groovy:133)
	at com.kms.katalon.core.webui.keyword.builtin.SetTextKeyword.setText(SetTextKeyword.groovy:106)
	at com.kms.katalon.core.webui.keyword.builtin.SetTextKeyword.execute(SetTextKeyword.groovy:49)
	at com.kms.katalon.core.keyword.internal.KeywordExecutor.executeKeywordForPlatform(KeywordExecutor.groovy:95)
	at com.kms.katalon.core.webui.keyword.WebUiBuiltInKeywords.setText(WebUiBuiltInKeywords.groovy:1081)
	at TC_PO_05.run(TC_PO_05:22)
	at com.kms.katalon.core.main.ScriptEngine.run(ScriptEngine.java:194)
	at com.kms.katalon.core.main.ScriptEngine.runScriptAsRawText(ScriptEngine.java:119)
	at com.kms.katalon.core.main.TestCaseExecutor.runScript(TestCaseExecutor.java:502)
	at com.kms.katalon.core.main.TestCaseExecutor.doExecute(TestCaseExecutor.java:493)
	at com.kms.katalon.core.main.TestCaseExecutor.processExecutionPhase(TestCaseExecutor.java:472)
	at com.kms.katalon.core.main.TestCaseExecutor.accessMainPhase(TestCaseExecutor.java:464)
	at com.kms.katalon.core.main.TestCaseExecutor.execute(TestCaseExecutor.java:334)
	at com.kms.katalon.core.common.CommonExecutor.accessTestCaseMainPhase(CommonExecutor.java:71)
	at com.kms.katalon.core.main.TestSuiteExecutor.accessTestSuiteMainPhase(TestSuiteExecutor.java:163)
	at com.kms.katalon.core.main.TestSuiteExecutor.execute(TestSuiteExecutor.java:120)
	at com.kms.katalon.core.main.TestCaseMain.startTestSuite(TestCaseMain.java:205)
	at S0.run(S0.groovy:40)
	at java.base/jdk.internal.reflect.DirectMethodHandleAccessor.invoke(DirectMethodHandleAccessor.java:103)
Caused by: org.openqa.selenium.ElementNotInteractableException: element not interactable
  (Session info: MicrosoftEdge=145.0.3800.82)
Build info: version: '4.39.0', revision: '126f156aee'
System info: os.name: 'Windows 11', os.arch: 'amd64', os.version: '10.0', java.version: '21.0.9'
Driver info: com.kms.katalon.selenium.driver.CEdgeDriver
Command: [df1ef4ac992262a35a2253d747150b25, clearElement {id=f.830F13712AF730AB86AF29030A2B8880.d.376679D1F777E03A92914979282863AE.e.52}]
Capabilities {acceptInsecureCerts: false, browserName: MicrosoftEdge, browserVersion: 145.0.3800.82, fedcm:accounts: true, goog:processID: 19732, ms:edgeOptions: {debuggerAddress: localhost:65245}, msedge: {msedgedriverVersion: 145.0.3800.70 (57ed5ba8de27..., userDataDir: C:\Users\X1CARB~1\AppData\L...}, networkConnectionEnabled: false, pageLoadStrategy: normal, platformName: windows, proxy: Proxy(), se:cdp: ws://localhost:65245/devtoo..., se:cdpVersion: 145.0.3800.82, setWindowRect: true, strictFileInteractability: false, timeouts: {implicit: 0, pageLoad: 300000, script: 30000}, unhandledPromptBehavior: {alert: ignore, beforeUnload: ignore, confirm: ignore, default: ignore, file: ignore, prompt: ignore}, webSocketUrl: ws://localhost:34967/sessio..., webauthn:extension:credBlob: true, webauthn:extension:largeBlob: true, webauthn:extension:minPinLength: true, webauthn:extension:prf: true, webauthn:virtualAuthenticators: true}
Element: [[CEdgeDriver: MicrosoftEdge on windows (df1ef4ac992262a35a2253d747150b25)] -> xpath: //input[@value='']]
Session ID: df1ef4ac992262a35a2253d747150b25
	at java.base/jdk.internal.reflect.DirectConstructorHandleAccessor.newInstance(DirectConstructorHandleAccessor.java:62)
	at org.openqa.selenium.remote.ErrorCodec.decode(ErrorCodec.java:167)
	at org.openqa.selenium.remote.codec.w3c.W3CHttpResponseCodec.decode(W3CHttpResponseCodec.java:142)
	at org.openqa.selenium.remote.codec.w3c.W3CHttpResponseCodec.decode(W3CHttpResponseCodec.java:49)
	at org.openqa.selenium.remote.HttpCommandExecutor.execute(HttpCommandExecutor.java:215)
	at org.openqa.selenium.remote.service.DriverCommandExecutor.invokeExecute(DriverCommandExecutor.java:216)
	at org.openqa.selenium.remote.service.DriverCommandExecutor.execute(DriverCommandExecutor.java:174)
	at org.openqa.selenium.remote.RemoteWebDriver.execute(RemoteWebDriver.java:561)
	at org.openqa.selenium.remote.RemoteWebElement.execute(RemoteWebElement.java:223)
	at org.openqa.selenium.remote.RemoteWebElement.clear(RemoteWebElement.java:129)
	at java.base/jdk.internal.reflect.DirectMethodHandleAccessor.invoke(DirectMethodHandleAccessor.java:103)
	at org.openqa.selenium.support.decorators.WebDriverDecorator.call(WebDriverDecorator.java:326)
	at org.openqa.selenium.support.decorators.DefaultDecorated.call(DefaultDecorated.java:48)
	at org.openqa.selenium.support.decorators.WebDriverDecorator.lambda$createProxyFactory$3(WebDriverDecorator.java:416)
	at net.bytebuddy.renamed.java.lang.Object$ByteBuddy$NSW5d7kI.clear(Unknown Source)
	at com.kms.katalon.core.webui.keyword.builtin.SetTextKeyword$_setText_closure1.doCall(SetTextKeyword.groovy:72)
	at java.base/jdk.internal.reflect.DirectMethodHandleAccessor.invoke(DirectMethodHandleAccessor.java:103)
	at jdk.proxy2/jdk.proxy2.$Proxy55.execute(Unknown Source)
	at com.kms.katalon.core.webui.model.SeleniumActionRetryController.performAction(SeleniumActionRetryController.java:96)
	at com.kms.katalon.core.webui.model.SeleniumActionRetryController.performAction(SeleniumActionRetryController.java:83)
	at com.kms.katalon.core.webui.keyword.internal.WebUIKeywordMain$_runKeywordUntilTimeout_closure1.doCall(WebUIKeywordMain.groovy:135)
	at com.kms.katalon.core.webui.keyword.internal.WebUIKeywordMain$_runKeywordUntilTimeout_closure1.call(WebUIKeywordMain.groovy)
	at com.kms.katalon.core.webui.keyword.internal.WebUIKeywordMain.runKeyword(WebUIKeywordMain.groovy:41)
	at com.kms.katalon.core.webui.keyword.internal.WebUIKeywordMain.runKeywordUntilTimeout(WebUIKeywordMain.groovy:133)
	at com.kms.katalon.core.webui.keyword.builtin.SetTextKeyword.setText(SetTextKeyword.groovy:106)
	at com.kms.katalon.core.webui.keyword.builtin.SetTextKeyword.execute(SetTextKeyword.groovy:49)
	at com.kms.katalon.core.keyword.internal.KeywordExecutor.executeKeywordForPlatform(KeywordExecutor.groovy:95)
	at com.kms.katalon.core.webui.keyword.WebUiBuiltInKeywords.setText(WebUiBuiltInKeywords.groovy:1081)
	at Script1772719245683.run(Script1772719245683.groovy:22)
	... 13 more
)

06-03-2026T17:04:46 - [MESSAGE][WARNING] - Waiting for element timed out

06-03-2026T17:04:47 - [MESSAGE][FAILED] - Unable to set text 'Mobile Legend' of object 'Object Repository/Product Order/input_Indonesia_cy-search-product' (Root cause: com.kms.katalon.core.exception.StepFailedException: Unable to set text 'Mobile Legend' of object 'Object Repository/Product Order/input_Indonesia_cy-search-product'
	at com.kms.katalon.core.webui.keyword.internal.WebUIKeywordMain.stepFailed(WebUIKeywordMain.groovy:177)
	at com.kms.katalon.core.webui.keyword.internal.WebUIKeywordMain.runKeyword(WebUIKeywordMain.groovy:49)
	at com.kms.katalon.core.webui.keyword.internal.WebUIKeywordMain.runKeywordUntilTimeout(WebUIKeywordMain.groovy:133)
	at com.kms.katalon.core.webui.keyword.builtin.SetTextKeyword.setText(SetTextKeyword.groovy:106)
	at com.kms.katalon.core.webui.keyword.builtin.SetTextKeyword.execute(SetTextKeyword.groovy:49)
	at com.kms.katalon.core.keyword.internal.KeywordExecutor.executeKeywordForPlatform(KeywordExecutor.groovy:95)
	at com.kms.katalon.core.webui.keyword.WebUiBuiltInKeywords.setText(WebUiBuiltInKeywords.groovy:1081)
	at TC_PO_05.run(TC_PO_05:22)
	at com.kms.katalon.core.main.ScriptEngine.run(ScriptEngine.java:194)
	at com.kms.katalon.core.main.ScriptEngine.runScriptAsRawText(ScriptEngine.java:119)
	at com.kms.katalon.core.main.TestCaseExecutor.runScript(TestCaseExecutor.java:502)
	at com.kms.katalon.core.main.TestCaseExecutor.doExecute(TestCaseExecutor.java:493)
	at com.kms.katalon.core.main.TestCaseExecutor.processExecutionPhase(TestCaseExecutor.java:472)
	at com.kms.katalon.core.main.TestCaseExecutor.accessMainPhase(TestCaseExecutor.java:464)
	at com.kms.katalon.core.main.TestCaseExecutor.execute(TestCaseExecutor.java:334)
	at com.kms.katalon.core.common.CommonExecutor.accessTestCaseMainPhase(CommonExecutor.java:71)
	at com.kms.katalon.core.main.TestSuiteExecutor.accessTestSuiteMainPhase(TestSuiteExecutor.java:163)
	at com.kms.katalon.core.main.TestSuiteExecutor.execute(TestSuiteExecutor.java:120)
	at com.kms.katalon.core.main.TestCaseMain.startTestSuite(TestCaseMain.java:205)
	at S0.run(S0.groovy:40)
	at java.base/jdk.internal.reflect.DirectMethodHandleAccessor.invoke(DirectMethodHandleAccessor.java:103)
Caused by: org.openqa.selenium.ElementNotInteractableException: element not interactable
  (Session info: MicrosoftEdge=145.0.3800.82)
Build info: version: '4.39.0', revision: '126f156aee'
System info: os.name: 'Windows 11', os.arch: 'amd64', os.version: '10.0', java.version: '21.0.9'
Driver info: com.kms.katalon.selenium.driver.CEdgeDriver
Command: [df1ef4ac992262a35a2253d747150b25, clearElement {id=f.830F13712AF730AB86AF29030A2B8880.d.376679D1F777E03A92914979282863AE.e.52}]
Capabilities {acceptInsecureCerts: false, browserName: MicrosoftEdge, browserVersion: 145.0.3800.82, fedcm:accounts: true, goog:processID: 19732, ms:edgeOptions: {debuggerAddress: localhost:65245}, msedge: {msedgedriverVersion: 145.0.3800.70 (57ed5ba8de27..., userDataDir: C:\Users\X1CARB~1\AppData\L...}, networkConnectionEnabled: false, pageLoadStrategy: normal, platformName: windows, proxy: Proxy(), se:cdp: ws://localhost:65245/devtoo..., se:cdpVersion: 145.0.3800.82, setWindowRect: true, strictFileInteractability: false, timeouts: {implicit: 0, pageLoad: 300000, script: 30000}, unhandledPromptBehavior: {alert: ignore, beforeUnload: ignore, confirm: ignore, default: ignore, file: ignore, prompt: ignore}, webSocketUrl: ws://localhost:34967/sessio..., webauthn:extension:credBlob: true, webauthn:extension:largeBlob: true, webauthn:extension:minPinLength: true, webauthn:extension:prf: true, webauthn:virtualAuthenticators: true}
Element: [[CEdgeDriver: MicrosoftEdge on windows (df1ef4ac992262a35a2253d747150b25)] -> xpath: //input[@value='']]
Session ID: df1ef4ac992262a35a2253d747150b25
	at java.base/jdk.internal.reflect.DirectConstructorHandleAccessor.newInstance(DirectConstructorHandleAccessor.java:62)
	at org.openqa.selenium.remote.ErrorCodec.decode(ErrorCodec.java:167)
	at org.openqa.selenium.remote.codec.w3c.W3CHttpResponseCodec.decode(W3CHttpResponseCodec.java:142)
	at org.openqa.selenium.remote.codec.w3c.W3CHttpResponseCodec.decode(W3CHttpResponseCodec.java:49)
	at org.openqa.selenium.remote.HttpCommandExecutor.execute(HttpCommandExecutor.java:215)
	at org.openqa.selenium.remote.service.DriverCommandExecutor.invokeExecute(DriverCommandExecutor.java:216)
	at org.openqa.selenium.remote.service.DriverCommandExecutor.execute(DriverCommandExecutor.java:174)
	at org.openqa.selenium.remote.RemoteWebDriver.execute(RemoteWebDriver.java:561)
	at org.openqa.selenium.remote.RemoteWebElement.execute(RemoteWebElement.java:223)
	at org.openqa.selenium.remote.RemoteWebElement.clear(RemoteWebElement.java:129)
	at java.base/jdk.internal.reflect.DirectMethodHandleAccessor.invoke(DirectMethodHandleAccessor.java:103)
	at org.openqa.selenium.support.decorators.WebDriverDecorator.call(WebDriverDecorator.java:326)
	at org.openqa.selenium.support.decorators.DefaultDecorated.call(DefaultDecorated.java:48)
	at org.openqa.selenium.support.decorators.WebDriverDecorator.lambda$createProxyFactory$3(WebDriverDecorator.java:416)
	at net.bytebuddy.renamed.java.lang.Object$ByteBuddy$NSW5d7kI.clear(Unknown Source)
	at com.kms.katalon.core.webui.keyword.builtin.SetTextKeyword$_setText_closure1.doCall(SetTextKeyword.groovy:72)
	at java.base/jdk.internal.reflect.DirectMethodHandleAccessor.invoke(DirectMethodHandleAccessor.java:103)
	at jdk.proxy2/jdk.proxy2.$Proxy55.execute(Unknown Source)
	at com.kms.katalon.core.webui.model.SeleniumActionRetryController.performAction(SeleniumActionRetryController.java:96)
	at com.kms.katalon.core.webui.model.SeleniumActionRetryController.performAction(SeleniumActionRetryController.java:83)
	at com.kms.katalon.core.webui.keyword.internal.WebUIKeywordMain$_runKeywordUntilTimeout_closure1.doCall(WebUIKeywordMain.groovy:135)
	at com.kms.katalon.core.webui.keyword.internal.WebUIKeywordMain$_runKeywordUntilTimeout_closure1.call(WebUIKeywordMain.groovy)
	at com.kms.katalon.core.webui.keyword.internal.WebUIKeywordMain.runKeyword(WebUIKeywordMain.groovy:41)
	at com.kms.katalon.core.webui.keyword.internal.WebUIKeywordMain.runKeywordUntilTimeout(WebUIKeywordMain.groovy:133)
	at com.kms.katalon.core.webui.keyword.builtin.SetTextKeyword.setText(SetTextKeyword.groovy:106)
	at com.kms.katalon.core.webui.keyword.builtin.SetTextKeyword.execute(SetTextKeyword.groovy:49)
	at com.kms.katalon.core.keyword.internal.KeywordExecutor.executeKeywordForPlatform(KeywordExecutor.groovy:95)
	at com.kms.katalon.core.webui.keyword.WebUiBuiltInKeywords.setText(WebUiBuiltInKeywords.groovy:1081)
	at Script1772719245683.run(Script1772719245683.groovy:22)
	... 13 more
)
[[ATTACHMENT|D:\\VocaGame\\VocaGame\\Reports\\20260306_165831\\Product Order\\20260306_165831\\1772791486767.png]]]]></system-out>
         <system-err><![CDATA[06-03-2026T17:04:15 - [TEST_CASE][FAILED] - Test Cases/Product Order/TC_PO_05: Test Cases/Product Order/TC_PO_05 FAILED.
Reason:
com.kms.katalon.core.exception.StepFailedException: Unable to set text 'Mobile Legend' of object 'Object Repository/Product Order/input_Indonesia_cy-search-product'
	at com.kms.katalon.core.webui.keyword.internal.WebUIKeywordMain.stepFailed(WebUIKeywordMain.groovy:177)
	at com.kms.katalon.core.webui.keyword.internal.WebUIKeywordMain.runKeyword(WebUIKeywordMain.groovy:49)
	at com.kms.katalon.core.webui.keyword.internal.WebUIKeywordMain.runKeywordUntilTimeout(WebUIKeywordMain.groovy:133)
	at com.kms.katalon.core.webui.keyword.builtin.SetTextKeyword.setText(SetTextKeyword.groovy:106)
	at com.kms.katalon.core.webui.keyword.builtin.SetTextKeyword.execute(SetTextKeyword.groovy:49)
	at com.kms.katalon.core.keyword.internal.KeywordExecutor.executeKeywordForPlatform(KeywordExecutor.groovy:95)
	at com.kms.katalon.core.webui.keyword.WebUiBuiltInKeywords.setText(WebUiBuiltInKeywords.groovy:1081)
	at TC_PO_05.run(TC_PO_05:22)
	at com.kms.katalon.core.main.ScriptEngine.run(ScriptEngine.java:194)
	at com.kms.katalon.core.main.ScriptEngine.runScriptAsRawText(ScriptEngine.java:119)
	at com.kms.katalon.core.main.TestCaseExecutor.runScript(TestCaseExecutor.java:502)
	at com.kms.katalon.core.main.TestCaseExecutor.doExecute(TestCaseExecutor.java:493)
	at com.kms.katalon.core.main.TestCaseExecutor.processExecutionPhase(TestCaseExecutor.java:472)
	at com.kms.katalon.core.main.TestCaseExecutor.accessMainPhase(TestCaseExecutor.java:464)
	at com.kms.katalon.core.main.TestCaseExecutor.execute(TestCaseExecutor.java:334)
	at com.kms.katalon.core.common.CommonExecutor.accessTestCaseMainPhase(CommonExecutor.java:71)
	at com.kms.katalon.core.main.TestSuiteExecutor.accessTestSuiteMainPhase(TestSuiteExecutor.java:163)
	at com.kms.katalon.core.main.TestSuiteExecutor.execute(TestSuiteExecutor.java:120)
	at com.kms.katalon.core.main.TestCaseMain.startTestSuite(TestCaseMain.java:205)
	at S0.run(S0.groovy:40)
	at java.base/jdk.internal.reflect.DirectMethodHandleAccessor.invoke(DirectMethodHandleAccessor.java:103)
Caused by: org.openqa.selenium.ElementNotInteractableException: element not interactable
  (Session info: MicrosoftEdge=145.0.3800.82)
Build info: version: '4.39.0', revision: '126f156aee'
System info: os.name: 'Windows 11', os.arch: 'amd64', os.version: '10.0', java.version: '21.0.9'
Driver info: com.kms.katalon.selenium.driver.CEdgeDriver
Command: [df1ef4ac992262a35a2253d747150b25, clearElement {id=f.830F13712AF730AB86AF29030A2B8880.d.376679D1F777E03A92914979282863AE.e.52}]
Capabilities {acceptInsecureCerts: false, browserName: MicrosoftEdge, browserVersion: 145.0.3800.82, fedcm:accounts: true, goog:processID: 19732, ms:edgeOptions: {debuggerAddress: localhost:65245}, msedge: {msedgedriverVersion: 145.0.3800.70 (57ed5ba8de27..., userDataDir: C:\Users\X1CARB~1\AppData\L...}, networkConnectionEnabled: false, pageLoadStrategy: normal, platformName: windows, proxy: Proxy(), se:cdp: ws://localhost:65245/devtoo..., se:cdpVersion: 145.0.3800.82, setWindowRect: true, strictFileInteractability: false, timeouts: {implicit: 0, pageLoad: 300000, script: 30000}, unhandledPromptBehavior: {alert: ignore, beforeUnload: ignore, confirm: ignore, default: ignore, file: ignore, prompt: ignore}, webSocketUrl: ws://localhost:34967/sessio..., webauthn:extension:credBlob: true, webauthn:extension:largeBlob: true, webauthn:extension:minPinLength: true, webauthn:extension:prf: true, webauthn:virtualAuthenticators: true}
Element: [[CEdgeDriver: MicrosoftEdge on windows (df1ef4ac992262a35a2253d747150b25)] -> xpath: //input[@value='']]
Session ID: df1ef4ac992262a35a2253d747150b25
	at java.base/jdk.internal.reflect.DirectConstructorHandleAccessor.newInstance(DirectConstructorHandleAccessor.java:62)
	at org.openqa.selenium.remote.ErrorCodec.decode(ErrorCodec.java:167)
	at org.openqa.selenium.remote.codec.w3c.W3CHttpResponseCodec.decode(W3CHttpResponseCodec.java:142)
	at org.openqa.selenium.remote.codec.w3c.W3CHttpResponseCodec.decode(W3CHttpResponseCodec.java:49)
	at org.openqa.selenium.remote.HttpCommandExecutor.execute(HttpCommandExecutor.java:215)
	at org.openqa.selenium.remote.service.DriverCommandExecutor.invokeExecute(DriverCommandExecutor.java:216)
	at org.openqa.selenium.remote.service.DriverCommandExecutor.execute(DriverCommandExecutor.java:174)
	at org.openqa.selenium.remote.RemoteWebDriver.execute(RemoteWebDriver.java:561)
	at org.openqa.selenium.remote.RemoteWebElement.execute(RemoteWebElement.java:223)
	at org.openqa.selenium.remote.RemoteWebElement.clear(RemoteWebElement.java:129)
	at java.base/jdk.internal.reflect.DirectMethodHandleAccessor.invoke(DirectMethodHandleAccessor.java:103)
	at org.openqa.selenium.support.decorators.WebDriverDecorator.call(WebDriverDecorator.java:326)
	at org.openqa.selenium.support.decorators.DefaultDecorated.call(DefaultDecorated.java:48)
	at org.openqa.selenium.support.decorators.WebDriverDecorator.lambda$createProxyFactory$3(WebDriverDecorator.java:416)
	at net.bytebuddy.renamed.java.lang.Object$ByteBuddy$NSW5d7kI.clear(Unknown Source)
	at com.kms.katalon.core.webui.keyword.builtin.SetTextKeyword$_setText_closure1.doCall(SetTextKeyword.groovy:72)
	at java.base/jdk.internal.reflect.DirectMethodHandleAccessor.invoke(DirectMethodHandleAccessor.java:103)
	at jdk.proxy2/jdk.proxy2.$Proxy55.execute(Unknown Source)
	at com.kms.katalon.core.webui.model.SeleniumActionRetryController.performAction(SeleniumActionRetryController.java:96)
	at com.kms.katalon.core.webui.model.SeleniumActionRetryController.performAction(SeleniumActionRetryController.java:83)
	at com.kms.katalon.core.webui.keyword.internal.WebUIKeywordMain$_runKeywordUntilTimeout_closure1.doCall(WebUIKeywordMain.groovy:135)
	at com.kms.katalon.core.webui.keyword.internal.WebUIKeywordMain$_runKeywordUntilTimeout_closure1.call(WebUIKeywordMain.groovy)
	at com.kms.katalon.core.webui.keyword.internal.WebUIKeywordMain.runKeyword(WebUIKeywordMain.groovy:41)
	... 19 more]]></system-err>
      </testcase>
      <system-out><![CDATA[06-03-2026T16:58:40 - [TEST_SUITE][FAILED] - Product Order: null]]></system-out>
      <system-err><![CDATA[06-03-2026T16:58:40 - [TEST_SUITE][FAILED] - Product Order: null]]></system-err>
   </testsuite>
</testsuites>
