<?xml version="1.0" encoding="UTF-8"?>
<testsuites name="Product Order" time="321.289" tests="6" failures="2" errors="0">
   <testsuite name="Product Order" tests="6" failures="2" errors="0" time="321.289" skipped="0" timestamp="2026-03-06T10:36:45.893Z" hostname="x1 carbon - DESKTOP-72PBSPN" id="Test Suites/Product Order">
      <properties>
         <property name="deviceName" value=""/>
         <property name="devicePlatform"/>
         <property name="logFolder" value="D:\\VocaGame\\VocaGame\\Reports\\20260306_173637\\Product Order\\20260306_173637"/>
         <property name="logFiles" value="D:\\VocaGame\\VocaGame\\Reports\\20260306_173637\\Product Order\\20260306_173637\\console0.log, D:\\VocaGame\\VocaGame\\Reports\\20260306_173637\\Product Order\\20260306_173637\\execution0.log"/>
         <property name="attachments" value="D:\\VocaGame\\VocaGame\\Reports\\20260306_173637\\Product Order\\20260306_173637\\1772793692717.png, D:\\VocaGame\\VocaGame\\Reports\\20260306_173637\\Product Order\\20260306_173637\\1772793726660.png"/>
         <property name="executionBindingVariables" value="[]"/>
         <property name="hostName" value="x1 carbon - DESKTOP-72PBSPN"/>
         <property name="os" value="Windows 11 64bit"/>
         <property name="katalonVersion" value="11.0.1.0"/>
         <property name="browser" value="Edge Chromium 145.0.3800.82"/>
         <property name="userFullName" value="Devanz"/>
         <property name="hostAddress" value="192.168.1.4"/>
         <property name="sessionId" value="55a7500d48df826645fff82d216beffd"/>
         <property name="projectName" value="VocaGame"/>
         <property name="seleniumVersion" value="4.39.0"/>
         <property name="proxyInformation" value="ProxyInformation { proxyOption=NO_PROXY, proxyServerType=HTTP, username=, password=********, proxyServerAddress=, proxyServerPort=0, executionList=&quot;&quot;, isApplyToDesiredCapabilities=true }"/>
         <property name="platform" value="Windows 11"/>
      </properties>
      <testcase name="Test Cases/Product Order/TC_PO_01" time="83.0" classname="Test Cases/Product Order/TC_PO_01" status="PASSED">
         <system-out><![CDATA[06-03-2026T17:36:46 - [TEST_CASE][PASSED] - Test Cases/Product Order/TC_PO_01: Test Cases/Product Order/TC_PO_01

06-03-2026T17:36:47 - [TEST_STEP][PASSED] - callTestCase(findTestCase("Login/TC_LOG_01"), [:], STOP_ON_FAILURE): Call Test Case 'Test Cases/Login/TC_LOG_01' successfully

06-03-2026T17:36:47 - [TEST_CASE][PASSED] - Test Cases/Login/TC_LOG_01: Test Cases/Login/TC_LOG_01

06-03-2026T17:36:47 - [TEST_STEP][PASSED] - openBrowser(url): Browser is opened with url: 'https://vocagame.com/'

06-03-2026T17:36:48 - [MESSAGE][INFO] - Starting 'Edge Chromium' driver

06-03-2026T17:36:48 - [MESSAGE][INFO] - Action delay is set to 0 milliseconds

06-03-2026T17:36:52 - [MESSAGE][PASSED] - Browser is opened with url: 'https://vocagame.com/'

06-03-2026T17:36:52 - [TEST_STEP][PASSED] - maximizeWindow(): Current window maximized

06-03-2026T17:36:53 - [MESSAGE][PASSED] - Current window maximized

06-03-2026T17:36:53 - [TEST_STEP][PASSED] - delay(3): Delayed 3 second(s)

06-03-2026T17:36:56 - [MESSAGE][PASSED] - Delayed 3 second(s)

06-03-2026T17:36:56 - [TEST_STEP][PASSED] - click(findTestObject("Register/button_Masuk")): Object: 'Object Repository/Register/button_Masuk' is clicked on

06-03-2026T17:36:56 - [MESSAGE][PASSED] - Object: 'Object Repository/Register/button_Masuk' is clicked on

06-03-2026T17:36:56 - [TEST_STEP][PASSED] - setText(findTestObject("Login/input_Nomor HP atau email"), valid_email): Text 'deyantraa@gmail.com' is set on object 'Object Repository/Login/input_Nomor HP atau email'

06-03-2026T17:36:59 - [MESSAGE][PASSED] - Text 'deyantraa@gmail.com' is set on object 'Object Repository/Login/input_Nomor HP atau email'

06-03-2026T17:36:59 - [TEST_STEP][PASSED] - click(findTestObject("Login/button_Masuk Akun")): Object: 'Object Repository/Login/button_Masuk Akun' is clicked on

06-03-2026T17:37:00 - [MESSAGE][PASSED] - Object: 'Object Repository/Login/button_Masuk Akun' is clicked on

06-03-2026T17:37:00 - [TEST_STEP][PASSED] - setText(findTestObject("Login/input_Show password"), password): Text 'Password@1' is set on object 'Object Repository/Login/input_Show password'

06-03-2026T17:37:01 - [MESSAGE][PASSED] - Text 'Password@1' is set on object 'Object Repository/Login/input_Show password'

06-03-2026T17:37:01 - [TEST_STEP][PASSED] - delay(5): Delayed 5 second(s)

06-03-2026T17:37:06 - [MESSAGE][PASSED] - Delayed 5 second(s)

06-03-2026T17:37:06 - [TEST_STEP][PASSED] - click(findTestObject("Login/button_Masuk Akun")): Object: 'Object Repository/Login/button_Masuk Akun' is clicked on

06-03-2026T17:37:07 - [MESSAGE][PASSED] - Object: 'Object Repository/Login/button_Masuk Akun' is clicked on

06-03-2026T17:37:07 - [TEST_STEP][WARNING] - if (verifyElementClickable(findTestObject("Login/button_Masuk Akun"), OPTIONAL)): Web element with id: 'Object Repository/Login/button_Masuk Akun' located by 'By.xpath: //button[@type='submit']' not found (Root cause: com.kms.katalon.core.exception.StepFailedException: Web element with id: 'Object Repository/Login/button_Masuk Akun' located by 'By.xpath: //button[@type='submit']' not found
	at com.kms.katalon.core.webui.keyword.internal.WebUIKeywordMain.stepFailed(WebUIKeywordMain.groovy:177)
	at com.kms.katalon.core.webui.keyword.builtin.VerifyElementClickableKeyword$_verifyElementClickable_closure1.doCall(VerifyElementClickableKeyword.groovy:69)
	at java.base/jdk.internal.reflect.DirectMethodHandleAccessor.invoke(DirectMethodHandleAccessor.java:103)
	at jdk.proxy2/jdk.proxy2.$Proxy55.execute(Unknown Source)
	at com.kms.katalon.core.webui.model.SeleniumActionRetryController.performAction(SeleniumActionRetryController.java:96)
	at com.kms.katalon.core.webui.model.SeleniumActionRetryController.performAction(SeleniumActionRetryController.java:83)
	at com.kms.katalon.core.webui.keyword.internal.WebUIKeywordMain$_runKeywordUntilTimeout_closure1.doCall(WebUIKeywordMain.groovy:135)
	at com.kms.katalon.core.webui.keyword.internal.WebUIKeywordMain$_runKeywordUntilTimeout_closure1.call(WebUIKeywordMain.groovy)
	at com.kms.katalon.core.webui.keyword.internal.WebUIKeywordMain.runKeyword(WebUIKeywordMain.groovy:41)
	at com.kms.katalon.core.webui.keyword.internal.WebUIKeywordMain.runKeywordUntilTimeout(WebUIKeywordMain.groovy:133)
	at com.kms.katalon.core.webui.keyword.builtin.VerifyElementClickableKeyword.verifyElementClickable(VerifyElementClickableKeyword.groovy:77)
	at com.kms.katalon.core.webui.keyword.builtin.VerifyElementClickableKeyword.execute(VerifyElementClickableKeyword.groovy:40)
	at com.kms.katalon.core.keyword.internal.KeywordExecutor.executeKeywordForPlatform(KeywordExecutor.groovy:95)
	at com.kms.katalon.core.webui.keyword.WebUiBuiltInKeywords.verifyElementClickable(WebUiBuiltInKeywords.groovy:628)
	at TC_LOG_01.run(TC_LOG_01:38)
	at com.kms.katalon.core.main.ScriptEngine.run(ScriptEngine.java:194)
	at com.kms.katalon.core.main.ScriptEngine.runScriptAsRawText(ScriptEngine.java:119)
	at com.kms.katalon.core.main.TestCaseExecutor.runScript(TestCaseExecutor.java:502)
	at com.kms.katalon.core.main.TestCaseExecutor.doExecute(TestCaseExecutor.java:493)
	at com.kms.katalon.core.main.TestCaseExecutor.processExecutionPhase(TestCaseExecutor.java:472)
	at com.kms.katalon.core.main.TestCaseExecutor.accessMainPhase(TestCaseExecutor.java:464)
	at com.kms.katalon.core.main.TestCaseExecutor.execute(TestCaseExecutor.java:334)
	at com.kms.katalon.core.main.TestCaseMain.runTestCase(TestCaseMain.java:151)
	at com.kms.katalon.core.keyword.builtin.CallTestCaseKeyword$_callTestCase_closure1.doCall(CallTestCaseKeyword.groovy:59)
	at com.kms.katalon.core.keyword.builtin.CallTestCaseKeyword$_callTestCase_closure1.call(CallTestCaseKeyword.groovy)
	at com.kms.katalon.core.keyword.internal.KeywordMain.runKeyword(KeywordMain.groovy:75)
	at com.kms.katalon.core.keyword.builtin.CallTestCaseKeyword.callTestCase(CallTestCaseKeyword.groovy:81)
	at com.kms.katalon.core.keyword.builtin.CallTestCaseKeyword.execute(CallTestCaseKeyword.groovy:44)
	at com.kms.katalon.core.keyword.internal.KeywordExecutor.executeKeywordForPlatform(KeywordExecutor.groovy:95)
	at com.kms.katalon.core.keyword.BuiltinKeywords.callTestCase(BuiltinKeywords.groovy:294)
	at java.base/jdk.internal.reflect.DirectMethodHandleAccessor.invoke(DirectMethodHandleAccessor.java:103)
	at TC_PO_01.run(TC_PO_01:21)
	at com.kms.katalon.core.main.ScriptEngine.run(ScriptEngine.java:194)
	at com.kms.katalon.core.main.ScriptEngine.runScriptAsRawText(ScriptEngine.java:119)
	at com.kms.katalon.core.main.TestCaseExecutor.runScript(TestCaseExecutor.java:502)
	at com.kms.katalon.core.main.TestCaseExecutor.doExecute(TestCaseExecutor.java:493)
	at com.kms.katalon.core.main.TestCaseExecutor.processExecutionPhase(TestCaseExecutor.java:472)
	at com.kms.katalon.core.main.TestCaseExecutor.accessMainPhase(TestCaseExecutor.java:464)
	at com.kms.katalon.core.main.TestCaseExecutor.execute(TestCaseExecutor.java:334)
	at com.kms.katalon.core.common.CommonExecutor.accessTestCaseMainPhase(CommonExecutor.java:71)
	at com.kms.katalon.core.main.TestSuiteExecutor.accessTestSuiteMainPhase(TestSuiteExecutor.java:163)
	at com.kms.katalon.core.main.TestSuiteExecutor.execute(TestSuiteExecutor.java:120)
	at com.kms.katalon.core.main.TestCaseMain.startTestSuite(TestCaseMain.java:205)
	at S0.run(S0.groovy:40)
	at java.base/jdk.internal.reflect.DirectMethodHandleAccessor.invoke(DirectMethodHandleAccessor.java:103)
)

06-03-2026T17:37:17 - [MESSAGE][WARNING] - Web element with id: 'Object Repository/Login/button_Masuk Akun' located by 'By.xpath: //button[@type='submit']' not found (Root cause: com.kms.katalon.core.exception.StepFailedException: Web element with id: 'Object Repository/Login/button_Masuk Akun' located by 'By.xpath: //button[@type='submit']' not found
	at com.kms.katalon.core.webui.keyword.internal.WebUIKeywordMain.stepFailed(WebUIKeywordMain.groovy:177)
	at com.kms.katalon.core.webui.keyword.builtin.VerifyElementClickableKeyword$_verifyElementClickable_closure1.doCall(VerifyElementClickableKeyword.groovy:69)
	at java.base/jdk.internal.reflect.DirectMethodHandleAccessor.invoke(DirectMethodHandleAccessor.java:103)
	at jdk.proxy2/jdk.proxy2.$Proxy55.execute(Unknown Source)
	at com.kms.katalon.core.webui.model.SeleniumActionRetryController.performAction(SeleniumActionRetryController.java:96)
	at com.kms.katalon.core.webui.model.SeleniumActionRetryController.performAction(SeleniumActionRetryController.java:83)
	at com.kms.katalon.core.webui.keyword.internal.WebUIKeywordMain$_runKeywordUntilTimeout_closure1.doCall(WebUIKeywordMain.groovy:135)
	at com.kms.katalon.core.webui.keyword.internal.WebUIKeywordMain$_runKeywordUntilTimeout_closure1.call(WebUIKeywordMain.groovy)
	at com.kms.katalon.core.webui.keyword.internal.WebUIKeywordMain.runKeyword(WebUIKeywordMain.groovy:41)
	at com.kms.katalon.core.webui.keyword.internal.WebUIKeywordMain.runKeywordUntilTimeout(WebUIKeywordMain.groovy:133)
	at com.kms.katalon.core.webui.keyword.builtin.VerifyElementClickableKeyword.verifyElementClickable(VerifyElementClickableKeyword.groovy:77)
	at com.kms.katalon.core.webui.keyword.builtin.VerifyElementClickableKeyword.execute(VerifyElementClickableKeyword.groovy:40)
	at com.kms.katalon.core.keyword.internal.KeywordExecutor.executeKeywordForPlatform(KeywordExecutor.groovy:95)
	at com.kms.katalon.core.webui.keyword.WebUiBuiltInKeywords.verifyElementClickable(WebUiBuiltInKeywords.groovy:628)
	at TC_LOG_01.run(TC_LOG_01:38)
	at com.kms.katalon.core.main.ScriptEngine.run(ScriptEngine.java:194)
	at com.kms.katalon.core.main.ScriptEngine.runScriptAsRawText(ScriptEngine.java:119)
	at com.kms.katalon.core.main.TestCaseExecutor.runScript(TestCaseExecutor.java:502)
	at com.kms.katalon.core.main.TestCaseExecutor.doExecute(TestCaseExecutor.java:493)
	at com.kms.katalon.core.main.TestCaseExecutor.processExecutionPhase(TestCaseExecutor.java:472)
	at com.kms.katalon.core.main.TestCaseExecutor.accessMainPhase(TestCaseExecutor.java:464)
	at com.kms.katalon.core.main.TestCaseExecutor.execute(TestCaseExecutor.java:334)
	at com.kms.katalon.core.main.TestCaseMain.runTestCase(TestCaseMain.java:151)
	at com.kms.katalon.core.keyword.builtin.CallTestCaseKeyword$_callTestCase_closure1.doCall(CallTestCaseKeyword.groovy:59)
	at com.kms.katalon.core.keyword.builtin.CallTestCaseKeyword$_callTestCase_closure1.call(CallTestCaseKeyword.groovy)
	at com.kms.katalon.core.keyword.internal.KeywordMain.runKeyword(KeywordMain.groovy:75)
	at com.kms.katalon.core.keyword.builtin.CallTestCaseKeyword.callTestCase(CallTestCaseKeyword.groovy:81)
	at com.kms.katalon.core.keyword.builtin.CallTestCaseKeyword.execute(CallTestCaseKeyword.groovy:44)
	at com.kms.katalon.core.keyword.internal.KeywordExecutor.executeKeywordForPlatform(KeywordExecutor.groovy:95)
	at com.kms.katalon.core.keyword.BuiltinKeywords.callTestCase(BuiltinKeywords.groovy:294)
	at java.base/jdk.internal.reflect.DirectMethodHandleAccessor.invoke(DirectMethodHandleAccessor.java:103)
	at TC_PO_01.run(TC_PO_01:21)
	at com.kms.katalon.core.main.ScriptEngine.run(ScriptEngine.java:194)
	at com.kms.katalon.core.main.ScriptEngine.runScriptAsRawText(ScriptEngine.java:119)
	at com.kms.katalon.core.main.TestCaseExecutor.runScript(TestCaseExecutor.java:502)
	at com.kms.katalon.core.main.TestCaseExecutor.doExecute(TestCaseExecutor.java:493)
	at com.kms.katalon.core.main.TestCaseExecutor.processExecutionPhase(TestCaseExecutor.java:472)
	at com.kms.katalon.core.main.TestCaseExecutor.accessMainPhase(TestCaseExecutor.java:464)
	at com.kms.katalon.core.main.TestCaseExecutor.execute(TestCaseExecutor.java:334)
	at com.kms.katalon.core.common.CommonExecutor.accessTestCaseMainPhase(CommonExecutor.java:71)
	at com.kms.katalon.core.main.TestSuiteExecutor.accessTestSuiteMainPhase(TestSuiteExecutor.java:163)
	at com.kms.katalon.core.main.TestSuiteExecutor.execute(TestSuiteExecutor.java:120)
	at com.kms.katalon.core.main.TestCaseMain.startTestSuite(TestCaseMain.java:205)
	at S0.run(S0.groovy:40)
	at java.base/jdk.internal.reflect.DirectMethodHandleAccessor.invoke(DirectMethodHandleAccessor.java:103)
)

06-03-2026T17:37:17 - [TEST_STEP][PASSED] - delay(3): Delayed 3 second(s)

06-03-2026T17:37:20 - [MESSAGE][PASSED] - Delayed 3 second(s)

06-03-2026T17:37:20 - [MESSAGE][PASSED] - Call Test Case 'Test Cases/Login/TC_LOG_01' successfully

06-03-2026T17:37:20 - [TEST_STEP][PASSED] - setText(findTestObject("Product Order/input_Indonesia_cy-search-product"), "Mobile Legend"): Text 'Mobile Legend' is set on object 'Object Repository/Product Order/input_Indonesia_cy-search-product'

06-03-2026T17:37:21 - [MESSAGE][PASSED] - Text 'Mobile Legend' is set on object 'Object Repository/Product Order/input_Indonesia_cy-search-product'

06-03-2026T17:37:21 - [TEST_STEP][PASSED] - delay(5): Delayed 5 second(s)

06-03-2026T17:37:26 - [MESSAGE][PASSED] - Delayed 5 second(s)

06-03-2026T17:37:26 - [TEST_STEP][PASSED] - click(findTestObject("Product Order/img_Indonesia_h-12 w-12 rounded-lg object-cover object-top")): Object: 'Object Repository/Product Order/img_Indonesia_h-12 w-12 rounded-lg object-cover object-top' is clicked on

06-03-2026T17:37:26 - [MESSAGE][PASSED] - Object: 'Object Repository/Product Order/img_Indonesia_h-12 w-12 rounded-lg object-cover object-top' is clicked on

06-03-2026T17:37:26 - [TEST_STEP][PASSED] - delay(1): Delayed 1 second(s)

06-03-2026T17:37:27 - [MESSAGE][PASSED] - Delayed 1 second(s)

06-03-2026T17:37:27 - [TEST_STEP][PASSED] - scrollToElement(findTestObject("Product Order/input__User ID"), 5): Scroll to object 'Object Repository/Product Order/input__User ID' successfully

06-03-2026T17:37:29 - [MESSAGE][PASSED] - Scroll to object 'Object Repository/Product Order/input__User ID' successfully

06-03-2026T17:37:29 - [TEST_STEP][PASSED] - setText(findTestObject("Product Order/input__User ID"), user_id): Text '74907682' is set on object 'Object Repository/Product Order/input__User ID'

06-03-2026T17:37:39 - [MESSAGE][WARNING] - Waiting for element timed out

06-03-2026T17:37:39 - [MESSAGE][WARNING] - Waiting for element timed out

06-03-2026T17:37:39 - [MESSAGE][PASSED] - Text '74907682' is set on object 'Object Repository/Product Order/input__User ID'

06-03-2026T17:37:39 - [TEST_STEP][PASSED] - setText(findTestObject("Product Order/input__Zone ID"), zone_id): Text '2136' is set on object 'Object Repository/Product Order/input__Zone ID'

06-03-2026T17:37:49 - [MESSAGE][WARNING] - Waiting for element timed out

06-03-2026T17:37:50 - [MESSAGE][WARNING] - Waiting for element timed out

06-03-2026T17:37:50 - [MESSAGE][PASSED] - Text '2136' is set on object 'Object Repository/Product Order/input__Zone ID'

06-03-2026T17:37:50 - [TEST_STEP][PASSED] - delay(3): Delayed 3 second(s)

06-03-2026T17:37:53 - [MESSAGE][PASSED] - Delayed 3 second(s)

06-03-2026T17:37:53 - [TEST_STEP][PASSED] - scrollToElement(findTestObject("Product Order/input__Email"), 5): Scroll to object 'Object Repository/Product Order/input__Email' successfully

06-03-2026T17:37:53 - [MESSAGE][PASSED] - Scroll to object 'Object Repository/Product Order/input__Email' successfully

06-03-2026T17:37:53 - [TEST_STEP][PASSED] - setText(findTestObject("Product Order/input__Email"), valid_email): Text 'deyantraa@gmail.com' is set on object 'Object Repository/Product Order/input__Email'

06-03-2026T17:37:55 - [MESSAGE][PASSED] - Text 'deyantraa@gmail.com' is set on object 'Object Repository/Product Order/input__Email'

06-03-2026T17:37:55 - [TEST_STEP][PASSED] - click(findTestObject("Product Order/button_Weekly Diamond Pass")): Object: 'Object Repository/Product Order/button_Weekly Diamond Pass' is clicked on

06-03-2026T17:37:55 - [MESSAGE][PASSED] - Object: 'Object Repository/Product Order/button_Weekly Diamond Pass' is clicked on

06-03-2026T17:37:55 - [TEST_STEP][PASSED] - delay(3): Delayed 3 second(s)

06-03-2026T17:37:58 - [MESSAGE][PASSED] - Delayed 3 second(s)

06-03-2026T17:37:58 - [TEST_STEP][PASSED] - click(findTestObject("Product Order/button_Rp 27,819")): Object: 'Object Repository/Product Order/button_Rp 27,819' is clicked on

06-03-2026T17:37:59 - [MESSAGE][PASSED] - Object: 'Object Repository/Product Order/button_Rp 27,819' is clicked on

06-03-2026T17:37:59 - [TEST_STEP][PASSED] - delay(2): Delayed 2 second(s)

06-03-2026T17:38:01 - [MESSAGE][PASSED] - Delayed 2 second(s)

06-03-2026T17:38:01 - [TEST_STEP][PASSED] - click(findTestObject("Product Order/svg_Buy_lucide lucide-chevron-down h-4 w-4 shrink-0 transition-transform duration-200")): Object: 'Object Repository/Product Order/svg_Buy_lucide lucide-chevron-down h-4 w-4 shrink-0 transition-transform duration-200' is clicked on

06-03-2026T17:38:01 - [MESSAGE][PASSED] - Object: 'Object Repository/Product Order/svg_Buy_lucide lucide-chevron-down h-4 w-4 shrink-0 transition-transform duration-200' is clicked on

06-03-2026T17:38:01 - [TEST_STEP][PASSED] - click(findTestObject("Product Order/p_QRIS")): Object: 'Object Repository/Product Order/p_QRIS' is clicked on

06-03-2026T17:38:02 - [MESSAGE][PASSED] - Object: 'Object Repository/Product Order/p_QRIS' is clicked on

06-03-2026T17:38:02 - [TEST_STEP][PASSED] - delay(3): Delayed 3 second(s)

06-03-2026T17:38:05 - [MESSAGE][PASSED] - Delayed 3 second(s)

06-03-2026T17:38:05 - [TEST_STEP][PASSED] - buyButton = findTestObject("Object Repository/Product Order/button_Buy"): null

06-03-2026T17:38:05 - [TEST_STEP][PASSED] - executeJavaScript("arguments[0].click();", Arrays.asList(findWebElement(buyButton))): Execute JavaScript 'arguments[0].click();' successfully

06-03-2026T17:38:05 - [MESSAGE][PASSED] - Found web element by test object Object Repository/Product Order/button_Buy

06-03-2026T17:38:05 - [MESSAGE][PASSED] - Execute JavaScript 'arguments[0].click();' successfully

06-03-2026T17:38:05 - [TEST_STEP][PASSED] - delay(3): Delayed 3 second(s)

06-03-2026T17:38:08 - [MESSAGE][PASSED] - Delayed 3 second(s)

06-03-2026T17:38:08 - [TEST_STEP][PASSED] - verifyElementVisible(findTestObject("Product Order/span_nomor pesanan")): Object 'Object Repository/Product Order/span_nomor pesanan' is visible

06-03-2026T17:38:09 - [MESSAGE][PASSED] - Object 'Object Repository/Product Order/span_nomor pesanan' is visible]]></system-out>
         <system-err><![CDATA[]]></system-err>
      </testcase>
      <testcase name="Test Cases/Product Order/TC_PO_02" time="52.826" classname="Test Cases/Product Order/TC_PO_02" status="PASSED">
         <system-out><![CDATA[06-03-2026T17:38:09 - [TEST_CASE][PASSED] - Test Cases/Product Order/TC_PO_02: Test Cases/Product Order/TC_PO_02

06-03-2026T17:38:09 - [TEST_STEP][PASSED] - callTestCase(findTestCase("Login/TC_LOG_01"), [:], STOP_ON_FAILURE): Call Test Case 'Test Cases/Login/TC_LOG_01' successfully

06-03-2026T17:38:09 - [TEST_CASE][PASSED] - Test Cases/Login/TC_LOG_01: Test Cases/Login/TC_LOG_01

06-03-2026T17:38:09 - [TEST_STEP][PASSED] - openBrowser(url): Browser is opened with url: 'https://vocagame.com/'

06-03-2026T17:38:09 - [MESSAGE][WARNING] - A browser is already opened. Closing browser and opening a new one

06-03-2026T17:38:09 - [MESSAGE][INFO] - Starting 'Edge Chromium' driver

06-03-2026T17:38:09 - [MESSAGE][INFO] - Action delay is set to 0 milliseconds

06-03-2026T17:38:12 - [MESSAGE][PASSED] - Browser is opened with url: 'https://vocagame.com/'

06-03-2026T17:38:12 - [TEST_STEP][PASSED] - maximizeWindow(): Current window maximized

06-03-2026T17:38:12 - [MESSAGE][PASSED] - Current window maximized

06-03-2026T17:38:12 - [TEST_STEP][PASSED] - delay(3): Delayed 3 second(s)

06-03-2026T17:38:15 - [MESSAGE][PASSED] - Delayed 3 second(s)

06-03-2026T17:38:15 - [TEST_STEP][PASSED] - click(findTestObject("Register/button_Masuk")): Object: 'Object Repository/Register/button_Masuk' is clicked on

06-03-2026T17:38:16 - [MESSAGE][PASSED] - Object: 'Object Repository/Register/button_Masuk' is clicked on

06-03-2026T17:38:16 - [TEST_STEP][PASSED] - setText(findTestObject("Login/input_Nomor HP atau email"), valid_email): Text 'deyantraa@gmail.com' is set on object 'Object Repository/Login/input_Nomor HP atau email'

06-03-2026T17:38:19 - [MESSAGE][PASSED] - Text 'deyantraa@gmail.com' is set on object 'Object Repository/Login/input_Nomor HP atau email'

06-03-2026T17:38:19 - [TEST_STEP][PASSED] - click(findTestObject("Login/button_Masuk Akun")): Object: 'Object Repository/Login/button_Masuk Akun' is clicked on

06-03-2026T17:38:20 - [MESSAGE][PASSED] - Object: 'Object Repository/Login/button_Masuk Akun' is clicked on

06-03-2026T17:38:20 - [TEST_STEP][PASSED] - setText(findTestObject("Login/input_Show password"), password): Text 'Password@1' is set on object 'Object Repository/Login/input_Show password'

06-03-2026T17:38:21 - [MESSAGE][PASSED] - Text 'Password@1' is set on object 'Object Repository/Login/input_Show password'

06-03-2026T17:38:21 - [TEST_STEP][PASSED] - delay(5): Delayed 5 second(s)

06-03-2026T17:38:26 - [MESSAGE][PASSED] - Delayed 5 second(s)

06-03-2026T17:38:26 - [TEST_STEP][PASSED] - click(findTestObject("Login/button_Masuk Akun")): Object: 'Object Repository/Login/button_Masuk Akun' is clicked on

06-03-2026T17:38:26 - [MESSAGE][PASSED] - Object: 'Object Repository/Login/button_Masuk Akun' is clicked on

06-03-2026T17:38:26 - [TEST_STEP][PASSED] - if (verifyElementClickable(findTestObject("Login/button_Masuk Akun"), OPTIONAL)): null

06-03-2026T17:38:27 - [MESSAGE][PASSED] - Object 'Object Repository/Login/button_Masuk Akun' is clickable

06-03-2026T17:38:27 - [TEST_STEP][PASSED] - click(findTestObject("Login/button_Masuk Akun")): Object: 'Object Repository/Login/button_Masuk Akun' is clicked on

06-03-2026T17:38:27 - [MESSAGE][PASSED] - Object: 'Object Repository/Login/button_Masuk Akun' is clicked on

06-03-2026T17:38:27 - [TEST_STEP][PASSED] - delay(3): Delayed 3 second(s)

06-03-2026T17:38:30 - [MESSAGE][PASSED] - Delayed 3 second(s)

06-03-2026T17:38:30 - [MESSAGE][PASSED] - Call Test Case 'Test Cases/Login/TC_LOG_01' successfully

06-03-2026T17:38:30 - [TEST_STEP][PASSED] - setText(findTestObject("Product Order/input_Indonesia_cy-search-product"), "Mobile Legend"): Text 'Mobile Legend' is set on object 'Object Repository/Product Order/input_Indonesia_cy-search-product'

06-03-2026T17:38:32 - [MESSAGE][PASSED] - Text 'Mobile Legend' is set on object 'Object Repository/Product Order/input_Indonesia_cy-search-product'

06-03-2026T17:38:32 - [TEST_STEP][PASSED] - delay(5): Delayed 5 second(s)

06-03-2026T17:38:37 - [MESSAGE][PASSED] - Delayed 5 second(s)

06-03-2026T17:38:37 - [TEST_STEP][PASSED] - click(findTestObject("Product Order/img_Indonesia_h-12 w-12 rounded-lg object-cover object-top")): Object: 'Object Repository/Product Order/img_Indonesia_h-12 w-12 rounded-lg object-cover object-top' is clicked on

06-03-2026T17:38:37 - [MESSAGE][PASSED] - Object: 'Object Repository/Product Order/img_Indonesia_h-12 w-12 rounded-lg object-cover object-top' is clicked on

06-03-2026T17:38:37 - [TEST_STEP][PASSED] - delay(1): Delayed 1 second(s)

06-03-2026T17:38:38 - [MESSAGE][PASSED] - Delayed 1 second(s)

06-03-2026T17:38:38 - [TEST_STEP][PASSED] - scrollToElement(findTestObject("Product Order/input__User ID"), 5): Scroll to object 'Object Repository/Product Order/input__User ID' successfully

06-03-2026T17:38:43 - [MESSAGE][PASSED] - Scroll to object 'Object Repository/Product Order/input__User ID' successfully

06-03-2026T17:38:43 - [TEST_STEP][PASSED] - setText(findTestObject("Product Order/input__Zone ID"), zone_id): Text '2136' is set on object 'Object Repository/Product Order/input__Zone ID'

06-03-2026T17:38:53 - [MESSAGE][WARNING] - Waiting for element timed out

06-03-2026T17:38:54 - [MESSAGE][WARNING] - Waiting for element timed out

06-03-2026T17:38:54 - [MESSAGE][PASSED] - Text '2136' is set on object 'Object Repository/Product Order/input__Zone ID'

06-03-2026T17:38:54 - [TEST_STEP][PASSED] - delay(3): Delayed 3 second(s)

06-03-2026T17:38:57 - [MESSAGE][PASSED] - Delayed 3 second(s)

06-03-2026T17:38:57 - [TEST_STEP][PASSED] - scrollToElement(findTestObject("Product Order/input__Email"), 5): Scroll to object 'Object Repository/Product Order/input__Email' successfully

06-03-2026T17:38:57 - [MESSAGE][PASSED] - Scroll to object 'Object Repository/Product Order/input__Email' successfully

06-03-2026T17:38:57 - [TEST_STEP][PASSED] - setText(findTestObject("Product Order/input__Email"), valid_email): Text 'deyantraa@gmail.com' is set on object 'Object Repository/Product Order/input__Email'

06-03-2026T17:38:59 - [MESSAGE][PASSED] - Text 'deyantraa@gmail.com' is set on object 'Object Repository/Product Order/input__Email'

06-03-2026T17:38:59 - [TEST_STEP][PASSED] - click(findTestObject("Product Order/button_Weekly Diamond Pass")): Object: 'Object Repository/Product Order/button_Weekly Diamond Pass' is clicked on

06-03-2026T17:39:00 - [MESSAGE][PASSED] - Object: 'Object Repository/Product Order/button_Weekly Diamond Pass' is clicked on

06-03-2026T17:39:00 - [TEST_STEP][PASSED] - delay(1): Delayed 1 second(s)

06-03-2026T17:39:01 - [MESSAGE][PASSED] - Delayed 1 second(s)

06-03-2026T17:39:01 - [TEST_STEP][PASSED] - click(findTestObject("Product Order/button_Rp 27,819")): Object: 'Object Repository/Product Order/button_Rp 27,819' is clicked on

06-03-2026T17:39:01 - [MESSAGE][PASSED] - Object: 'Object Repository/Product Order/button_Rp 27,819' is clicked on

06-03-2026T17:39:01 - [TEST_STEP][PASSED] - verifyTextPresent("Input ini wajib diisi", false): Text 'Input ini wajib diisi' is present on page 

06-03-2026T17:39:02 - [MESSAGE][PASSED] - Text 'Input ini wajib diisi' is present on page]]></system-out>
         <system-err><![CDATA[]]></system-err>
      </testcase>
      <testcase name="Test Cases/Product Order/TC_PO_03" time="54.247" classname="Test Cases/Product Order/TC_PO_03" status="PASSED">
         <system-out><![CDATA[06-03-2026T17:39:02 - [TEST_CASE][PASSED] - Test Cases/Product Order/TC_PO_03: Test Cases/Product Order/TC_PO_03

06-03-2026T17:39:02 - [TEST_STEP][PASSED] - callTestCase(findTestCase("Login/TC_LOG_01"), [:], STOP_ON_FAILURE): Call Test Case 'Test Cases/Login/TC_LOG_01' successfully

06-03-2026T17:39:02 - [TEST_CASE][PASSED] - Test Cases/Login/TC_LOG_01: Test Cases/Login/TC_LOG_01

06-03-2026T17:39:02 - [TEST_STEP][PASSED] - openBrowser(url): Browser is opened with url: 'https://vocagame.com/'

06-03-2026T17:39:02 - [MESSAGE][WARNING] - A browser is already opened. Closing browser and opening a new one

06-03-2026T17:39:02 - [MESSAGE][INFO] - Starting 'Edge Chromium' driver

06-03-2026T17:39:02 - [MESSAGE][INFO] - Action delay is set to 0 milliseconds

06-03-2026T17:39:05 - [MESSAGE][PASSED] - Browser is opened with url: 'https://vocagame.com/'

06-03-2026T17:39:05 - [TEST_STEP][PASSED] - maximizeWindow(): Current window maximized

06-03-2026T17:39:06 - [MESSAGE][PASSED] - Current window maximized

06-03-2026T17:39:06 - [TEST_STEP][PASSED] - delay(3): Delayed 3 second(s)

06-03-2026T17:39:09 - [MESSAGE][PASSED] - Delayed 3 second(s)

06-03-2026T17:39:09 - [TEST_STEP][PASSED] - click(findTestObject("Register/button_Masuk")): Object: 'Object Repository/Register/button_Masuk' is clicked on

06-03-2026T17:39:09 - [MESSAGE][PASSED] - Object: 'Object Repository/Register/button_Masuk' is clicked on

06-03-2026T17:39:09 - [TEST_STEP][PASSED] - setText(findTestObject("Login/input_Nomor HP atau email"), valid_email): Text 'deyantraa@gmail.com' is set on object 'Object Repository/Login/input_Nomor HP atau email'

06-03-2026T17:39:12 - [MESSAGE][PASSED] - Text 'deyantraa@gmail.com' is set on object 'Object Repository/Login/input_Nomor HP atau email'

06-03-2026T17:39:12 - [TEST_STEP][PASSED] - click(findTestObject("Login/button_Masuk Akun")): Object: 'Object Repository/Login/button_Masuk Akun' is clicked on

06-03-2026T17:39:12 - [MESSAGE][PASSED] - Object: 'Object Repository/Login/button_Masuk Akun' is clicked on

06-03-2026T17:39:12 - [TEST_STEP][PASSED] - setText(findTestObject("Login/input_Show password"), password): Text 'Password@1' is set on object 'Object Repository/Login/input_Show password'

06-03-2026T17:39:13 - [MESSAGE][PASSED] - Text 'Password@1' is set on object 'Object Repository/Login/input_Show password'

06-03-2026T17:39:13 - [TEST_STEP][PASSED] - delay(5): Delayed 5 second(s)

06-03-2026T17:39:18 - [MESSAGE][PASSED] - Delayed 5 second(s)

06-03-2026T17:39:18 - [TEST_STEP][PASSED] - click(findTestObject("Login/button_Masuk Akun")): Object: 'Object Repository/Login/button_Masuk Akun' is clicked on

06-03-2026T17:39:19 - [MESSAGE][PASSED] - Object: 'Object Repository/Login/button_Masuk Akun' is clicked on

06-03-2026T17:39:19 - [TEST_STEP][PASSED] - if (verifyElementClickable(findTestObject("Login/button_Masuk Akun"), OPTIONAL)): null

06-03-2026T17:39:20 - [MESSAGE][PASSED] - Object 'Object Repository/Login/button_Masuk Akun' is clickable

06-03-2026T17:39:20 - [TEST_STEP][PASSED] - click(findTestObject("Login/button_Masuk Akun")): Object: 'Object Repository/Login/button_Masuk Akun' is clicked on

06-03-2026T17:39:20 - [MESSAGE][PASSED] - Object: 'Object Repository/Login/button_Masuk Akun' is clicked on

06-03-2026T17:39:20 - [TEST_STEP][PASSED] - delay(3): Delayed 3 second(s)

06-03-2026T17:39:23 - [MESSAGE][PASSED] - Delayed 3 second(s)

06-03-2026T17:39:23 - [MESSAGE][PASSED] - Call Test Case 'Test Cases/Login/TC_LOG_01' successfully

06-03-2026T17:39:23 - [TEST_STEP][PASSED] - setText(findTestObject("Product Order/input_Indonesia_cy-search-product"), "Mobile Legend"): Text 'Mobile Legend' is set on object 'Object Repository/Product Order/input_Indonesia_cy-search-product'

06-03-2026T17:39:26 - [MESSAGE][PASSED] - Text 'Mobile Legend' is set on object 'Object Repository/Product Order/input_Indonesia_cy-search-product'

06-03-2026T17:39:26 - [TEST_STEP][PASSED] - delay(5): Delayed 5 second(s)

06-03-2026T17:39:31 - [MESSAGE][PASSED] - Delayed 5 second(s)

06-03-2026T17:39:31 - [TEST_STEP][PASSED] - click(findTestObject("Product Order/img_Indonesia_h-12 w-12 rounded-lg object-cover object-top")): Object: 'Object Repository/Product Order/img_Indonesia_h-12 w-12 rounded-lg object-cover object-top' is clicked on

06-03-2026T17:39:31 - [MESSAGE][PASSED] - Object: 'Object Repository/Product Order/img_Indonesia_h-12 w-12 rounded-lg object-cover object-top' is clicked on

06-03-2026T17:39:31 - [TEST_STEP][PASSED] - delay(1): Delayed 1 second(s)

06-03-2026T17:39:32 - [MESSAGE][PASSED] - Delayed 1 second(s)

06-03-2026T17:39:32 - [TEST_STEP][PASSED] - scrollToElement(findTestObject("Product Order/input__User ID"), 5): Scroll to object 'Object Repository/Product Order/input__User ID' successfully

06-03-2026T17:39:37 - [MESSAGE][PASSED] - Scroll to object 'Object Repository/Product Order/input__User ID' successfully

06-03-2026T17:39:37 - [TEST_STEP][PASSED] - setText(findTestObject("Product Order/input__User ID"), user_id): Text '74907682' is set on object 'Object Repository/Product Order/input__User ID'

06-03-2026T17:39:47 - [MESSAGE][WARNING] - Waiting for element timed out

06-03-2026T17:39:48 - [MESSAGE][WARNING] - Waiting for element timed out

06-03-2026T17:39:48 - [MESSAGE][PASSED] - Text '74907682' is set on object 'Object Repository/Product Order/input__User ID'

06-03-2026T17:39:48 - [TEST_STEP][PASSED] - delay(3): Delayed 3 second(s)

06-03-2026T17:39:51 - [MESSAGE][PASSED] - Delayed 3 second(s)

06-03-2026T17:39:51 - [TEST_STEP][PASSED] - scrollToElement(findTestObject("Product Order/input__Email"), 5): Scroll to object 'Object Repository/Product Order/input__Email' successfully

06-03-2026T17:39:51 - [MESSAGE][PASSED] - Scroll to object 'Object Repository/Product Order/input__Email' successfully

06-03-2026T17:39:51 - [TEST_STEP][PASSED] - setText(findTestObject("Product Order/input__Email"), valid_email): Text 'deyantraa@gmail.com' is set on object 'Object Repository/Product Order/input__Email'

06-03-2026T17:39:53 - [MESSAGE][PASSED] - Text 'deyantraa@gmail.com' is set on object 'Object Repository/Product Order/input__Email'

06-03-2026T17:39:53 - [TEST_STEP][PASSED] - click(findTestObject("Product Order/button_Weekly Diamond Pass")): Object: 'Object Repository/Product Order/button_Weekly Diamond Pass' is clicked on

06-03-2026T17:39:54 - [MESSAGE][PASSED] - Object: 'Object Repository/Product Order/button_Weekly Diamond Pass' is clicked on

06-03-2026T17:39:54 - [TEST_STEP][PASSED] - delay(1): Delayed 1 second(s)

06-03-2026T17:39:55 - [MESSAGE][PASSED] - Delayed 1 second(s)

06-03-2026T17:39:55 - [TEST_STEP][PASSED] - click(findTestObject("Product Order/button_Rp 27,819")): Object: 'Object Repository/Product Order/button_Rp 27,819' is clicked on

06-03-2026T17:39:55 - [MESSAGE][PASSED] - Object: 'Object Repository/Product Order/button_Rp 27,819' is clicked on

06-03-2026T17:39:55 - [TEST_STEP][PASSED] - verifyTextPresent("Input ini wajib diisi", false): Text 'Input ini wajib diisi' is present on page 

06-03-2026T17:39:56 - [MESSAGE][PASSED] - Text 'Input ini wajib diisi' is present on page]]></system-out>
         <system-err><![CDATA[]]></system-err>
      </testcase>
      <testcase name="Test Cases/Product Order/TC_PO_04" time="64.152" classname="Test Cases/Product Order/TC_PO_04" status="PASSED">
         <system-out><![CDATA[06-03-2026T17:39:56 - [TEST_CASE][PASSED] - Test Cases/Product Order/TC_PO_04: Test Cases/Product Order/TC_PO_04

06-03-2026T17:39:56 - [TEST_STEP][PASSED] - callTestCase(findTestCase("Login/TC_LOG_01"), [:], STOP_ON_FAILURE): Call Test Case 'Test Cases/Login/TC_LOG_01' successfully

06-03-2026T17:39:56 - [TEST_CASE][PASSED] - Test Cases/Login/TC_LOG_01: Test Cases/Login/TC_LOG_01

06-03-2026T17:39:56 - [TEST_STEP][PASSED] - openBrowser(url): Browser is opened with url: 'https://vocagame.com/'

06-03-2026T17:39:56 - [MESSAGE][WARNING] - A browser is already opened. Closing browser and opening a new one

06-03-2026T17:39:57 - [MESSAGE][INFO] - Starting 'Edge Chromium' driver

06-03-2026T17:39:57 - [MESSAGE][INFO] - Action delay is set to 0 milliseconds

06-03-2026T17:40:00 - [MESSAGE][PASSED] - Browser is opened with url: 'https://vocagame.com/'

06-03-2026T17:40:00 - [TEST_STEP][PASSED] - maximizeWindow(): Current window maximized

06-03-2026T17:40:00 - [MESSAGE][PASSED] - Current window maximized

06-03-2026T17:40:00 - [TEST_STEP][PASSED] - delay(3): Delayed 3 second(s)

06-03-2026T17:40:03 - [MESSAGE][PASSED] - Delayed 3 second(s)

06-03-2026T17:40:03 - [TEST_STEP][PASSED] - click(findTestObject("Register/button_Masuk")): Object: 'Object Repository/Register/button_Masuk' is clicked on

06-03-2026T17:40:04 - [MESSAGE][PASSED] - Object: 'Object Repository/Register/button_Masuk' is clicked on

06-03-2026T17:40:04 - [TEST_STEP][PASSED] - setText(findTestObject("Login/input_Nomor HP atau email"), valid_email): Text 'deyantraa@gmail.com' is set on object 'Object Repository/Login/input_Nomor HP atau email'

06-03-2026T17:40:06 - [MESSAGE][PASSED] - Text 'deyantraa@gmail.com' is set on object 'Object Repository/Login/input_Nomor HP atau email'

06-03-2026T17:40:06 - [TEST_STEP][PASSED] - click(findTestObject("Login/button_Masuk Akun")): Object: 'Object Repository/Login/button_Masuk Akun' is clicked on

06-03-2026T17:40:07 - [MESSAGE][PASSED] - Object: 'Object Repository/Login/button_Masuk Akun' is clicked on

06-03-2026T17:40:07 - [TEST_STEP][PASSED] - setText(findTestObject("Login/input_Show password"), password): Text 'Password@1' is set on object 'Object Repository/Login/input_Show password'

06-03-2026T17:40:08 - [MESSAGE][PASSED] - Text 'Password@1' is set on object 'Object Repository/Login/input_Show password'

06-03-2026T17:40:08 - [TEST_STEP][PASSED] - delay(5): Delayed 5 second(s)

06-03-2026T17:40:13 - [MESSAGE][PASSED] - Delayed 5 second(s)

06-03-2026T17:40:13 - [TEST_STEP][PASSED] - click(findTestObject("Login/button_Masuk Akun")): Object: 'Object Repository/Login/button_Masuk Akun' is clicked on

06-03-2026T17:40:13 - [MESSAGE][PASSED] - Object: 'Object Repository/Login/button_Masuk Akun' is clicked on

06-03-2026T17:40:13 - [TEST_STEP][PASSED] - if (verifyElementClickable(findTestObject("Login/button_Masuk Akun"), OPTIONAL)): null

06-03-2026T17:40:14 - [MESSAGE][PASSED] - Object 'Object Repository/Login/button_Masuk Akun' is clickable

06-03-2026T17:40:14 - [TEST_STEP][PASSED] - click(findTestObject("Login/button_Masuk Akun")): Object: 'Object Repository/Login/button_Masuk Akun' is clicked on

06-03-2026T17:40:14 - [MESSAGE][PASSED] - Object: 'Object Repository/Login/button_Masuk Akun' is clicked on

06-03-2026T17:40:14 - [TEST_STEP][PASSED] - delay(3): Delayed 3 second(s)

06-03-2026T17:40:17 - [MESSAGE][PASSED] - Delayed 3 second(s)

06-03-2026T17:40:17 - [MESSAGE][PASSED] - Call Test Case 'Test Cases/Login/TC_LOG_01' successfully

06-03-2026T17:40:17 - [TEST_STEP][PASSED] - setText(findTestObject("Product Order/input_Indonesia_cy-search-product"), "Mobile Legend"): Text 'Mobile Legend' is set on object 'Object Repository/Product Order/input_Indonesia_cy-search-product'

06-03-2026T17:40:19 - [MESSAGE][PASSED] - Text 'Mobile Legend' is set on object 'Object Repository/Product Order/input_Indonesia_cy-search-product'

06-03-2026T17:40:19 - [TEST_STEP][PASSED] - delay(5): Delayed 5 second(s)

06-03-2026T17:40:24 - [MESSAGE][PASSED] - Delayed 5 second(s)

06-03-2026T17:40:24 - [TEST_STEP][PASSED] - click(findTestObject("Product Order/img_Indonesia_h-12 w-12 rounded-lg object-cover object-top")): Object: 'Object Repository/Product Order/img_Indonesia_h-12 w-12 rounded-lg object-cover object-top' is clicked on

06-03-2026T17:40:25 - [MESSAGE][PASSED] - Object: 'Object Repository/Product Order/img_Indonesia_h-12 w-12 rounded-lg object-cover object-top' is clicked on

06-03-2026T17:40:25 - [TEST_STEP][PASSED] - delay(1): Delayed 1 second(s)

06-03-2026T17:40:26 - [MESSAGE][PASSED] - Delayed 1 second(s)

06-03-2026T17:40:26 - [TEST_STEP][PASSED] - scrollToElement(findTestObject("Product Order/input__User ID"), 5): Scroll to object 'Object Repository/Product Order/input__User ID' successfully

06-03-2026T17:40:31 - [MESSAGE][PASSED] - Scroll to object 'Object Repository/Product Order/input__User ID' successfully

06-03-2026T17:40:31 - [TEST_STEP][PASSED] - setText(findTestObject("Product Order/input__User ID"), "222222"): Text '222222' is set on object 'Object Repository/Product Order/input__User ID'

06-03-2026T17:40:41 - [MESSAGE][WARNING] - Waiting for element timed out

06-03-2026T17:40:42 - [MESSAGE][WARNING] - Waiting for element timed out

06-03-2026T17:40:42 - [MESSAGE][PASSED] - Text '222222' is set on object 'Object Repository/Product Order/input__User ID'

06-03-2026T17:40:42 - [TEST_STEP][PASSED] - setText(findTestObject("Product Order/input__Zone ID"), "11111"): Text '11111' is set on object 'Object Repository/Product Order/input__Zone ID'

06-03-2026T17:40:52 - [MESSAGE][WARNING] - Waiting for element timed out

06-03-2026T17:40:52 - [MESSAGE][WARNING] - Waiting for element timed out

06-03-2026T17:40:53 - [MESSAGE][PASSED] - Text '11111' is set on object 'Object Repository/Product Order/input__Zone ID'

06-03-2026T17:40:53 - [TEST_STEP][PASSED] - scrollToElement(findTestObject("Product Order/input__Email"), 5): Scroll to object 'Object Repository/Product Order/input__Email' successfully

06-03-2026T17:40:53 - [MESSAGE][PASSED] - Scroll to object 'Object Repository/Product Order/input__Email' successfully

06-03-2026T17:40:53 - [TEST_STEP][PASSED] - setText(findTestObject("Product Order/input__Email"), valid_email): Text 'deyantraa@gmail.com' is set on object 'Object Repository/Product Order/input__Email'

06-03-2026T17:40:55 - [MESSAGE][PASSED] - Text 'deyantraa@gmail.com' is set on object 'Object Repository/Product Order/input__Email'

06-03-2026T17:40:55 - [TEST_STEP][PASSED] - click(findTestObject("Product Order/button_Weekly Diamond Pass")): Object: 'Object Repository/Product Order/button_Weekly Diamond Pass' is clicked on

06-03-2026T17:40:56 - [MESSAGE][PASSED] - Object: 'Object Repository/Product Order/button_Weekly Diamond Pass' is clicked on

06-03-2026T17:40:56 - [TEST_STEP][PASSED] - delay(1): Delayed 1 second(s)

06-03-2026T17:40:57 - [MESSAGE][PASSED] - Delayed 1 second(s)

06-03-2026T17:40:57 - [TEST_STEP][PASSED] - click(findTestObject("Product Order/button_Rp 27,819")): Object: 'Object Repository/Product Order/button_Rp 27,819' is clicked on

06-03-2026T17:40:58 - [MESSAGE][PASSED] - Object: 'Object Repository/Product Order/button_Rp 27,819' is clicked on

06-03-2026T17:40:58 - [TEST_STEP][PASSED] - delay(2): Delayed 2 second(s)

06-03-2026T17:41:00 - [MESSAGE][PASSED] - Delayed 2 second(s)

06-03-2026T17:41:00 - [TEST_STEP][PASSED] - verifyTextPresent("Akun yang anda masukkan tidak terdaftar", false): Text 'Akun yang anda masukkan tidak terdaftar' is present on page 

06-03-2026T17:41:00 - [MESSAGE][PASSED] - Text 'Akun yang anda masukkan tidak terdaftar' is present on page]]></system-out>
         <system-err><![CDATA[]]></system-err>
      </testcase>
      <testcase name="Test Cases/Product Order/TC_PO_05" time="32.598" classname="Test Cases/Product Order/TC_PO_05" status="FAILED">
         <failure type="FAILED" message="Test Cases/Product Order/TC_PO_05 FAILED.&#xa;Reason:&#xa;com.kms.katalon.core.exception.StepFailedException: Unable to set text 'Mobile Legend' of object 'Object Repository/Product Order/input_Indonesia_cy-search-product'&#xa;	at com.kms.katalon.core.webui.keyword.internal.WebUIKeywordMain.stepFailed(WebUIKeywordMain.groovy:177)&#xa;	at com.kms.katalon.core.webui.keyword.internal.WebUIKeywordMain.runKeyword(WebUIKeywordMain.groovy:49)&#xa;	at com.kms.katalon.core.webui.keyword.internal.WebUIKeywordMain.runKeywordUntilTimeout(WebUIKeywordMain.groovy:133)&#xa;	at com.kms.katalon.core.webui.keyword.builtin.SetTextKeyword.setText(SetTextKeyword.groovy:106)&#xa;	at com.kms.katalon.core.webui.keyword.builtin.SetTextKeyword.execute(SetTextKeyword.groovy:49)&#xa;	at com.kms.katalon.core.keyword.internal.KeywordExecutor.executeKeywordForPlatform(KeywordExecutor.groovy:95)&#xa;	at com.kms.katalon.core.webui.keyword.WebUiBuiltInKeywords.setText(WebUiBuiltInKeywords.groovy:1081)&#xa;	at TC_PO_05.run(TC_PO_05:22)&#xa;	at com.kms.katalon.core.main.ScriptEngine.run(ScriptEngine.java:194)&#xa;	at com.kms.katalon.core.main.ScriptEngine.runScriptAsRawText(ScriptEngine.java:119)&#xa;	at com.kms.katalon.core.main.TestCaseExecutor.runScript(TestCaseExecutor.java:502)&#xa;	at com.kms.katalon.core.main.TestCaseExecutor.doExecute(TestCaseExecutor.java:493)&#xa;	at com.kms.katalon.core.main.TestCaseExecutor.processExecutionPhase(TestCaseExecutor.java:472)&#xa;	at com.kms.katalon.core.main.TestCaseExecutor.accessMainPhase(TestCaseExecutor.java:464)&#xa;	at com.kms.katalon.core.main.TestCaseExecutor.execute(TestCaseExecutor.java:334)&#xa;	at com.kms.katalon.core.common.CommonExecutor.accessTestCaseMainPhase(CommonExecutor.java:71)&#xa;	at com.kms.katalon.core.main.TestSuiteExecutor.accessTestSuiteMainPhase(TestSuiteExecutor.java:163)&#xa;	at com.kms.katalon.core.main.TestSuiteExecutor.execute(TestSuiteExecutor.java:120)&#xa;	at com.kms.katalon.core.main.TestCaseMain.startTestSuite(TestCaseMain.java:205)&#xa;	at S0.run(S0.groovy:40)&#xa;	at java.base/jdk.internal.reflect.DirectMethodHandleAccessor.invoke(DirectMethodHandleAccessor.java:103)&#xa;Caused by: org.openqa.selenium.ElementNotInteractableException: element not interactable&#xa;  (Session info: MicrosoftEdge=145.0.3800.82)&#xa;Build info: version: '4.39.0', revision: '126f156aee'&#xa;System info: os.name: 'Windows 11', os.arch: 'amd64', os.version: '10.0', java.version: '21.0.9'&#xa;Driver info: com.kms.katalon.selenium.driver.CEdgeDriver&#xa;Command: [edb7326521f1c4ef410429e47afbccc6, clearElement {id=f.FAC5F3C6F8CDE6504D5F8F92F4769036.d.6192D707913F539A2F846A695D4147DC.e.45}]&#xa;Capabilities {acceptInsecureCerts: false, browserName: MicrosoftEdge, browserVersion: 145.0.3800.82, fedcm:accounts: true, goog:processID: 21356, ms:edgeOptions: {debuggerAddress: localhost:51456}, msedge: {msedgedriverVersion: 145.0.3800.70 (57ed5ba8de27..., userDataDir: C:\Users\X1CARB~1\AppData\L...}, networkConnectionEnabled: false, pageLoadStrategy: normal, platformName: windows, proxy: Proxy(), se:cdp: ws://localhost:51456/devtoo..., se:cdpVersion: 145.0.3800.82, setWindowRect: true, strictFileInteractability: false, timeouts: {implicit: 0, pageLoad: 300000, script: 30000}, unhandledPromptBehavior: {alert: ignore, beforeUnload: ignore, confirm: ignore, default: ignore, file: ignore, prompt: ignore}, webSocketUrl: ws://localhost:14545/sessio..., webauthn:extension:credBlob: true, webauthn:extension:largeBlob: true, webauthn:extension:minPinLength: true, webauthn:extension:prf: true, webauthn:virtualAuthenticators: true}&#xa;Element: [[CEdgeDriver: MicrosoftEdge on windows (edb7326521f1c4ef410429e47afbccc6)] -> xpath: //input[@value='']]&#xa;Session ID: edb7326521f1c4ef410429e47afbccc6&#xa;	at java.base/jdk.internal.reflect.DirectConstructorHandleAccessor.newInstance(DirectConstructorHandleAccessor.java:62)&#xa;	at org.openqa.selenium.remote.ErrorCodec.decode(ErrorCodec.java:167)&#xa;	at org.openqa.selenium.remote.codec.w3c.W3CHttpResponseCodec.decode(W3CHttpResponseCodec.java:142)&#xa;	at org.openqa.selenium.remote.codec.w3c.W3CHttpResponseCodec.decode(W3CHttpResponseCodec.java:49)&#xa;	at org.openqa.selenium.remote.HttpCommandExecutor.execute(HttpCommandExecutor.java:215)&#xa;	at org.openqa.selenium.remote.service.DriverCommandExecutor.invokeExecute(DriverCommandExecutor.java:216)&#xa;	at org.openqa.selenium.remote.service.DriverCommandExecutor.execute(DriverCommandExecutor.java:174)&#xa;	at org.openqa.selenium.remote.RemoteWebDriver.execute(RemoteWebDriver.java:561)&#xa;	at org.openqa.selenium.remote.RemoteWebElement.execute(RemoteWebElement.java:223)&#xa;	at org.openqa.selenium.remote.RemoteWebElement.clear(RemoteWebElement.java:129)&#xa;	at java.base/jdk.internal.reflect.DirectMethodHandleAccessor.invoke(DirectMethodHandleAccessor.java:103)&#xa;	at org.openqa.selenium.support.decorators.WebDriverDecorator.call(WebDriverDecorator.java:326)&#xa;	at org.openqa.selenium.support.decorators.DefaultDecorated.call(DefaultDecorated.java:48)&#xa;	at org.openqa.selenium.support.decorators.WebDriverDecorator.lambda$createProxyFactory$3(WebDriverDecorator.java:416)&#xa;	at net.bytebuddy.renamed.java.lang.Object$ByteBuddy$BkJKkypL.clear(Unknown Source)&#xa;	at com.kms.katalon.core.webui.keyword.builtin.SetTextKeyword$_setText_closure1.doCall(SetTextKeyword.groovy:72)&#xa;	at java.base/jdk.internal.reflect.DirectMethodHandleAccessor.invoke(DirectMethodHandleAccessor.java:103)&#xa;	at jdk.proxy2/jdk.proxy2.$Proxy55.execute(Unknown Source)&#xa;	at com.kms.katalon.core.webui.model.SeleniumActionRetryController.performAction(SeleniumActionRetryController.java:96)&#xa;	at com.kms.katalon.core.webui.model.SeleniumActionRetryController.performAction(SeleniumActionRetryController.java:83)&#xa;	at com.kms.katalon.core.webui.keyword.internal.WebUIKeywordMain$_runKeywordUntilTimeout_closure1.doCall(WebUIKeywordMain.groovy:135)&#xa;	at com.kms.katalon.core.webui.keyword.internal.WebUIKeywordMain$_runKeywordUntilTimeout_closure1.call(WebUIKeywordMain.groovy)&#xa;	at com.kms.katalon.core.webui.keyword.internal.WebUIKeywordMain.runKeyword(WebUIKeywordMain.groovy:41)&#xa;	... 19 more&#xa;"/>
         <system-out><![CDATA[06-03-2026T17:41:00 - [TEST_CASE][FAILED] - Test Cases/Product Order/TC_PO_05: Test Cases/Product Order/TC_PO_05 FAILED.
Reason:
com.kms.katalon.core.exception.StepFailedException: Unable to set text 'Mobile Legend' of object 'Object Repository/Product Order/input_Indonesia_cy-search-product'
	at com.kms.katalon.core.webui.keyword.internal.WebUIKeywordMain.stepFailed(WebUIKeywordMain.groovy:177)
	at com.kms.katalon.core.webui.keyword.internal.WebUIKeywordMain.runKeyword(WebUIKeywordMain.groovy:49)
	at com.kms.katalon.core.webui.keyword.internal.WebUIKeywordMain.runKeywordUntilTimeout(WebUIKeywordMain.groovy:133)
	at com.kms.katalon.core.webui.keyword.builtin.SetTextKeyword.setText(SetTextKeyword.groovy:106)
	at com.kms.katalon.core.webui.keyword.builtin.SetTextKeyword.execute(SetTextKeyword.groovy:49)
	at com.kms.katalon.core.keyword.internal.KeywordExecutor.executeKeywordForPlatform(KeywordExecutor.groovy:95)
	at com.kms.katalon.core.webui.keyword.WebUiBuiltInKeywords.setText(WebUiBuiltInKeywords.groovy:1081)
	at TC_PO_05.run(TC_PO_05:22)
	at com.kms.katalon.core.main.ScriptEngine.run(ScriptEngine.java:194)
	at com.kms.katalon.core.main.ScriptEngine.runScriptAsRawText(ScriptEngine.java:119)
	at com.kms.katalon.core.main.TestCaseExecutor.runScript(TestCaseExecutor.java:502)
	at com.kms.katalon.core.main.TestCaseExecutor.doExecute(TestCaseExecutor.java:493)
	at com.kms.katalon.core.main.TestCaseExecutor.processExecutionPhase(TestCaseExecutor.java:472)
	at com.kms.katalon.core.main.TestCaseExecutor.accessMainPhase(TestCaseExecutor.java:464)
	at com.kms.katalon.core.main.TestCaseExecutor.execute(TestCaseExecutor.java:334)
	at com.kms.katalon.core.common.CommonExecutor.accessTestCaseMainPhase(CommonExecutor.java:71)
	at com.kms.katalon.core.main.TestSuiteExecutor.accessTestSuiteMainPhase(TestSuiteExecutor.java:163)
	at com.kms.katalon.core.main.TestSuiteExecutor.execute(TestSuiteExecutor.java:120)
	at com.kms.katalon.core.main.TestCaseMain.startTestSuite(TestCaseMain.java:205)
	at S0.run(S0.groovy:40)
	at java.base/jdk.internal.reflect.DirectMethodHandleAccessor.invoke(DirectMethodHandleAccessor.java:103)
Caused by: org.openqa.selenium.ElementNotInteractableException: element not interactable
  (Session info: MicrosoftEdge=145.0.3800.82)
Build info: version: '4.39.0', revision: '126f156aee'
System info: os.name: 'Windows 11', os.arch: 'amd64', os.version: '10.0', java.version: '21.0.9'
Driver info: com.kms.katalon.selenium.driver.CEdgeDriver
Command: [edb7326521f1c4ef410429e47afbccc6, clearElement {id=f.FAC5F3C6F8CDE6504D5F8F92F4769036.d.6192D707913F539A2F846A695D4147DC.e.45}]
Capabilities {acceptInsecureCerts: false, browserName: MicrosoftEdge, browserVersion: 145.0.3800.82, fedcm:accounts: true, goog:processID: 21356, ms:edgeOptions: {debuggerAddress: localhost:51456}, msedge: {msedgedriverVersion: 145.0.3800.70 (57ed5ba8de27..., userDataDir: C:\Users\X1CARB~1\AppData\L...}, networkConnectionEnabled: false, pageLoadStrategy: normal, platformName: windows, proxy: Proxy(), se:cdp: ws://localhost:51456/devtoo..., se:cdpVersion: 145.0.3800.82, setWindowRect: true, strictFileInteractability: false, timeouts: {implicit: 0, pageLoad: 300000, script: 30000}, unhandledPromptBehavior: {alert: ignore, beforeUnload: ignore, confirm: ignore, default: ignore, file: ignore, prompt: ignore}, webSocketUrl: ws://localhost:14545/sessio..., webauthn:extension:credBlob: true, webauthn:extension:largeBlob: true, webauthn:extension:minPinLength: true, webauthn:extension:prf: true, webauthn:virtualAuthenticators: true}
Element: [[CEdgeDriver: MicrosoftEdge on windows (edb7326521f1c4ef410429e47afbccc6)] -> xpath: //input[@value='']]
Session ID: edb7326521f1c4ef410429e47afbccc6
	at java.base/jdk.internal.reflect.DirectConstructorHandleAccessor.newInstance(DirectConstructorHandleAccessor.java:62)
	at org.openqa.selenium.remote.ErrorCodec.decode(ErrorCodec.java:167)
	at org.openqa.selenium.remote.codec.w3c.W3CHttpResponseCodec.decode(W3CHttpResponseCodec.java:142)
	at org.openqa.selenium.remote.codec.w3c.W3CHttpResponseCodec.decode(W3CHttpResponseCodec.java:49)
	at org.openqa.selenium.remote.HttpCommandExecutor.execute(HttpCommandExecutor.java:215)
	at org.openqa.selenium.remote.service.DriverCommandExecutor.invokeExecute(DriverCommandExecutor.java:216)
	at org.openqa.selenium.remote.service.DriverCommandExecutor.execute(DriverCommandExecutor.java:174)
	at org.openqa.selenium.remote.RemoteWebDriver.execute(RemoteWebDriver.java:561)
	at org.openqa.selenium.remote.RemoteWebElement.execute(RemoteWebElement.java:223)
	at org.openqa.selenium.remote.RemoteWebElement.clear(RemoteWebElement.java:129)
	at java.base/jdk.internal.reflect.DirectMethodHandleAccessor.invoke(DirectMethodHandleAccessor.java:103)
	at org.openqa.selenium.support.decorators.WebDriverDecorator.call(WebDriverDecorator.java:326)
	at org.openqa.selenium.support.decorators.DefaultDecorated.call(DefaultDecorated.java:48)
	at org.openqa.selenium.support.decorators.WebDriverDecorator.lambda$createProxyFactory$3(WebDriverDecorator.java:416)
	at net.bytebuddy.renamed.java.lang.Object$ByteBuddy$BkJKkypL.clear(Unknown Source)
	at com.kms.katalon.core.webui.keyword.builtin.SetTextKeyword$_setText_closure1.doCall(SetTextKeyword.groovy:72)
	at java.base/jdk.internal.reflect.DirectMethodHandleAccessor.invoke(DirectMethodHandleAccessor.java:103)
	at jdk.proxy2/jdk.proxy2.$Proxy55.execute(Unknown Source)
	at com.kms.katalon.core.webui.model.SeleniumActionRetryController.performAction(SeleniumActionRetryController.java:96)
	at com.kms.katalon.core.webui.model.SeleniumActionRetryController.performAction(SeleniumActionRetryController.java:83)
	at com.kms.katalon.core.webui.keyword.internal.WebUIKeywordMain$_runKeywordUntilTimeout_closure1.doCall(WebUIKeywordMain.groovy:135)
	at com.kms.katalon.core.webui.keyword.internal.WebUIKeywordMain$_runKeywordUntilTimeout_closure1.call(WebUIKeywordMain.groovy)
	at com.kms.katalon.core.webui.keyword.internal.WebUIKeywordMain.runKeyword(WebUIKeywordMain.groovy:41)
	... 19 more


06-03-2026T17:41:00 - [TEST_STEP][PASSED] - callTestCase(findTestCase("Login/TC_LOG_01"), [:], STOP_ON_FAILURE): Call Test Case 'Test Cases/Login/TC_LOG_01' successfully

06-03-2026T17:41:00 - [TEST_CASE][PASSED] - Test Cases/Login/TC_LOG_01: Test Cases/Login/TC_LOG_01

06-03-2026T17:41:00 - [TEST_STEP][PASSED] - openBrowser(url): Browser is opened with url: 'https://vocagame.com/'

06-03-2026T17:41:00 - [MESSAGE][WARNING] - A browser is already opened. Closing browser and opening a new one

06-03-2026T17:41:01 - [MESSAGE][INFO] - Starting 'Edge Chromium' driver

06-03-2026T17:41:01 - [MESSAGE][INFO] - Action delay is set to 0 milliseconds

06-03-2026T17:41:04 - [MESSAGE][PASSED] - Browser is opened with url: 'https://vocagame.com/'

06-03-2026T17:41:04 - [TEST_STEP][PASSED] - maximizeWindow(): Current window maximized

06-03-2026T17:41:04 - [MESSAGE][PASSED] - Current window maximized

06-03-2026T17:41:04 - [TEST_STEP][PASSED] - delay(3): Delayed 3 second(s)

06-03-2026T17:41:07 - [MESSAGE][PASSED] - Delayed 3 second(s)

06-03-2026T17:41:07 - [TEST_STEP][PASSED] - click(findTestObject("Register/button_Masuk")): Object: 'Object Repository/Register/button_Masuk' is clicked on

06-03-2026T17:41:08 - [MESSAGE][PASSED] - Object: 'Object Repository/Register/button_Masuk' is clicked on

06-03-2026T17:41:08 - [TEST_STEP][PASSED] - setText(findTestObject("Login/input_Nomor HP atau email"), valid_email): Text 'deyantraa@gmail.com' is set on object 'Object Repository/Login/input_Nomor HP atau email'

06-03-2026T17:41:11 - [MESSAGE][PASSED] - Text 'deyantraa@gmail.com' is set on object 'Object Repository/Login/input_Nomor HP atau email'

06-03-2026T17:41:11 - [TEST_STEP][PASSED] - click(findTestObject("Login/button_Masuk Akun")): Object: 'Object Repository/Login/button_Masuk Akun' is clicked on

06-03-2026T17:41:12 - [MESSAGE][PASSED] - Object: 'Object Repository/Login/button_Masuk Akun' is clicked on

06-03-2026T17:41:12 - [TEST_STEP][PASSED] - setText(findTestObject("Login/input_Show password"), password): Text 'Password@1' is set on object 'Object Repository/Login/input_Show password'

06-03-2026T17:41:13 - [MESSAGE][PASSED] - Text 'Password@1' is set on object 'Object Repository/Login/input_Show password'

06-03-2026T17:41:13 - [TEST_STEP][PASSED] - delay(5): Delayed 5 second(s)

06-03-2026T17:41:18 - [MESSAGE][PASSED] - Delayed 5 second(s)

06-03-2026T17:41:18 - [TEST_STEP][PASSED] - click(findTestObject("Login/button_Masuk Akun")): Object: 'Object Repository/Login/button_Masuk Akun' is clicked on

06-03-2026T17:41:18 - [MESSAGE][PASSED] - Object: 'Object Repository/Login/button_Masuk Akun' is clicked on

06-03-2026T17:41:18 - [TEST_STEP][PASSED] - if (verifyElementClickable(findTestObject("Login/button_Masuk Akun"), OPTIONAL)): null

06-03-2026T17:41:19 - [MESSAGE][PASSED] - Object 'Object Repository/Login/button_Masuk Akun' is clickable

06-03-2026T17:41:19 - [TEST_STEP][PASSED] - click(findTestObject("Login/button_Masuk Akun")): Object: 'Object Repository/Login/button_Masuk Akun' is clicked on

06-03-2026T17:41:19 - [MESSAGE][PASSED] - Object: 'Object Repository/Login/button_Masuk Akun' is clicked on

06-03-2026T17:41:19 - [TEST_STEP][PASSED] - delay(3): Delayed 3 second(s)

06-03-2026T17:41:22 - [MESSAGE][PASSED] - Delayed 3 second(s)

06-03-2026T17:41:22 - [MESSAGE][PASSED] - Call Test Case 'Test Cases/Login/TC_LOG_01' successfully

06-03-2026T17:41:22 - [TEST_STEP][FAILED] - setText(findTestObject("Product Order/input_Indonesia_cy-search-product"), "Mobile Legend"): Unable to set text 'Mobile Legend' of object 'Object Repository/Product Order/input_Indonesia_cy-search-product' (Root cause: com.kms.katalon.core.exception.StepFailedException: Unable to set text 'Mobile Legend' of object 'Object Repository/Product Order/input_Indonesia_cy-search-product'
	at com.kms.katalon.core.webui.keyword.internal.WebUIKeywordMain.stepFailed(WebUIKeywordMain.groovy:177)
	at com.kms.katalon.core.webui.keyword.internal.WebUIKeywordMain.runKeyword(WebUIKeywordMain.groovy:49)
	at com.kms.katalon.core.webui.keyword.internal.WebUIKeywordMain.runKeywordUntilTimeout(WebUIKeywordMain.groovy:133)
	at com.kms.katalon.core.webui.keyword.builtin.SetTextKeyword.setText(SetTextKeyword.groovy:106)
	at com.kms.katalon.core.webui.keyword.builtin.SetTextKeyword.execute(SetTextKeyword.groovy:49)
	at com.kms.katalon.core.keyword.internal.KeywordExecutor.executeKeywordForPlatform(KeywordExecutor.groovy:95)
	at com.kms.katalon.core.webui.keyword.WebUiBuiltInKeywords.setText(WebUiBuiltInKeywords.groovy:1081)
	at TC_PO_05.run(TC_PO_05:22)
	at com.kms.katalon.core.main.ScriptEngine.run(ScriptEngine.java:194)
	at com.kms.katalon.core.main.ScriptEngine.runScriptAsRawText(ScriptEngine.java:119)
	at com.kms.katalon.core.main.TestCaseExecutor.runScript(TestCaseExecutor.java:502)
	at com.kms.katalon.core.main.TestCaseExecutor.doExecute(TestCaseExecutor.java:493)
	at com.kms.katalon.core.main.TestCaseExecutor.processExecutionPhase(TestCaseExecutor.java:472)
	at com.kms.katalon.core.main.TestCaseExecutor.accessMainPhase(TestCaseExecutor.java:464)
	at com.kms.katalon.core.main.TestCaseExecutor.execute(TestCaseExecutor.java:334)
	at com.kms.katalon.core.common.CommonExecutor.accessTestCaseMainPhase(CommonExecutor.java:71)
	at com.kms.katalon.core.main.TestSuiteExecutor.accessTestSuiteMainPhase(TestSuiteExecutor.java:163)
	at com.kms.katalon.core.main.TestSuiteExecutor.execute(TestSuiteExecutor.java:120)
	at com.kms.katalon.core.main.TestCaseMain.startTestSuite(TestCaseMain.java:205)
	at S0.run(S0.groovy:40)
	at java.base/jdk.internal.reflect.DirectMethodHandleAccessor.invoke(DirectMethodHandleAccessor.java:103)
Caused by: org.openqa.selenium.ElementNotInteractableException: element not interactable
  (Session info: MicrosoftEdge=145.0.3800.82)
Build info: version: '4.39.0', revision: '126f156aee'
System info: os.name: 'Windows 11', os.arch: 'amd64', os.version: '10.0', java.version: '21.0.9'
Driver info: com.kms.katalon.selenium.driver.CEdgeDriver
Command: [edb7326521f1c4ef410429e47afbccc6, clearElement {id=f.FAC5F3C6F8CDE6504D5F8F92F4769036.d.6192D707913F539A2F846A695D4147DC.e.45}]
Capabilities {acceptInsecureCerts: false, browserName: MicrosoftEdge, browserVersion: 145.0.3800.82, fedcm:accounts: true, goog:processID: 21356, ms:edgeOptions: {debuggerAddress: localhost:51456}, msedge: {msedgedriverVersion: 145.0.3800.70 (57ed5ba8de27..., userDataDir: C:\Users\X1CARB~1\AppData\L...}, networkConnectionEnabled: false, pageLoadStrategy: normal, platformName: windows, proxy: Proxy(), se:cdp: ws://localhost:51456/devtoo..., se:cdpVersion: 145.0.3800.82, setWindowRect: true, strictFileInteractability: false, timeouts: {implicit: 0, pageLoad: 300000, script: 30000}, unhandledPromptBehavior: {alert: ignore, beforeUnload: ignore, confirm: ignore, default: ignore, file: ignore, prompt: ignore}, webSocketUrl: ws://localhost:14545/sessio..., webauthn:extension:credBlob: true, webauthn:extension:largeBlob: true, webauthn:extension:minPinLength: true, webauthn:extension:prf: true, webauthn:virtualAuthenticators: true}
Element: [[CEdgeDriver: MicrosoftEdge on windows (edb7326521f1c4ef410429e47afbccc6)] -> xpath: //input[@value='']]
Session ID: edb7326521f1c4ef410429e47afbccc6
	at java.base/jdk.internal.reflect.DirectConstructorHandleAccessor.newInstance(DirectConstructorHandleAccessor.java:62)
	at org.openqa.selenium.remote.ErrorCodec.decode(ErrorCodec.java:167)
	at org.openqa.selenium.remote.codec.w3c.W3CHttpResponseCodec.decode(W3CHttpResponseCodec.java:142)
	at org.openqa.selenium.remote.codec.w3c.W3CHttpResponseCodec.decode(W3CHttpResponseCodec.java:49)
	at org.openqa.selenium.remote.HttpCommandExecutor.execute(HttpCommandExecutor.java:215)
	at org.openqa.selenium.remote.service.DriverCommandExecutor.invokeExecute(DriverCommandExecutor.java:216)
	at org.openqa.selenium.remote.service.DriverCommandExecutor.execute(DriverCommandExecutor.java:174)
	at org.openqa.selenium.remote.RemoteWebDriver.execute(RemoteWebDriver.java:561)
	at org.openqa.selenium.remote.RemoteWebElement.execute(RemoteWebElement.java:223)
	at org.openqa.selenium.remote.RemoteWebElement.clear(RemoteWebElement.java:129)
	at java.base/jdk.internal.reflect.DirectMethodHandleAccessor.invoke(DirectMethodHandleAccessor.java:103)
	at org.openqa.selenium.support.decorators.WebDriverDecorator.call(WebDriverDecorator.java:326)
	at org.openqa.selenium.support.decorators.DefaultDecorated.call(DefaultDecorated.java:48)
	at org.openqa.selenium.support.decorators.WebDriverDecorator.lambda$createProxyFactory$3(WebDriverDecorator.java:416)
	at net.bytebuddy.renamed.java.lang.Object$ByteBuddy$BkJKkypL.clear(Unknown Source)
	at com.kms.katalon.core.webui.keyword.builtin.SetTextKeyword$_setText_closure1.doCall(SetTextKeyword.groovy:72)
	at java.base/jdk.internal.reflect.DirectMethodHandleAccessor.invoke(DirectMethodHandleAccessor.java:103)
	at jdk.proxy2/jdk.proxy2.$Proxy55.execute(Unknown Source)
	at com.kms.katalon.core.webui.model.SeleniumActionRetryController.performAction(SeleniumActionRetryController.java:96)
	at com.kms.katalon.core.webui.model.SeleniumActionRetryController.performAction(SeleniumActionRetryController.java:83)
	at com.kms.katalon.core.webui.keyword.internal.WebUIKeywordMain$_runKeywordUntilTimeout_closure1.doCall(WebUIKeywordMain.groovy:135)
	at com.kms.katalon.core.webui.keyword.internal.WebUIKeywordMain$_runKeywordUntilTimeout_closure1.call(WebUIKeywordMain.groovy)
	at com.kms.katalon.core.webui.keyword.internal.WebUIKeywordMain.runKeyword(WebUIKeywordMain.groovy:41)
	at com.kms.katalon.core.webui.keyword.internal.WebUIKeywordMain.runKeywordUntilTimeout(WebUIKeywordMain.groovy:133)
	at com.kms.katalon.core.webui.keyword.builtin.SetTextKeyword.setText(SetTextKeyword.groovy:106)
	at com.kms.katalon.core.webui.keyword.builtin.SetTextKeyword.execute(SetTextKeyword.groovy:49)
	at com.kms.katalon.core.keyword.internal.KeywordExecutor.executeKeywordForPlatform(KeywordExecutor.groovy:95)
	at com.kms.katalon.core.webui.keyword.WebUiBuiltInKeywords.setText(WebUiBuiltInKeywords.groovy:1081)
	at Script1772719245683.run(Script1772719245683.groovy:22)
	... 13 more
)

06-03-2026T17:41:32 - [MESSAGE][WARNING] - Waiting for element timed out

06-03-2026T17:41:33 - [MESSAGE][FAILED] - Unable to set text 'Mobile Legend' of object 'Object Repository/Product Order/input_Indonesia_cy-search-product' (Root cause: com.kms.katalon.core.exception.StepFailedException: Unable to set text 'Mobile Legend' of object 'Object Repository/Product Order/input_Indonesia_cy-search-product'
	at com.kms.katalon.core.webui.keyword.internal.WebUIKeywordMain.stepFailed(WebUIKeywordMain.groovy:177)
	at com.kms.katalon.core.webui.keyword.internal.WebUIKeywordMain.runKeyword(WebUIKeywordMain.groovy:49)
	at com.kms.katalon.core.webui.keyword.internal.WebUIKeywordMain.runKeywordUntilTimeout(WebUIKeywordMain.groovy:133)
	at com.kms.katalon.core.webui.keyword.builtin.SetTextKeyword.setText(SetTextKeyword.groovy:106)
	at com.kms.katalon.core.webui.keyword.builtin.SetTextKeyword.execute(SetTextKeyword.groovy:49)
	at com.kms.katalon.core.keyword.internal.KeywordExecutor.executeKeywordForPlatform(KeywordExecutor.groovy:95)
	at com.kms.katalon.core.webui.keyword.WebUiBuiltInKeywords.setText(WebUiBuiltInKeywords.groovy:1081)
	at TC_PO_05.run(TC_PO_05:22)
	at com.kms.katalon.core.main.ScriptEngine.run(ScriptEngine.java:194)
	at com.kms.katalon.core.main.ScriptEngine.runScriptAsRawText(ScriptEngine.java:119)
	at com.kms.katalon.core.main.TestCaseExecutor.runScript(TestCaseExecutor.java:502)
	at com.kms.katalon.core.main.TestCaseExecutor.doExecute(TestCaseExecutor.java:493)
	at com.kms.katalon.core.main.TestCaseExecutor.processExecutionPhase(TestCaseExecutor.java:472)
	at com.kms.katalon.core.main.TestCaseExecutor.accessMainPhase(TestCaseExecutor.java:464)
	at com.kms.katalon.core.main.TestCaseExecutor.execute(TestCaseExecutor.java:334)
	at com.kms.katalon.core.common.CommonExecutor.accessTestCaseMainPhase(CommonExecutor.java:71)
	at com.kms.katalon.core.main.TestSuiteExecutor.accessTestSuiteMainPhase(TestSuiteExecutor.java:163)
	at com.kms.katalon.core.main.TestSuiteExecutor.execute(TestSuiteExecutor.java:120)
	at com.kms.katalon.core.main.TestCaseMain.startTestSuite(TestCaseMain.java:205)
	at S0.run(S0.groovy:40)
	at java.base/jdk.internal.reflect.DirectMethodHandleAccessor.invoke(DirectMethodHandleAccessor.java:103)
Caused by: org.openqa.selenium.ElementNotInteractableException: element not interactable
  (Session info: MicrosoftEdge=145.0.3800.82)
Build info: version: '4.39.0', revision: '126f156aee'
System info: os.name: 'Windows 11', os.arch: 'amd64', os.version: '10.0', java.version: '21.0.9'
Driver info: com.kms.katalon.selenium.driver.CEdgeDriver
Command: [edb7326521f1c4ef410429e47afbccc6, clearElement {id=f.FAC5F3C6F8CDE6504D5F8F92F4769036.d.6192D707913F539A2F846A695D4147DC.e.45}]
Capabilities {acceptInsecureCerts: false, browserName: MicrosoftEdge, browserVersion: 145.0.3800.82, fedcm:accounts: true, goog:processID: 21356, ms:edgeOptions: {debuggerAddress: localhost:51456}, msedge: {msedgedriverVersion: 145.0.3800.70 (57ed5ba8de27..., userDataDir: C:\Users\X1CARB~1\AppData\L...}, networkConnectionEnabled: false, pageLoadStrategy: normal, platformName: windows, proxy: Proxy(), se:cdp: ws://localhost:51456/devtoo..., se:cdpVersion: 145.0.3800.82, setWindowRect: true, strictFileInteractability: false, timeouts: {implicit: 0, pageLoad: 300000, script: 30000}, unhandledPromptBehavior: {alert: ignore, beforeUnload: ignore, confirm: ignore, default: ignore, file: ignore, prompt: ignore}, webSocketUrl: ws://localhost:14545/sessio..., webauthn:extension:credBlob: true, webauthn:extension:largeBlob: true, webauthn:extension:minPinLength: true, webauthn:extension:prf: true, webauthn:virtualAuthenticators: true}
Element: [[CEdgeDriver: MicrosoftEdge on windows (edb7326521f1c4ef410429e47afbccc6)] -> xpath: //input[@value='']]
Session ID: edb7326521f1c4ef410429e47afbccc6
	at java.base/jdk.internal.reflect.DirectConstructorHandleAccessor.newInstance(DirectConstructorHandleAccessor.java:62)
	at org.openqa.selenium.remote.ErrorCodec.decode(ErrorCodec.java:167)
	at org.openqa.selenium.remote.codec.w3c.W3CHttpResponseCodec.decode(W3CHttpResponseCodec.java:142)
	at org.openqa.selenium.remote.codec.w3c.W3CHttpResponseCodec.decode(W3CHttpResponseCodec.java:49)
	at org.openqa.selenium.remote.HttpCommandExecutor.execute(HttpCommandExecutor.java:215)
	at org.openqa.selenium.remote.service.DriverCommandExecutor.invokeExecute(DriverCommandExecutor.java:216)
	at org.openqa.selenium.remote.service.DriverCommandExecutor.execute(DriverCommandExecutor.java:174)
	at org.openqa.selenium.remote.RemoteWebDriver.execute(RemoteWebDriver.java:561)
	at org.openqa.selenium.remote.RemoteWebElement.execute(RemoteWebElement.java:223)
	at org.openqa.selenium.remote.RemoteWebElement.clear(RemoteWebElement.java:129)
	at java.base/jdk.internal.reflect.DirectMethodHandleAccessor.invoke(DirectMethodHandleAccessor.java:103)
	at org.openqa.selenium.support.decorators.WebDriverDecorator.call(WebDriverDecorator.java:326)
	at org.openqa.selenium.support.decorators.DefaultDecorated.call(DefaultDecorated.java:48)
	at org.openqa.selenium.support.decorators.WebDriverDecorator.lambda$createProxyFactory$3(WebDriverDecorator.java:416)
	at net.bytebuddy.renamed.java.lang.Object$ByteBuddy$BkJKkypL.clear(Unknown Source)
	at com.kms.katalon.core.webui.keyword.builtin.SetTextKeyword$_setText_closure1.doCall(SetTextKeyword.groovy:72)
	at java.base/jdk.internal.reflect.DirectMethodHandleAccessor.invoke(DirectMethodHandleAccessor.java:103)
	at jdk.proxy2/jdk.proxy2.$Proxy55.execute(Unknown Source)
	at com.kms.katalon.core.webui.model.SeleniumActionRetryController.performAction(SeleniumActionRetryController.java:96)
	at com.kms.katalon.core.webui.model.SeleniumActionRetryController.performAction(SeleniumActionRetryController.java:83)
	at com.kms.katalon.core.webui.keyword.internal.WebUIKeywordMain$_runKeywordUntilTimeout_closure1.doCall(WebUIKeywordMain.groovy:135)
	at com.kms.katalon.core.webui.keyword.internal.WebUIKeywordMain$_runKeywordUntilTimeout_closure1.call(WebUIKeywordMain.groovy)
	at com.kms.katalon.core.webui.keyword.internal.WebUIKeywordMain.runKeyword(WebUIKeywordMain.groovy:41)
	at com.kms.katalon.core.webui.keyword.internal.WebUIKeywordMain.runKeywordUntilTimeout(WebUIKeywordMain.groovy:133)
	at com.kms.katalon.core.webui.keyword.builtin.SetTextKeyword.setText(SetTextKeyword.groovy:106)
	at com.kms.katalon.core.webui.keyword.builtin.SetTextKeyword.execute(SetTextKeyword.groovy:49)
	at com.kms.katalon.core.keyword.internal.KeywordExecutor.executeKeywordForPlatform(KeywordExecutor.groovy:95)
	at com.kms.katalon.core.webui.keyword.WebUiBuiltInKeywords.setText(WebUiBuiltInKeywords.groovy:1081)
	at Script1772719245683.run(Script1772719245683.groovy:22)
	... 13 more
)
[[ATTACHMENT|D:\\VocaGame\\VocaGame\\Reports\\20260306_173637\\Product Order\\20260306_173637\\1772793692717.png]]]]></system-out>
         <system-err><![CDATA[06-03-2026T17:41:00 - [TEST_CASE][FAILED] - Test Cases/Product Order/TC_PO_05: Test Cases/Product Order/TC_PO_05 FAILED.
Reason:
com.kms.katalon.core.exception.StepFailedException: Unable to set text 'Mobile Legend' of object 'Object Repository/Product Order/input_Indonesia_cy-search-product'
	at com.kms.katalon.core.webui.keyword.internal.WebUIKeywordMain.stepFailed(WebUIKeywordMain.groovy:177)
	at com.kms.katalon.core.webui.keyword.internal.WebUIKeywordMain.runKeyword(WebUIKeywordMain.groovy:49)
	at com.kms.katalon.core.webui.keyword.internal.WebUIKeywordMain.runKeywordUntilTimeout(WebUIKeywordMain.groovy:133)
	at com.kms.katalon.core.webui.keyword.builtin.SetTextKeyword.setText(SetTextKeyword.groovy:106)
	at com.kms.katalon.core.webui.keyword.builtin.SetTextKeyword.execute(SetTextKeyword.groovy:49)
	at com.kms.katalon.core.keyword.internal.KeywordExecutor.executeKeywordForPlatform(KeywordExecutor.groovy:95)
	at com.kms.katalon.core.webui.keyword.WebUiBuiltInKeywords.setText(WebUiBuiltInKeywords.groovy:1081)
	at TC_PO_05.run(TC_PO_05:22)
	at com.kms.katalon.core.main.ScriptEngine.run(ScriptEngine.java:194)
	at com.kms.katalon.core.main.ScriptEngine.runScriptAsRawText(ScriptEngine.java:119)
	at com.kms.katalon.core.main.TestCaseExecutor.runScript(TestCaseExecutor.java:502)
	at com.kms.katalon.core.main.TestCaseExecutor.doExecute(TestCaseExecutor.java:493)
	at com.kms.katalon.core.main.TestCaseExecutor.processExecutionPhase(TestCaseExecutor.java:472)
	at com.kms.katalon.core.main.TestCaseExecutor.accessMainPhase(TestCaseExecutor.java:464)
	at com.kms.katalon.core.main.TestCaseExecutor.execute(TestCaseExecutor.java:334)
	at com.kms.katalon.core.common.CommonExecutor.accessTestCaseMainPhase(CommonExecutor.java:71)
	at com.kms.katalon.core.main.TestSuiteExecutor.accessTestSuiteMainPhase(TestSuiteExecutor.java:163)
	at com.kms.katalon.core.main.TestSuiteExecutor.execute(TestSuiteExecutor.java:120)
	at com.kms.katalon.core.main.TestCaseMain.startTestSuite(TestCaseMain.java:205)
	at S0.run(S0.groovy:40)
	at java.base/jdk.internal.reflect.DirectMethodHandleAccessor.invoke(DirectMethodHandleAccessor.java:103)
Caused by: org.openqa.selenium.ElementNotInteractableException: element not interactable
  (Session info: MicrosoftEdge=145.0.3800.82)
Build info: version: '4.39.0', revision: '126f156aee'
System info: os.name: 'Windows 11', os.arch: 'amd64', os.version: '10.0', java.version: '21.0.9'
Driver info: com.kms.katalon.selenium.driver.CEdgeDriver
Command: [edb7326521f1c4ef410429e47afbccc6, clearElement {id=f.FAC5F3C6F8CDE6504D5F8F92F4769036.d.6192D707913F539A2F846A695D4147DC.e.45}]
Capabilities {acceptInsecureCerts: false, browserName: MicrosoftEdge, browserVersion: 145.0.3800.82, fedcm:accounts: true, goog:processID: 21356, ms:edgeOptions: {debuggerAddress: localhost:51456}, msedge: {msedgedriverVersion: 145.0.3800.70 (57ed5ba8de27..., userDataDir: C:\Users\X1CARB~1\AppData\L...}, networkConnectionEnabled: false, pageLoadStrategy: normal, platformName: windows, proxy: Proxy(), se:cdp: ws://localhost:51456/devtoo..., se:cdpVersion: 145.0.3800.82, setWindowRect: true, strictFileInteractability: false, timeouts: {implicit: 0, pageLoad: 300000, script: 30000}, unhandledPromptBehavior: {alert: ignore, beforeUnload: ignore, confirm: ignore, default: ignore, file: ignore, prompt: ignore}, webSocketUrl: ws://localhost:14545/sessio..., webauthn:extension:credBlob: true, webauthn:extension:largeBlob: true, webauthn:extension:minPinLength: true, webauthn:extension:prf: true, webauthn:virtualAuthenticators: true}
Element: [[CEdgeDriver: MicrosoftEdge on windows (edb7326521f1c4ef410429e47afbccc6)] -> xpath: //input[@value='']]
Session ID: edb7326521f1c4ef410429e47afbccc6
	at java.base/jdk.internal.reflect.DirectConstructorHandleAccessor.newInstance(DirectConstructorHandleAccessor.java:62)
	at org.openqa.selenium.remote.ErrorCodec.decode(ErrorCodec.java:167)
	at org.openqa.selenium.remote.codec.w3c.W3CHttpResponseCodec.decode(W3CHttpResponseCodec.java:142)
	at org.openqa.selenium.remote.codec.w3c.W3CHttpResponseCodec.decode(W3CHttpResponseCodec.java:49)
	at org.openqa.selenium.remote.HttpCommandExecutor.execute(HttpCommandExecutor.java:215)
	at org.openqa.selenium.remote.service.DriverCommandExecutor.invokeExecute(DriverCommandExecutor.java:216)
	at org.openqa.selenium.remote.service.DriverCommandExecutor.execute(DriverCommandExecutor.java:174)
	at org.openqa.selenium.remote.RemoteWebDriver.execute(RemoteWebDriver.java:561)
	at org.openqa.selenium.remote.RemoteWebElement.execute(RemoteWebElement.java:223)
	at org.openqa.selenium.remote.RemoteWebElement.clear(RemoteWebElement.java:129)
	at java.base/jdk.internal.reflect.DirectMethodHandleAccessor.invoke(DirectMethodHandleAccessor.java:103)
	at org.openqa.selenium.support.decorators.WebDriverDecorator.call(WebDriverDecorator.java:326)
	at org.openqa.selenium.support.decorators.DefaultDecorated.call(DefaultDecorated.java:48)
	at org.openqa.selenium.support.decorators.WebDriverDecorator.lambda$createProxyFactory$3(WebDriverDecorator.java:416)
	at net.bytebuddy.renamed.java.lang.Object$ByteBuddy$BkJKkypL.clear(Unknown Source)
	at com.kms.katalon.core.webui.keyword.builtin.SetTextKeyword$_setText_closure1.doCall(SetTextKeyword.groovy:72)
	at java.base/jdk.internal.reflect.DirectMethodHandleAccessor.invoke(DirectMethodHandleAccessor.java:103)
	at jdk.proxy2/jdk.proxy2.$Proxy55.execute(Unknown Source)
	at com.kms.katalon.core.webui.model.SeleniumActionRetryController.performAction(SeleniumActionRetryController.java:96)
	at com.kms.katalon.core.webui.model.SeleniumActionRetryController.performAction(SeleniumActionRetryController.java:83)
	at com.kms.katalon.core.webui.keyword.internal.WebUIKeywordMain$_runKeywordUntilTimeout_closure1.doCall(WebUIKeywordMain.groovy:135)
	at com.kms.katalon.core.webui.keyword.internal.WebUIKeywordMain$_runKeywordUntilTimeout_closure1.call(WebUIKeywordMain.groovy)
	at com.kms.katalon.core.webui.keyword.internal.WebUIKeywordMain.runKeyword(WebUIKeywordMain.groovy:41)
	... 19 more]]></system-err>
      </testcase>
      <testcase name="Test Cases/Product Order/TC_PO_06" time="34.041" classname="Test Cases/Product Order/TC_PO_06" status="FAILED">
[...]

06-03-2026T17:41:56 - [TEST_STEP][FAILED] - setText(findTestObject("Product Order/input_Indonesia_cy-search-product"), "Mobile Legend"): Unable to set text 'Mobile Legend' of object 'Object Repository/Product Order/input_Indonesia_cy-search-product' (Root cause: com.kms.katalon.core.exception.StepFailedException: Unable to set text 'Mobile Legend' of object 'Object Repository/Product Order/input_Indonesia_cy-search-product'
	at com.kms.katalon.core.webui.keyword.internal.WebUIKeywordMain.stepFailed(WebUIKeywordMain.groovy:177)
	at com.kms.katalon.core.webui.keyword.internal.WebUIKeywordMain.runKeyword(WebUIKeywordMain.groovy:49)
	at com.kms.katalon.core.webui.keyword.internal.WebUIKeywordMain.runKeywordUntilTimeout(WebUIKeywordMain.groovy:133)
	at com.kms.katalon.core.webui.keyword.builtin.SetTextKeyword.setText(SetTextKeyword.groovy:106)
	at com.kms.katalon.core.webui.keyword.builtin.SetTextKeyword.execute(SetTextKeyword.groovy:49)
	at com.kms.katalon.core.keyword.internal.KeywordExecutor.executeKeywordForPlatform(KeywordExecutor.groovy:95)
	at com.kms.katalon.core.webui.keyword.WebUiBuiltInKeywords.setText(WebUiBuiltInKeywords.groovy:1081)
	at TC_PO_06.run(TC_PO_06:22)
	at com.kms.katalon.core.main.ScriptEngine.run(ScriptEngine.java:194)
	at com.kms.katalon.core.main.ScriptEngine.runScriptAsRawText(ScriptEngine.java:119)
	at com.kms.katalon.core.main.TestCaseExecutor.runScript(TestCaseExecutor.java:502)
	at com.kms.katalon.core.main.TestCaseExecutor.doExecute(TestCaseExecutor.java:493)
	at com.kms.katalon.core.main.TestCaseExecutor.processExecutionPhase(TestCaseExecutor.java:472)
	at com.kms.katalon.core.main.TestCaseExecutor.accessMainPhase(TestCaseExecutor.java:464)
	at com.kms.katalon.core.main.TestCaseExecutor.execute(TestCaseExecutor.java:334)
	at com.kms.katalon.core.common.CommonExecutor.accessTestCaseMainPhase(CommonExecutor.java:71)
	at com.kms.katalon.core.main.TestSuiteExecutor.accessTestSuiteMainPhase(TestSuiteExecutor.java:163)
	at com.kms.katalon.core.main.TestSuiteExecutor.execute(TestSuiteExecutor.java:120)
	at com.kms.katalon.core.main.TestCaseMain.startTestSuite(TestCaseMain.java:205)
	at S0.run(S0.groovy:40)
	at java.base/jdk.internal.reflect.DirectMethodHandleAccessor.invoke(DirectMethodHandleAccessor.java:103)
Caused by: org.openqa.selenium.ElementNotInteractableException: element not interactable
  (Session info: MicrosoftEdge=145.0.3800.82)
Build info: version: '4.39.0', revision: '126f156aee'
System info: os.name: 'Windows 11', os.arch: 'amd64', os.version: '10.0', java.version: '21.0.9'
Driver info: com.kms.katalon.selenium.driver.CEdgeDriver
Command: [55a7500d48df826645fff82d216beffd, clearElement {id=f.7E754D77B2BA65DE685410FE615C1C7F.d.A30CDC893109B6744D30CFC1DBFB7D6F.e.51}]
Capabilities {acceptInsecureCerts: false, browserName: MicrosoftEdge, browserVersion: 145.0.3800.82, fedcm:accounts: true, goog:processID: 9864, ms:edgeOptions: {debuggerAddress: localhost:56548}, msedge: {msedgedriverVersion: 145.0.3800.70 (57ed5ba8de27..., userDataDir: C:\Users\X1CARB~1\AppData\L...}, networkConnectionEnabled: false, pageLoadStrategy: normal, platformName: windows, proxy: Proxy(), se:cdp: ws://localhost:56548/devtoo..., se:cdpVersion: 145.0.3800.82, setWindowRect: true, strictFileInteractability: false, timeouts: {implicit: 0, pageLoad: 300000, script: 30000}, unhandledPromptBehavior: {alert: ignore, beforeUnload: ignore, confirm: ignore, default: ignore, file: ignore, prompt: ignore}, webSocketUrl: ws://localhost:35711/sessio..., webauthn:extension:credBlob: true, webauthn:extension:largeBlob: true, webauthn:extension:minPinLength: true, webauthn:extension:prf: true, webauthn:virtualAuthenticators: true}
Element: [[CEdgeDriver: MicrosoftEdge on windows (55a7500d48df826645fff82d216beffd)] -> xpath: //input[@value='']]
Session ID: 55a7500d48df826645fff82d216beffd
	at java.base/jdk.internal.reflect.DirectConstructorHandleAccessor.newInstance(DirectConstructorHandleAccessor.java:62)
	at org.openqa.selenium.remote.ErrorCodec.decode(ErrorCodec.java:167)
	at org.openqa.selenium.remote.codec.w3c.W3CHttpResponseCodec.decode(W3CHttpResponseCodec.java:142)
	at org.openqa.selenium.remote.codec.w3c.W3CHttpResponseCodec.decode(W3CHttpResponseCodec.java:49)
	at org.openqa.selenium.remote.HttpCommandExecutor.execute(HttpCommandExecutor.java:215)
	at org.openqa.selenium.remote.service.DriverCommandExecutor.invokeExecute(DriverCommandExecutor.java:216)
	at org.openqa.selenium.remote.service.DriverCommandExecutor.execute(DriverCommandExecutor.java:174)
	at org.openqa.selenium.remote.RemoteWebDriver.execute(RemoteWebDriver.java:561)
	at org.openqa.selenium.remote.RemoteWebElement.execute(RemoteWebElement.java:223)
	at org.openqa.selenium.remote.RemoteWebElement.clear(RemoteWebElement.java:129)
	at java.base/jdk.internal.reflect.DirectMethodHandleAccessor.invoke(DirectMethodHandleAccessor.java:103)
	at org.openqa.selenium.support.decorators.WebDriverDecorator.call(WebDriverDecorator.java:326)
	at org.openqa.selenium.support.decorators.DefaultDecorated.call(DefaultDecorated.java:48)
	at org.openqa.selenium.support.decorators.WebDriverDecorator.lambda$createProxyFactory$3(WebDriverDecorator.java:416)
	at net.bytebuddy.renamed.java.lang.Object$ByteBuddy$VacLDJP3.clear(Unknown Source)
	at com.kms.katalon.core.webui.keyword.builtin.SetTextKeyword$_setText_closure1.doCall(SetTextKeyword.groovy:72)
	at java.base/jdk.internal.reflect.DirectMethodHandleAccessor.invoke(DirectMethodHandleAccessor.java:103)
	at jdk.proxy2/jdk.proxy2.$Proxy55.execute(Unknown Source)
	at com.kms.katalon.core.webui.model.SeleniumActionRetryController.performAction(SeleniumActionRetryController.java:96)
	at com.kms.katalon.core.webui.model.SeleniumActionRetryController.performAction(SeleniumActionRetryController.java:83)
	at com.kms.katalon.core.webui.keyword.internal.WebUIKeywordMain$_runKeywordUntilTimeout_closure1.doCall(WebUIKeywordMain.groovy:135)
	at com.kms.katalon.core.webui.keyword.internal.WebUIKeywordMain$_runKeywordUntilTimeout_closure1.call(WebUIKeywordMain.groovy)
	at com.kms.katalon.core.webui.keyword.internal.WebUIKeywordMain.runKeyword(WebUIKeywordMain.groovy:41)
	at com.kms.katalon.core.webui.keyword.internal.WebUIKeywordMain.runKeywordUntilTimeout(WebUIKeywordMain.groovy:133)
	at com.kms.katalon.core.webui.keyword.builtin.SetTextKeyword.setText(SetTextKeyword.groovy:106)
	at com.kms.katalon.core.webui.keyword.builtin.SetTextKeyword.execute(SetTextKeyword.groovy:49)
	at com.kms.katalon.core.keyword.internal.KeywordExecutor.executeKeywordForPlatform(KeywordExecutor.groovy:95)
	at com.kms.katalon.core.webui.keyword.WebUiBuiltInKeywords.setText(WebUiBuiltInKeywords.groovy:1081)
	at Script1772719253240.run(Script1772719253240.groovy:22)
	... 13 more
)

06-03-2026T17:42:06 - [MESSAGE][WARNING] - Waiting for element timed out

06-03-2026T17:42:07 - [MESSAGE][FAILED] - Unable to set text 'Mobile Legend' of object 'Object Repository/Product Order/input_Indonesia_cy-search-product' (Root cause: com.kms.katalon.core.exception.StepFailedException: Unable to set text 'Mobile Legend' of object 'Object Repository/Product Order/input_Indonesia_cy-search-product'
	at com.kms.katalon.core.webui.keyword.internal.WebUIKeywordMain.stepFailed(WebUIKeywordMain.groovy:177)
	at com.kms.katalon.core.webui.keyword.internal.WebUIKeywordMain.runKeyword(WebUIKeywordMain.groovy:49)
	at com.kms.katalon.core.webui.keyword.internal.WebUIKeywordMain.runKeywordUntilTimeout(WebUIKeywordMain.groovy:133)
	at com.kms.katalon.core.webui.keyword.builtin.SetTextKeyword.setText(SetTextKeyword.groovy:106)
	at com.kms.katalon.core.webui.keyword.builtin.SetTextKeyword.execute(SetTextKeyword.groovy:49)
	at com.kms.katalon.core.keyword.internal.KeywordExecutor.executeKeywordForPlatform(KeywordExecutor.groovy:95)
	at com.kms.katalon.core.webui.keyword.WebUiBuiltInKeywords.setText(WebUiBuiltInKeywords.groovy:1081)
	at TC_PO_06.run(TC_PO_06:22)
	at com.kms.katalon.core.main.ScriptEngine.run(ScriptEngine.java:194)
	at com.kms.katalon.core.main.ScriptEngine.runScriptAsRawText(ScriptEngine.java:119)
	at com.kms.katalon.core.main.TestCaseExecutor.runScript(TestCaseExecutor.java:502)
	at com.kms.katalon.core.main.TestCaseExecutor.doExecute(TestCaseExecutor.java:493)
	at com.kms.katalon.core.main.TestCaseExecutor.processExecutionPhase(TestCaseExecutor.java:472)
	at com.kms.katalon.core.main.TestCaseExecutor.accessMainPhase(TestCaseExecutor.java:464)
	at com.kms.katalon.core.main.TestCaseExecutor.execute(TestCaseExecutor.java:334)
	at com.kms.katalon.core.common.CommonExecutor.accessTestCaseMainPhase(CommonExecutor.java:71)
	at com.kms.katalon.core.main.TestSuiteExecutor.accessTestSuiteMainPhase(TestSuiteExecutor.java:163)
	at com.kms.katalon.core.main.TestSuiteExecutor.execute(TestSuiteExecutor.java:120)
	at com.kms.katalon.core.main.TestCaseMain.startTestSuite(TestCaseMain.java:205)
	at S0.run(S0.groovy:40)
	at java.base/jdk.internal.reflect.DirectMethodHandleAccessor.invoke(DirectMethodHandleAccessor.java:103)
Caused by: org.openqa.selenium.ElementNotInteractableException: element not interactable
  (Session info: MicrosoftEdge=145.0.3800.82)
Build info: version: '4.39.0', revision: '126f156aee'
System info: os.name: 'Windows 11', os.arch: 'amd64', os.version: '10.0', java.version: '21.0.9'
Driver info: com.kms.katalon.selenium.driver.CEdgeDriver
Command: [55a7500d48df826645fff82d216beffd, clearElement {id=f.7E754D77B2BA65DE685410FE615C1C7F.d.A30CDC893109B6744D30CFC1DBFB7D6F.e.51}]
Capabilities {acceptInsecureCerts: false, browserName: MicrosoftEdge, browserVersion: 145.0.3800.82, fedcm:accounts: true, goog:processID: 9864, ms:edgeOptions: {debuggerAddress: localhost:56548}, msedge: {msedgedriverVersion: 145.0.3800.70 (57ed5ba8de27..., userDataDir: C:\Users\X1CARB~1\AppData\L...}, networkConnectionEnabled: false, pageLoadStrategy: normal, platformName: windows, proxy: Proxy(), se:cdp: ws://localhost:56548/devtoo..., se:cdpVersion: 145.0.3800.82, setWindowRect: true, strictFileInteractability: false, timeouts: {implicit: 0, pageLoad: 300000, script: 30000}, unhandledPromptBehavior: {alert: ignore, beforeUnload: ignore, confirm: ignore, default: ignore, file: ignore, prompt: ignore}, webSocketUrl: ws://localhost:35711/sessio..., webauthn:extension:credBlob: true, webauthn:extension:largeBlob: true, webauthn:extension:minPinLength: true, webauthn:extension:prf: true, webauthn:virtualAuthenticators: true}
Element: [[CEdgeDriver: MicrosoftEdge on windows (55a7500d48df826645fff82d216beffd)] -> xpath: //input[@value='']]
Session ID: 55a7500d48df826645fff82d216beffd
	at java.base/jdk.internal.reflect.DirectConstructorHandleAccessor.newInstance(DirectConstructorHandleAccessor.java:62)
	at org.openqa.selenium.remote.ErrorCodec.decode(ErrorCodec.java:167)
	at org.openqa.selenium.remote.codec.w3c.W3CHttpResponseCodec.decode(W3CHttpResponseCodec.java:142)
	at org.openqa.selenium.remote.codec.w3c.W3CHttpResponseCodec.decode(W3CHttpResponseCodec.java:49)
	at org.openqa.selenium.remote.HttpCommandExecutor.execute(HttpCommandExecutor.java:215)
	at org.openqa.selenium.remote.service.DriverCommandExecutor.invokeExecute(DriverCommandExecutor.java:216)
	at org.openqa.selenium.remote.service.DriverCommandExecutor.execute(DriverCommandExecutor.java:174)
	at org.openqa.selenium.remote.RemoteWebDriver.execute(RemoteWebDriver.java:561)
	at org.openqa.selenium.remote.RemoteWebElement.execute(RemoteWebElement.java:223)
	at org.openqa.selenium.remote.RemoteWebElement.clear(RemoteWebElement.java:129)
	at java.base/jdk.internal.reflect.DirectMethodHandleAccessor.invoke(DirectMethodHandleAccessor.java:103)
	at org.openqa.selenium.support.decorators.WebDriverDecorator.call(WebDriverDecorator.java:326)
	at org.openqa.selenium.support.decorators.DefaultDecorated.call(DefaultDecorated.java:48)
	at org.openqa.selenium.support.decorators.WebDriverDecorator.lambda$createProxyFactory$3(WebDriverDecorator.java:416)
	at net.bytebuddy.renamed.java.lang.Object$ByteBuddy$VacLDJP3.clear(Unknown Source)
	at com.kms.katalon.core.webui.keyword.builtin.SetTextKeyword$_setText_closure1.doCall(SetTextKeyword.groovy:72)
	at java.base/jdk.internal.reflect.DirectMethodHandleAccessor.invoke(DirectMethodHandleAccessor.java:103)
	at jdk.proxy2/jdk.proxy2.$Proxy55.execute(Unknown Source)
	at com.kms.katalon.core.webui.model.SeleniumActionRetryController.performAction(SeleniumActionRetryController.java:96)
	at com.kms.katalon.core.webui.model.SeleniumActionRetryController.performAction(SeleniumActionRetryController.java:83)
	at com.kms.katalon.core.webui.keyword.internal.WebUIKeywordMain$_runKeywordUntilTimeout_closure1.doCall(WebUIKeywordMain.groovy:135)
	at com.kms.katalon.core.webui.keyword.internal.WebUIKeywordMain$_runKeywordUntilTimeout_closure1.call(WebUIKeywordMain.groovy)
	at com.kms.katalon.core.webui.keyword.internal.WebUIKeywordMain.runKeyword(WebUIKeywordMain.groovy:41)
	at com.kms.katalon.core.webui.keyword.internal.WebUIKeywordMain.runKeywordUntilTimeout(WebUIKeywordMain.groovy:133)
	at com.kms.katalon.core.webui.keyword.builtin.SetTextKeyword.setText(SetTextKeyword.groovy:106)
	at com.kms.katalon.core.webui.keyword.builtin.SetTextKeyword.execute(SetTextKeyword.groovy:49)
	at com.kms.katalon.core.keyword.internal.KeywordExecutor.executeKeywordForPlatform(KeywordExecutor.groovy:95)
	at com.kms.katalon.core.webui.keyword.WebUiBuiltInKeywords.setText(WebUiBuiltInKeywords.groovy:1081)
	at Script1772719253240.run(Script1772719253240.groovy:22)
	... 13 more
)
[[ATTACHMENT|D:\\VocaGame\\VocaGame\\Reports\\20260306_173637\\Product Order\\20260306_173637\\1772793726660.png]]]]></system-out>
         <system-err><![CDATA[06-03-2026T17:41:33 - [TEST_CASE][FAILED] - Test Cases/Product Order/TC_PO_06: Test Cases/Product Order/TC_PO_06 FAILED.
Reason:
com.kms.katalon.core.exception.StepFailedException: Unable to set text 'Mobile Legend' of object 'Object Repository/Product Order/input_Indonesia_cy-search-product'
	at com.kms.katalon.core.webui.keyword.internal.WebUIKeywordMain.stepFailed(WebUIKeywordMain.groovy:177)
	at com.kms.katalon.core.webui.keyword.internal.WebUIKeywordMain.runKeyword(WebUIKeywordMain.groovy:49)
	at com.kms.katalon.core.webui.keyword.internal.WebUIKeywordMain.runKeywordUntilTimeout(WebUIKeywordMain.groovy:133)
	at com.kms.katalon.core.webui.keyword.builtin.SetTextKeyword.setText(SetTextKeyword.groovy:106)
	at com.kms.katalon.core.webui.keyword.builtin.SetTextKeyword.execute(SetTextKeyword.groovy:49)
	at com.kms.katalon.core.keyword.internal.KeywordExecutor.executeKeywordForPlatform(KeywordExecutor.groovy:95)
	at com.kms.katalon.core.webui.keyword.WebUiBuiltInKeywords.setText(WebUiBuiltInKeywords.groovy:1081)
	at TC_PO_06.run(TC_PO_06:22)
	at com.kms.katalon.core.main.ScriptEngine.run(ScriptEngine.java:194)
	at com.kms.katalon.core.main.ScriptEngine.runScriptAsRawText(ScriptEngine.java:119)
	at com.kms.katalon.core.main.TestCaseExecutor.runScript(TestCaseExecutor.java:502)
	at com.kms.katalon.core.main.TestCaseExecutor.doExecute(TestCaseExecutor.java:493)
	at com.kms.katalon.core.main.TestCaseExecutor.processExecutionPhase(TestCaseExecutor.java:472)
	at com.kms.katalon.core.main.TestCaseExecutor.accessMainPhase(TestCaseExecutor.java:464)
	at com.kms.katalon.core.main.TestCaseExecutor.execute(TestCaseExecutor.java:334)
	at com.kms.katalon.core.common.CommonExecutor.accessTestCaseMainPhase(CommonExecutor.java:71)
	at com.kms.katalon.core.main.TestSuiteExecutor.accessTestSuiteMainPhase(TestSuiteExecutor.java:163)
	at com.kms.katalon.core.main.TestSuiteExecutor.execute(TestSuiteExecutor.java:120)
	at com.kms.katalon.core.main.TestCaseMain.startTestSuite(TestCaseMain.java:205)
	at S0.run(S0.groovy:40)
	at java.base/jdk.internal.reflect.DirectMethodHandleAccessor.invoke(DirectMethodHandleAccessor.java:103)
Caused by: org.openqa.selenium.ElementNotInteractableException: element not interactable
  (Session info: MicrosoftEdge=145.0.3800.82)
Build info: version: '4.39.0', revision: '126f156aee'
System info: os.name: 'Windows 11', os.arch: 'amd64', os.version: '10.0', java.version: '21.0.9'
Driver info: com.kms.katalon.selenium.driver.CEdgeDriver
Command: [55a7500d48df826645fff82d216beffd, clearElement {id=f.7E754D77B2BA65DE685410FE615C1C7F.d.A30CDC893109B6744D30CFC1DBFB7D6F.e.51}]
Capabilities {acceptInsecureCerts: false, browserName: MicrosoftEdge, browserVersion: 145.0.3800.82, fedcm:accounts: true, goog:processID: 9864, ms:edgeOptions: {debuggerAddress: localhost:56548}, msedge: {msedgedriverVersion: 145.0.3800.70 (57ed5ba8de27..., userDataDir: C:\Users\X1CARB~1\AppData\L...}, networkConnectionEnabled: false, pageLoadStrategy: normal, platformName: windows, proxy: Proxy(), se:cdp: ws://localhost:56548/devtoo..., se:cdpVersion: 145.0.3800.82, setWindowRect: true, strictFileInteractability: false, timeouts: {implicit: 0, pageLoad: 300000, script: 30000}, unhandledPromptBehavior: {alert: ignore, beforeUnload: ignore, confirm: ignore, default: ignore, file: ignore, prompt: ignore}, webSocketUrl: ws://localhost:35711/sessio..., webauthn:extension:credBlob: true, webauthn:extension:largeBlob: true, webauthn:extension:minPinLength: true, webauthn:extension:prf: true, webauthn:virtualAuthenticators: true}
Element: [[CEdgeDriver: MicrosoftEdge on windows (55a7500d48df826645fff82d216beffd)] -> xpath: //input[@value='']]
Session ID: 55a7500d48df826645fff82d216beffd
	at java.base/jdk.internal.reflect.DirectConstructorHandleAccessor.newInstance(DirectConstructorHandleAccessor.java:62)
	at org.openqa.selenium.remote.ErrorCodec.decode(ErrorCodec.java:167)
	at org.openqa.selenium.remote.codec.w3c.W3CHttpResponseCodec.decode(W3CHttpResponseCodec.java:142)
	at org.openqa.selenium.remote.codec.w3c.W3CHttpResponseCodec.decode(W3CHttpResponseCodec.java:49)
	at org.openqa.selenium.remote.HttpCommandExecutor.execute(HttpCommandExecutor.java:215)
	at org.openqa.selenium.remote.service.DriverCommandExecutor.invokeExecute(DriverCommandExecutor.java:216)
	at org.openqa.selenium.remote.service.DriverCommandExecutor.execute(DriverCommandExecutor.java:174)
	at org.openqa.selenium.remote.RemoteWebDriver.execute(RemoteWebDriver.java:561)
	at org.openqa.selenium.remote.RemoteWebElement.execute(RemoteWebElement.java:223)
	at org.openqa.selenium.remote.RemoteWebElement.clear(RemoteWebElement.java:129)
	at java.base/jdk.internal.reflect.DirectMethodHandleAccessor.invoke(DirectMethodHandleAccessor.java:103)
	at org.openqa.selenium.support.decorators.WebDriverDecorator.call(WebDriverDecorator.java:326)
	at org.openqa.selenium.support.decorators.DefaultDecorated.call(DefaultDecorated.java:48)
	at org.openqa.selenium.support.decorators.WebDriverDecorator.lambda$createProxyFactory$3(WebDriverDecorator.java:416)
	at net.bytebuddy.renamed.java.lang.Object$ByteBuddy$VacLDJP3.clear(Unknown Source)
	at com.kms.katalon.core.webui.keyword.builtin.SetTextKeyword$_setText_closure1.doCall(SetTextKeyword.groovy:72)
	at java.base/jdk.internal.reflect.DirectMethodHandleAccessor.invoke(DirectMethodHandleAccessor.java:103)
	at jdk.proxy2/jdk.proxy2.$Proxy55.execute(Unknown Source)
	at com.kms.katalon.core.webui.model.SeleniumActionRetryController.performAction(SeleniumActionRetryController.java:96)
	at com.kms.katalon.core.webui.model.SeleniumActionRetryController.performAction(SeleniumActionRetryController.java:83)
	at com.kms.katalon.core.webui.keyword.internal.WebUIKeywordMain$_runKeywordUntilTimeout_closure1.doCall(WebUIKeywordMain.groovy:135)
	at com.kms.katalon.core.webui.keyword.internal.WebUIKeywordMain$_runKeywordUntilTimeout_closure1.call(WebUIKeywordMain.groovy)
	at com.kms.katalon.core.webui.keyword.internal.WebUIKeywordMain.runKeyword(WebUIKeywordMain.groovy:41)
	... 19 more]]></system-err>
      </testcase>
      <system-out><![CDATA[06-03-2026T17:36:45 - [TEST_SUITE][FAILED] - Product Order: null]]></system-out>
      <system-err><![CDATA[06-03-2026T17:36:45 - [TEST_SUITE][FAILED] - Product Order: null]]></system-err>
   </testsuite>
</testsuites>
